<?xml version="1.0" encoding="UTF-8"?>
<coverage generated="1753204775898" clover="3.2.0">
  <project timestamp="1753204775898" name="All files">
    <metrics statements="1184" coveredstatements="647" conditionals="476" coveredconditionals="226" methods="297" coveredmethods="187" elements="1957" coveredelements="1060" complexity="0" loc="1184" ncloc="1184" packages="30" files="83" classes="83"/>
    <package name="app">
      <metrics statements="37" coveredstatements="4" conditionals="0" coveredconditionals="0" methods="9" coveredmethods="0"/>
      <file name="appRoutes.ts" path="/Users/florianogomez/development/Learning/OpenClassrooms/Développeur d'application - JavaScript React/Projet 14 - Faites passer une librairie jQuery vers React/hrnet-react/app/appRoutes.ts">
        <metrics statements="1" coveredstatements="1" conditionals="0" coveredconditionals="0" methods="0" coveredmethods="0"/>
        <line num="10" count="5" type="stmt"/>
      </file>
      <file name="appcrypto.ts" path="/Users/florianogomez/development/Learning/OpenClassrooms/Développeur d'application - JavaScript React/Projet 14 - Faites passer une librairie jQuery vers React/hrnet-react/app/appcrypto.ts">
        <metrics statements="35" coveredstatements="2" conditionals="0" coveredconditionals="0" methods="9" coveredmethods="0"/>
        <line num="21" count="19" type="stmt"/>
        <line num="22" count="19" type="stmt"/>
        <line num="34" count="0" type="stmt"/>
        <line num="35" count="0" type="stmt"/>
        <line num="36" count="0" type="stmt"/>
        <line num="38" count="0" type="stmt"/>
        <line num="45" count="0" type="stmt"/>
        <line num="47" count="0" type="stmt"/>
        <line num="48" count="0" type="stmt"/>
        <line num="50" count="0" type="stmt"/>
        <line num="63" count="0" type="stmt"/>
        <line num="64" count="0" type="stmt"/>
        <line num="67" count="0" type="stmt"/>
        <line num="68" count="0" type="stmt"/>
        <line num="70" count="0" type="stmt"/>
        <line num="72" count="0" type="stmt"/>
        <line num="78" count="0" type="stmt"/>
        <line num="89" count="0" type="stmt"/>
        <line num="91" count="0" type="stmt"/>
        <line num="99" count="0" type="stmt"/>
        <line num="121" count="0" type="stmt"/>
        <line num="122" count="0" type="stmt"/>
        <line num="124" count="0" type="stmt"/>
        <line num="135" count="0" type="stmt"/>
        <line num="136" count="0" type="stmt"/>
        <line num="137" count="0" type="stmt"/>
        <line num="139" count="0" type="stmt"/>
        <line num="150" count="0" type="stmt"/>
        <line num="151" count="0" type="stmt"/>
        <line num="153" count="0" type="stmt"/>
        <line num="166" count="0" type="stmt"/>
        <line num="167" count="0" type="stmt"/>
        <line num="168" count="0" type="stmt"/>
        <line num="170" count="0" type="stmt"/>
        <line num="184" count="0" type="stmt"/>
      </file>
      <file name="config.ts" path="/Users/florianogomez/development/Learning/OpenClassrooms/Développeur d'application - JavaScript React/Projet 14 - Faites passer une librairie jQuery vers React/hrnet-react/app/config.ts">
        <metrics statements="1" coveredstatements="1" conditionals="0" coveredconditionals="0" methods="0" coveredmethods="0"/>
        <line num="11" count="33" type="stmt"/>
      </file>
    </package>
    <package name="app.components">
      <metrics statements="28" coveredstatements="28" conditionals="64" coveredconditionals="50" methods="6" coveredmethods="6"/>
      <file name="Alert.tsx" path="/Users/florianogomez/development/Learning/OpenClassrooms/Développeur d'application - JavaScript React/Projet 14 - Faites passer une librairie jQuery vers React/hrnet-react/app/components/Alert.tsx">
        <metrics statements="1" coveredstatements="1" conditionals="6" coveredconditionals="6" methods="1" coveredmethods="1"/>
        <line num="40" count="6" type="stmt"/>
      </file>
      <file name="AppConfirmationModal.tsx" path="/Users/florianogomez/development/Learning/OpenClassrooms/Développeur d'application - JavaScript React/Projet 14 - Faites passer une librairie jQuery vers React/hrnet-react/app/components/AppConfirmationModal.tsx">
        <metrics statements="3" coveredstatements="3" conditionals="26" coveredconditionals="17" methods="1" coveredmethods="1"/>
        <line num="18" count="6" type="stmt"/>
        <line num="31" count="10" type="cond" truecount="2" falsecount="0"/>
        <line num="33" count="3" type="stmt"/>
      </file>
      <file name="FullscreenLoader.tsx" path="/Users/florianogomez/development/Learning/OpenClassrooms/Développeur d'application - JavaScript React/Projet 14 - Faites passer une librairie jQuery vers React/hrnet-react/app/components/FullscreenLoader.tsx">
        <metrics statements="1" coveredstatements="1" conditionals="0" coveredconditionals="0" methods="1" coveredmethods="1"/>
        <line num="15" count="2" type="stmt"/>
      </file>
      <file name="Loader.tsx" path="/Users/florianogomez/development/Learning/OpenClassrooms/Développeur d'application - JavaScript React/Projet 14 - Faites passer une librairie jQuery vers React/hrnet-react/app/components/Loader.tsx">
        <metrics statements="1" coveredstatements="1" conditionals="2" coveredconditionals="2" methods="1" coveredmethods="1"/>
        <line num="41" count="4" type="stmt"/>
      </file>
      <file name="PageTitle.tsx" path="/Users/florianogomez/development/Learning/OpenClassrooms/Développeur d'application - JavaScript React/Projet 14 - Faites passer une librairie jQuery vers React/hrnet-react/app/components/PageTitle.tsx">
        <metrics statements="22" coveredstatements="22" conditionals="30" coveredconditionals="25" methods="2" coveredmethods="2"/>
        <line num="4" count="4" type="stmt"/>
        <line num="16" count="7" type="stmt"/>
        <line num="17" count="7" type="cond" truecount="1" falsecount="1"/>
        <line num="19" count="7" type="stmt"/>
        <line num="20" count="7" type="cond" truecount="2" falsecount="0"/>
        <line num="21" count="4" type="cond" truecount="1" falsecount="1"/>
        <line num="24" count="7" type="stmt"/>
        <line num="25" count="7" type="cond" truecount="2" falsecount="0"/>
        <line num="26" count="4" type="stmt"/>
        <line num="33" count="7" type="stmt"/>
        <line num="34" count="7" type="cond" truecount="2" falsecount="0"/>
        <line num="35" count="4" type="cond" truecount="1" falsecount="1"/>
        <line num="39" count="7" type="stmt"/>
        <line num="40" count="7" type="cond" truecount="2" falsecount="0"/>
        <line num="41" count="4" type="stmt"/>
        <line num="47" count="7" type="stmt"/>
        <line num="48" count="7" type="cond" truecount="2" falsecount="0"/>
        <line num="49" count="4" type="cond" truecount="1" falsecount="1"/>
        <line num="52" count="7" type="stmt"/>
        <line num="53" count="7" type="cond" truecount="2" falsecount="0"/>
        <line num="54" count="4" type="stmt"/>
        <line num="62" count="7" type="stmt"/>
      </file>
    </package>
    <package name="app.components.layout">
      <metrics statements="4" coveredstatements="4" conditionals="4" coveredconditionals="4" methods="2" coveredmethods="2"/>
      <file name="HorizontalNavigation.tsx" path="/Users/florianogomez/development/Learning/OpenClassrooms/Développeur d'application - JavaScript React/Projet 14 - Faites passer une librairie jQuery vers React/hrnet-react/app/components/layout/HorizontalNavigation.tsx">
        <metrics statements="4" coveredstatements="4" conditionals="4" coveredconditionals="4" methods="2" coveredmethods="2"/>
        <line num="35" count="4" type="stmt"/>
        <line num="36" count="9" type="stmt"/>
        <line num="38" count="9" type="stmt"/>
        <line num="50" count="27" type="stmt"/>
      </file>
    </package>
    <package name="app.components.wrappers">
      <metrics statements="13" coveredstatements="13" conditionals="2" coveredconditionals="2" methods="4" coveredmethods="4"/>
      <file name="AppProvidersWrapper.tsx" path="/Users/florianogomez/development/Learning/OpenClassrooms/Développeur d'application - JavaScript React/Projet 14 - Faites passer une librairie jQuery vers React/hrnet-react/app/components/wrappers/AppProvidersWrapper.tsx">
        <metrics statements="13" coveredstatements="13" conditionals="2" coveredconditionals="2" methods="4" coveredmethods="4"/>
        <line num="4" count="1" type="stmt"/>
        <line num="31" count="4" type="stmt"/>
        <line num="32" count="4" type="stmt"/>
        <line num="34" count="4" type="stmt"/>
        <line num="35" count="4" type="stmt"/>
        <line num="36" count="4" type="stmt"/>
        <line num="46" count="4" type="stmt"/>
        <line num="48" count="4" type="stmt"/>
        <line num="50" count="4" type="cond" truecount="2" falsecount="0"/>
        <line num="51" count="4" type="stmt"/>
        <line num="53" count="4" type="stmt"/>
        <line num="55" count="4" type="stmt"/>
        <line num="65" count="4" type="stmt"/>
      </file>
    </package>
    <package name="app.context">
      <metrics statements="12" coveredstatements="12" conditionals="2" coveredconditionals="2" methods="4" coveredmethods="4"/>
      <file name="LayoutContext.tsx" path="/Users/florianogomez/development/Learning/OpenClassrooms/Développeur d'application - JavaScript React/Projet 14 - Faites passer une librairie jQuery vers React/hrnet-react/app/context/LayoutContext.tsx">
        <metrics statements="12" coveredstatements="12" conditionals="2" coveredconditionals="2" methods="4" coveredmethods="4"/>
        <line num="27" count="3" type="stmt"/>
        <line num="34" count="3" type="stmt"/>
        <line num="35" count="7" type="stmt"/>
        <line num="36" count="6" type="cond" truecount="2" falsecount="0"/>
        <line num="37" count="2" type="stmt"/>
        <line num="39" count="4" type="stmt"/>
        <line num="49" count="3" type="stmt"/>
        <line num="50" count="6" type="stmt"/>
        <line num="55" count="6" type="stmt"/>
        <line num="56" count="2" type="stmt"/>
        <line num="59" count="6" type="stmt"/>
        <line num="64" count="6" type="stmt"/>
      </file>
    </package>
    <package name="app.enums">
      <metrics statements="0" coveredstatements="0" conditionals="0" coveredconditionals="0" methods="0" coveredmethods="0"/>
      <file name="AlertVariantEnum.ts" path="/Users/florianogomez/development/Learning/OpenClassrooms/Développeur d'application - JavaScript React/Projet 14 - Faites passer une librairie jQuery vers React/hrnet-react/app/enums/AlertVariantEnum.ts">
        <metrics statements="0" coveredstatements="0" conditionals="0" coveredconditionals="0" methods="0" coveredmethods="0"/>
      </file>
      <file name="ApiModeEnum.ts" path="/Users/florianogomez/development/Learning/OpenClassrooms/Développeur d'application - JavaScript React/Projet 14 - Faites passer une librairie jQuery vers React/hrnet-react/app/enums/ApiModeEnum.ts">
        <metrics statements="0" coveredstatements="0" conditionals="0" coveredconditionals="0" methods="0" coveredmethods="0"/>
      </file>
      <file name="EnvEnum.ts" path="/Users/florianogomez/development/Learning/OpenClassrooms/Développeur d'application - JavaScript React/Projet 14 - Faites passer une librairie jQuery vers React/hrnet-react/app/enums/EnvEnum.ts">
        <metrics statements="0" coveredstatements="0" conditionals="0" coveredconditionals="0" methods="0" coveredmethods="0"/>
      </file>
    </package>
    <package name="app.layouts">
      <metrics statements="4" coveredstatements="4" conditionals="0" coveredconditionals="0" methods="2" coveredmethods="2"/>
      <file name="HRnetLayout.tsx" path="/Users/florianogomez/development/Learning/OpenClassrooms/Développeur d'application - JavaScript React/Projet 14 - Faites passer une librairie jQuery vers React/hrnet-react/app/layouts/HRnetLayout.tsx">
        <metrics statements="1" coveredstatements="1" conditionals="0" coveredconditionals="0" methods="1" coveredmethods="1"/>
        <line num="14" count="2" type="stmt"/>
      </file>
      <file name="HorizontalLayout.tsx" path="/Users/florianogomez/development/Learning/OpenClassrooms/Développeur d'application - JavaScript React/Projet 14 - Faites passer une librairie jQuery vers React/hrnet-react/app/layouts/HorizontalLayout.tsx">
        <metrics statements="3" coveredstatements="3" conditionals="0" coveredconditionals="0" methods="1" coveredmethods="1"/>
        <line num="14" count="3" type="stmt"/>
        <line num="18" count="5" type="stmt"/>
        <line num="24" count="5" type="stmt"/>
      </file>
    </package>
    <package name="app.modules.employee">
      <metrics statements="4" coveredstatements="4" conditionals="0" coveredconditionals="0" methods="2" coveredmethods="2"/>
      <file name="routes.ts" path="/Users/florianogomez/development/Learning/OpenClassrooms/Développeur d'application - JavaScript React/Projet 14 - Faites passer une librairie jQuery vers React/hrnet-react/app/modules/employee/routes.ts">
        <metrics statements="4" coveredstatements="4" conditionals="0" coveredconditionals="0" methods="2" coveredmethods="2"/>
        <line num="3" count="6" type="stmt"/>
        <line num="13" count="6" type="stmt"/>
        <line num="25" count="1" type="stmt"/>
        <line num="32" count="1" type="stmt"/>
      </file>
    </package>
    <package name="app.modules.employee.actions">
      <metrics statements="67" coveredstatements="67" conditionals="15" coveredconditionals="13" methods="5" coveredmethods="5"/>
      <file name="createEmployeeAction.ts" path="/Users/florianogomez/development/Learning/OpenClassrooms/Développeur d'application - JavaScript React/Projet 14 - Faites passer une librairie jQuery vers React/hrnet-react/app/modules/employee/actions/createEmployeeAction.ts">
        <metrics statements="14" coveredstatements="14" conditionals="2" coveredconditionals="2" methods="1" coveredmethods="1"/>
        <line num="9" count="7" type="stmt"/>
        <line num="24" count="7" type="stmt"/>
        <line num="27" count="3" type="stmt"/>
        <line num="28" count="3" type="stmt"/>
        <line num="30" count="3" type="stmt"/>
        <line num="31" count="3" type="stmt"/>
        <line num="33" count="2" type="cond" truecount="2" falsecount="0"/>
        <line num="34" count="1" type="stmt"/>
        <line num="35" count="1" type="stmt"/>
        <line num="39" count="1" type="stmt"/>
        <line num="41" count="1" type="stmt"/>
        <line num="42" count="1" type="stmt"/>
        <line num="44" count="2" type="stmt"/>
        <line num="45" count="2" type="stmt"/>
      </file>
      <file name="deleteEmployeeAction.ts" path="/Users/florianogomez/development/Learning/OpenClassrooms/Développeur d'application - JavaScript React/Projet 14 - Faites passer une librairie jQuery vers React/hrnet-react/app/modules/employee/actions/deleteEmployeeAction.ts">
        <metrics statements="13" coveredstatements="13" conditionals="2" coveredconditionals="2" methods="1" coveredmethods="1"/>
        <line num="6" count="5" type="stmt"/>
        <line num="21" count="5" type="stmt"/>
        <line num="24" count="3" type="stmt"/>
        <line num="25" count="3" type="stmt"/>
        <line num="27" count="3" type="stmt"/>
        <line num="28" count="3" type="stmt"/>
        <line num="30" count="2" type="cond" truecount="2" falsecount="0"/>
        <line num="31" count="1" type="stmt"/>
        <line num="32" count="1" type="stmt"/>
        <line num="35" count="1" type="stmt"/>
        <line num="36" count="1" type="stmt"/>
        <line num="38" count="2" type="stmt"/>
        <line num="39" count="2" type="stmt"/>
      </file>
      <file name="findEmployeeAction.ts" path="/Users/florianogomez/development/Learning/OpenClassrooms/Développeur d'application - JavaScript React/Projet 14 - Faites passer une librairie jQuery vers React/hrnet-react/app/modules/employee/actions/findEmployeeAction.ts">
        <metrics statements="13" coveredstatements="13" conditionals="2" coveredconditionals="2" methods="1" coveredmethods="1"/>
        <line num="7" count="6" type="stmt"/>
        <line num="22" count="6" type="stmt"/>
        <line num="25" count="3" type="stmt"/>
        <line num="26" count="3" type="stmt"/>
        <line num="28" count="3" type="stmt"/>
        <line num="29" count="3" type="stmt"/>
        <line num="31" count="2" type="cond" truecount="2" falsecount="0"/>
        <line num="32" count="1" type="stmt"/>
        <line num="33" count="1" type="stmt"/>
        <line num="36" count="1" type="stmt"/>
        <line num="37" count="1" type="stmt"/>
        <line num="39" count="2" type="stmt"/>
        <line num="40" count="2" type="stmt"/>
      </file>
      <file name="getEmployeesAction.ts" path="/Users/florianogomez/development/Learning/OpenClassrooms/Développeur d'application - JavaScript React/Projet 14 - Faites passer une librairie jQuery vers React/hrnet-react/app/modules/employee/actions/getEmployeesAction.ts">
        <metrics statements="13" coveredstatements="13" conditionals="7" coveredconditionals="5" methods="1" coveredmethods="1"/>
        <line num="8" count="5" type="stmt"/>
        <line num="23" count="5" type="stmt"/>
        <line num="26" count="3" type="stmt"/>
        <line num="27" count="3" type="stmt"/>
        <line num="29" count="3" type="stmt"/>
        <line num="30" count="3" type="stmt"/>
        <line num="32" count="2" type="cond" truecount="2" falsecount="0"/>
        <line num="33" count="1" type="stmt"/>
        <line num="34" count="1" type="stmt"/>
        <line num="37" count="1" type="cond" truecount="1" falsecount="1"/>
        <line num="38" count="1" type="cond" truecount="1" falsecount="1"/>
        <line num="40" count="2" type="stmt"/>
        <line num="41" count="2" type="stmt"/>
      </file>
      <file name="index.ts" path="/Users/florianogomez/development/Learning/OpenClassrooms/Développeur d'application - JavaScript React/Projet 14 - Faites passer une librairie jQuery vers React/hrnet-react/app/modules/employee/actions/index.ts">
        <metrics statements="0" coveredstatements="0" conditionals="0" coveredconditionals="0" methods="0" coveredmethods="0"/>
      </file>
      <file name="updateEmployeeAction.ts" path="/Users/florianogomez/development/Learning/OpenClassrooms/Développeur d'application - JavaScript React/Projet 14 - Faites passer une librairie jQuery vers React/hrnet-react/app/modules/employee/actions/updateEmployeeAction.ts">
        <metrics statements="14" coveredstatements="14" conditionals="2" coveredconditionals="2" methods="1" coveredmethods="1"/>
        <line num="9" count="6" type="stmt"/>
        <line num="25" count="6" type="stmt"/>
        <line num="29" count="3" type="stmt"/>
        <line num="30" count="3" type="stmt"/>
        <line num="32" count="3" type="stmt"/>
        <line num="33" count="3" type="stmt"/>
        <line num="35" count="2" type="cond" truecount="2" falsecount="0"/>
        <line num="36" count="1" type="stmt"/>
        <line num="37" count="1" type="stmt"/>
        <line num="41" count="1" type="stmt"/>
        <line num="43" count="1" type="stmt"/>
        <line num="44" count="1" type="stmt"/>
        <line num="46" count="2" type="stmt"/>
        <line num="47" count="2" type="stmt"/>
      </file>
    </package>
    <package name="app.modules.employee.components">
      <metrics statements="98" coveredstatements="63" conditionals="63" coveredconditionals="37" methods="38" coveredmethods="26"/>
      <file name="EmployeeDataTable.tsx" path="/Users/florianogomez/development/Learning/OpenClassrooms/Développeur d'application - JavaScript React/Projet 14 - Faites passer une librairie jQuery vers React/hrnet-react/app/modules/employee/components/EmployeeDataTable.tsx">
        <metrics statements="58" coveredstatements="36" conditionals="36" coveredconditionals="22" methods="16" coveredmethods="14"/>
        <line num="17" count="6" type="stmt"/>
        <line num="32" count="6" type="stmt"/>
        <line num="41" count="14" type="stmt"/>
        <line num="45" count="14" type="stmt"/>
        <line num="52" count="14" type="stmt"/>
        <line num="53" count="120" type="cond" truecount="1" falsecount="1"/>
        <line num="54" count="0" type="stmt"/>
        <line num="62" count="14" type="stmt"/>
        <line num="63" count="80" type="stmt"/>
        <line num="71" count="14" type="stmt"/>
        <line num="72" count="20" type="stmt"/>
        <line num="78" count="14" type="stmt"/>
        <line num="83" count="80" type="cond" truecount="4" falsecount="0"/>
        <line num="84" count="40" type="stmt"/>
        <line num="93" count="40" type="stmt"/>
        <line num="99" count="60" type="stmt"/>
        <line num="104" count="60" type="stmt"/>
        <line num="109" count="60" type="stmt"/>
        <line num="115" count="60" type="cond" truecount="4" falsecount="0"/>
        <line num="116" count="40" type="stmt"/>
        <line num="123" count="20" type="stmt"/>
        <line num="133" count="40" type="cond" truecount="2" falsecount="0"/>
        <line num="143" count="40" type="cond" truecount="2" falsecount="0"/>
        <line num="153" count="40" type="stmt"/>
        <line num="161" count="14" type="stmt"/>
        <line num="198" count="14" type="stmt"/>
        <line num="199" count="7" type="stmt"/>
        <line num="200" count="0" type="stmt"/>
        <line num="201" count="0" type="stmt"/>
        <line num="203" count="0" type="cond" truecount="0" falsecount="2"/>
        <line num="205" count="0" type="stmt"/>
        <line num="206" count="0" type="cond" truecount="0" falsecount="2"/>
        <line num="208" count="0" type="cond" truecount="0" falsecount="4"/>
        <line num="209" count="0" type="stmt"/>
        <line num="210" count="0" type="stmt"/>
        <line num="211" count="0" type="stmt"/>
        <line num="212" count="0" type="cond" truecount="0" falsecount="4"/>
        <line num="213" count="0" type="stmt"/>
        <line num="214" count="0" type="stmt"/>
        <line num="215" count="0" type="stmt"/>
        <line num="220" count="7" type="stmt"/>
        <line num="222" count="7" type="stmt"/>
        <line num="223" count="7" type="stmt"/>
        <line num="231" count="14" type="stmt"/>
        <line num="232" count="7" type="stmt"/>
        <line num="238" count="14" type="cond" truecount="4" falsecount="0"/>
        <line num="239" count="4" type="stmt"/>
        <line num="252" count="10" type="cond" truecount="4" falsecount="0"/>
        <line num="253" count="2" type="stmt"/>
        <line num="263" count="8" type="stmt"/>
        <line num="274" count="0" type="stmt"/>
        <line num="275" count="0" type="stmt"/>
        <line num="276" count="0" type="stmt"/>
        <line num="277" count="0" type="stmt"/>
        <line num="278" count="0" type="stmt"/>
        <line num="279" count="0" type="stmt"/>
        <line num="280" count="0" type="stmt"/>
        <line num="281" count="0" type="stmt"/>
      </file>
      <file name="EmployeeForm.tsx" path="/Users/florianogomez/development/Learning/OpenClassrooms/Développeur d'application - JavaScript React/Projet 14 - Faites passer une librairie jQuery vers React/hrnet-react/app/modules/employee/components/EmployeeForm.tsx">
        <metrics statements="40" coveredstatements="27" conditionals="27" coveredconditionals="15" methods="22" coveredmethods="12"/>
        <line num="8" count="6" type="stmt"/>
        <line num="9" count="52" type="stmt"/>
        <line num="10" count="52" type="stmt"/>
        <line num="11" count="52" type="cond" truecount="2" falsecount="0"/>
        <line num="20" count="0" type="cond" truecount="0" falsecount="5"/>
        <line num="21" count="0" type="stmt"/>
        <line num="22" count="0" type="stmt"/>
        <line num="23" count="0" type="stmt"/>
        <line num="24" count="0" type="stmt"/>
        <line num="35" count="6" type="stmt"/>
        <line num="67" count="6" type="stmt"/>
        <line num="80" count="9" type="stmt"/>
        <line num="96" count="9" type="stmt"/>
        <line num="101" count="9" type="stmt"/>
        <line num="102" count="9" type="cond" truecount="2" falsecount="0"/>
        <line num="103" count="1" type="stmt"/>
        <line num="111" count="9" type="stmt"/>
        <line num="112" count="5" type="stmt"/>
        <line num="113" count="5" type="stmt"/>
        <line num="123" count="9" type="stmt"/>
        <line num="124" count="1" type="stmt"/>
        <line num="125" count="1" type="stmt"/>
        <line num="126" count="1" type="stmt"/>
        <line num="127" count="1" type="stmt"/>
        <line num="129" count="0" type="stmt"/>
        <line num="136" count="9" type="stmt"/>
        <line num="137" count="0" type="cond" truecount="0" falsecount="2"/>
        <line num="138" count="0" type="stmt"/>
        <line num="140" count="0" type="stmt"/>
        <line num="147" count="9" type="stmt"/>
        <line num="152" count="45" type="stmt"/>
        <line num="157" count="531" type="stmt"/>
        <line num="166" count="531" type="stmt"/>
        <line num="171" count="9" type="stmt"/>
        <line num="240" count="0" type="stmt"/>
        <line num="260" count="0" type="stmt"/>
        <line num="286" count="13" type="stmt"/>
        <line num="288" count="0" type="cond" truecount="0" falsecount="2"/>
        <line num="343" count="60" type="stmt"/>
        <line num="345" count="0" type="cond" truecount="0" falsecount="2"/>
      </file>
      <file name="index.ts" path="/Users/florianogomez/development/Learning/OpenClassrooms/Développeur d'application - JavaScript React/Projet 14 - Faites passer une librairie jQuery vers React/hrnet-react/app/modules/employee/components/index.ts">
        <metrics statements="0" coveredstatements="0" conditionals="0" coveredconditionals="0" methods="0" coveredmethods="0"/>
      </file>
    </package>
    <package name="app.modules.employee.consumers">
      <metrics statements="91" coveredstatements="57" conditionals="40" coveredconditionals="14" methods="23" coveredmethods="21"/>
      <file name="EmployeeApiConsumer.ts" path="/Users/florianogomez/development/Learning/OpenClassrooms/Développeur d'application - JavaScript React/Projet 14 - Faites passer une librairie jQuery vers React/hrnet-react/app/modules/employee/consumers/EmployeeApiConsumer.ts">
        <metrics statements="2" coveredstatements="2" conditionals="0" coveredconditionals="0" methods="1" coveredmethods="1"/>
        <line num="19" count="17" type="stmt"/>
        <line num="28" count="20" type="stmt"/>
      </file>
      <file name="EmployeeCreateApiConsumer.ts" path="/Users/florianogomez/development/Learning/OpenClassrooms/Développeur d'application - JavaScript React/Projet 14 - Faites passer une librairie jQuery vers React/hrnet-react/app/modules/employee/consumers/EmployeeCreateApiConsumer.ts">
        <metrics statements="16" coveredstatements="11" conditionals="6" coveredconditionals="2" methods="4" coveredmethods="4"/>
        <line num="28" count="2" type="stmt"/>
        <line num="29" count="2" type="stmt"/>
        <line num="30" count="2" type="stmt"/>
        <line num="40" count="2" type="cond" truecount="1" falsecount="1"/>
        <line num="41" count="2" type="stmt"/>
        <line num="44" count="0" type="stmt"/>
        <line num="45" count="0" type="stmt"/>
        <line num="46" count="0" type="stmt"/>
        <line num="48" count="0" type="cond" truecount="0" falsecount="2"/>
        <line num="50" count="0" type="stmt"/>
        <line num="60" count="2" type="stmt"/>
        <line num="61" count="2" type="cond" truecount="1" falsecount="1"/>
        <line num="62" count="2" type="stmt"/>
        <line num="65" count="2" type="stmt"/>
        <line num="83" count="2" type="stmt"/>
        <line num="89" count="2" type="stmt"/>
      </file>
      <file name="EmployeeDeleteApiConsumer.ts" path="/Users/florianogomez/development/Learning/OpenClassrooms/Développeur d'application - JavaScript React/Projet 14 - Faites passer une librairie jQuery vers React/hrnet-react/app/modules/employee/consumers/EmployeeDeleteApiConsumer.ts">
        <metrics statements="19" coveredstatements="11" conditionals="8" coveredconditionals="3" methods="4" coveredmethods="4"/>
        <line num="25" count="2" type="stmt"/>
        <line num="26" count="2" type="stmt"/>
        <line num="27" count="2" type="stmt"/>
        <line num="37" count="2" type="cond" truecount="1" falsecount="1"/>
        <line num="38" count="2" type="stmt"/>
        <line num="41" count="0" type="stmt"/>
        <line num="42" count="0" type="stmt"/>
        <line num="43" count="0" type="stmt"/>
        <line num="45" count="0" type="cond" truecount="0" falsecount="2"/>
        <line num="47" count="0" type="stmt"/>
        <line num="57" count="2" type="stmt"/>
        <line num="58" count="2" type="cond" truecount="1" falsecount="1"/>
        <line num="59" count="2" type="stmt"/>
        <line num="62" count="2" type="stmt"/>
        <line num="64" count="2" type="cond" truecount="1" falsecount="1"/>
        <line num="65" count="2" type="stmt"/>
        <line num="72" count="0" type="stmt"/>
        <line num="75" count="0" type="stmt"/>
        <line num="84" count="0" type="stmt"/>
      </file>
      <file name="EmployeeFindApiConsumer.ts" path="/Users/florianogomez/development/Learning/OpenClassrooms/Développeur d'application - JavaScript React/Projet 14 - Faites passer une librairie jQuery vers React/hrnet-react/app/modules/employee/consumers/EmployeeFindApiConsumer.ts">
        <metrics statements="18" coveredstatements="11" conditionals="8" coveredconditionals="3" methods="4" coveredmethods="4"/>
        <line num="26" count="2" type="stmt"/>
        <line num="27" count="2" type="stmt"/>
        <line num="28" count="2" type="stmt"/>
        <line num="38" count="2" type="cond" truecount="1" falsecount="1"/>
        <line num="39" count="2" type="stmt"/>
        <line num="42" count="0" type="stmt"/>
        <line num="43" count="0" type="stmt"/>
        <line num="44" count="0" type="stmt"/>
        <line num="46" count="0" type="cond" truecount="0" falsecount="2"/>
        <line num="48" count="0" type="stmt"/>
        <line num="58" count="2" type="stmt"/>
        <line num="59" count="2" type="cond" truecount="1" falsecount="1"/>
        <line num="60" count="2" type="stmt"/>
        <line num="62" count="2" type="stmt"/>
        <line num="64" count="2" type="cond" truecount="1" falsecount="1"/>
        <line num="65" count="2" type="stmt"/>
        <line num="72" count="0" type="stmt"/>
        <line num="78" count="0" type="stmt"/>
      </file>
      <file name="EmployeeListApiConsumer.ts" path="/Users/florianogomez/development/Learning/OpenClassrooms/Développeur d'application - JavaScript React/Projet 14 - Faites passer une librairie jQuery vers React/hrnet-react/app/modules/employee/consumers/EmployeeListApiConsumer.ts">
        <metrics statements="16" coveredstatements="11" conditionals="10" coveredconditionals="3" methods="6" coveredmethods="4"/>
        <line num="33" count="2" type="stmt"/>
        <line num="34" count="2" type="stmt"/>
        <line num="35" count="2" type="stmt"/>
        <line num="36" count="2" type="stmt"/>
        <line num="46" count="2" type="cond" truecount="1" falsecount="1"/>
        <line num="47" count="2" type="stmt"/>
        <line num="50" count="0" type="stmt"/>
        <line num="51" count="0" type="stmt"/>
        <line num="52" count="0" type="stmt"/>
        <line num="54" count="0" type="cond" truecount="0" falsecount="2"/>
        <line num="56" count="0" type="cond" truecount="0" falsecount="2"/>
        <line num="66" count="2" type="stmt"/>
        <line num="67" count="2" type="cond" truecount="1" falsecount="1"/>
        <line num="68" count="2" type="stmt"/>
        <line num="71" count="2" type="stmt"/>
        <line num="77" count="2" type="stmt"/>
      </file>
      <file name="EmployeeUpdateApiConsumer.ts" path="/Users/florianogomez/development/Learning/OpenClassrooms/Développeur d'application - JavaScript React/Projet 14 - Faites passer une librairie jQuery vers React/hrnet-react/app/modules/employee/consumers/EmployeeUpdateApiConsumer.ts">
        <metrics statements="20" coveredstatements="11" conditionals="8" coveredconditionals="3" methods="4" coveredmethods="4"/>
        <line num="27" count="2" type="stmt"/>
        <line num="28" count="2" type="stmt"/>
        <line num="29" count="2" type="stmt"/>
        <line num="39" count="2" type="cond" truecount="1" falsecount="1"/>
        <line num="40" count="2" type="stmt"/>
        <line num="43" count="0" type="stmt"/>
        <line num="44" count="0" type="stmt"/>
        <line num="45" count="0" type="stmt"/>
        <line num="47" count="0" type="cond" truecount="0" falsecount="2"/>
        <line num="49" count="0" type="stmt"/>
        <line num="59" count="2" type="stmt"/>
        <line num="60" count="2" type="cond" truecount="1" falsecount="1"/>
        <line num="61" count="2" type="stmt"/>
        <line num="64" count="2" type="stmt"/>
        <line num="66" count="2" type="cond" truecount="1" falsecount="1"/>
        <line num="67" count="2" type="stmt"/>
        <line num="74" count="0" type="stmt"/>
        <line num="81" count="0" type="stmt"/>
        <line num="84" count="0" type="stmt"/>
        <line num="90" count="0" type="stmt"/>
      </file>
    </package>
    <package name="app.modules.employee.data">
      <metrics statements="2" coveredstatements="2" conditionals="0" coveredconditionals="0" methods="0" coveredmethods="0"/>
      <file name="employeeData.ts" path="/Users/florianogomez/development/Learning/OpenClassrooms/Développeur d'application - JavaScript React/Projet 14 - Faites passer une librairie jQuery vers React/hrnet-react/app/modules/employee/data/employeeData.ts">
        <metrics statements="2" coveredstatements="2" conditionals="0" coveredconditionals="0" methods="0" coveredmethods="0"/>
        <line num="6" count="6" type="stmt"/>
        <line num="248" count="6" type="stmt"/>
      </file>
    </package>
    <package name="app.modules.employee.enums">
      <metrics statements="0" coveredstatements="0" conditionals="0" coveredconditionals="0" methods="0" coveredmethods="0"/>
      <file name="EmployeeStorageKeyEnum.ts" path="/Users/florianogomez/development/Learning/OpenClassrooms/Développeur d'application - JavaScript React/Projet 14 - Faites passer une librairie jQuery vers React/hrnet-react/app/modules/employee/enums/EmployeeStorageKeyEnum.ts">
        <metrics statements="0" coveredstatements="0" conditionals="0" coveredconditionals="0" methods="0" coveredmethods="0"/>
      </file>
    </package>
    <package name="app.modules.employee.hooks">
      <metrics statements="96" coveredstatements="23" conditionals="12" coveredconditionals="0" methods="22" coveredmethods="6"/>
      <file name="index.ts" path="/Users/florianogomez/development/Learning/OpenClassrooms/Développeur d'application - JavaScript React/Projet 14 - Faites passer une librairie jQuery vers React/hrnet-react/app/modules/employee/hooks/index.ts">
        <metrics statements="0" coveredstatements="0" conditionals="0" coveredconditionals="0" methods="0" coveredmethods="0"/>
      </file>
      <file name="useConfirmModal.ts" path="/Users/florianogomez/development/Learning/OpenClassrooms/Développeur d'application - JavaScript React/Projet 14 - Faites passer une librairie jQuery vers React/hrnet-react/app/modules/employee/hooks/useConfirmModal.ts">
        <metrics statements="4" coveredstatements="4" conditionals="0" coveredconditionals="0" methods="4" coveredmethods="4"/>
        <line num="10" count="6" type="stmt"/>
        <line num="11" count="6" type="stmt"/>
        <line num="12" count="6" type="stmt"/>
        <line num="13" count="6" type="stmt"/>
      </file>
      <file name="useEmployeeActions.ts" path="/Users/florianogomez/development/Learning/OpenClassrooms/Développeur d'application - JavaScript React/Projet 14 - Faites passer une librairie jQuery vers React/hrnet-react/app/modules/employee/hooks/useEmployeeActions.ts">
        <metrics statements="49" coveredstatements="10" conditionals="6" coveredconditionals="0" methods="11" coveredmethods="1"/>
        <line num="11" count="3" type="stmt"/>
        <line num="13" count="3" type="stmt"/>
        <line num="32" count="3" type="stmt"/>
        <line num="33" count="1" type="stmt"/>
        <line num="34" count="1" type="stmt"/>
        <line num="35" count="1" type="stmt"/>
        <line num="38" count="1" type="stmt"/>
        <line num="39" count="0" type="stmt"/>
        <line num="40" count="0" type="stmt"/>
        <line num="49" count="0" type="stmt"/>
        <line num="50" count="0" type="stmt"/>
        <line num="51" count="0" type="stmt"/>
        <line num="52" count="0" type="stmt"/>
        <line num="53" count="0" type="stmt"/>
        <line num="54" count="0" type="stmt"/>
        <line num="55" count="0" type="stmt"/>
        <line num="57" count="0" type="stmt"/>
        <line num="58" count="0" type="stmt"/>
        <line num="66" count="1" type="stmt"/>
        <line num="67" count="0" type="stmt"/>
        <line num="68" count="0" type="stmt"/>
        <line num="69" count="0" type="stmt"/>
        <line num="70" count="0" type="stmt"/>
        <line num="72" count="0" type="stmt"/>
        <line num="82" count="0" type="stmt"/>
        <line num="83" count="0" type="stmt"/>
        <line num="84" count="0" type="stmt"/>
        <line num="85" count="0" type="stmt"/>
        <line num="86" count="0" type="stmt"/>
        <line num="87" count="0" type="stmt"/>
        <line num="88" count="0" type="stmt"/>
        <line num="89" count="0" type="stmt"/>
        <line num="90" count="0" type="stmt"/>
        <line num="91" count="0" type="stmt"/>
        <line num="93" count="0" type="stmt"/>
        <line num="98" count="1" type="stmt"/>
        <line num="99" count="0" type="stmt"/>
        <line num="100" count="0" type="stmt"/>
        <line num="109" count="0" type="stmt"/>
        <line num="110" count="0" type="stmt"/>
        <line num="111" count="0" type="stmt"/>
        <line num="112" count="0" type="stmt"/>
        <line num="114" count="0" type="stmt"/>
        <line num="115" count="0" type="stmt"/>
        <line num="118" count="0" type="stmt"/>
        <line num="119" count="0" type="stmt"/>
        <line num="121" count="0" type="stmt"/>
        <line num="122" count="0" type="stmt"/>
        <line num="129" count="1" type="stmt"/>
      </file>
      <file name="useEmployeeList.ts" path="/Users/florianogomez/development/Learning/OpenClassrooms/Développeur d'application - JavaScript React/Projet 14 - Faites passer une librairie jQuery vers React/hrnet-react/app/modules/employee/hooks/useEmployeeList.ts">
        <metrics statements="43" coveredstatements="9" conditionals="6" coveredconditionals="0" methods="7" coveredmethods="1"/>
        <line num="24" count="3" type="stmt"/>
        <line num="32" count="3" type="stmt"/>
        <line num="33" count="1" type="stmt"/>
        <line num="34" count="1" type="stmt"/>
        <line num="41" count="1" type="stmt"/>
        <line num="44" count="0" type="stmt"/>
        <line num="45" count="0" type="stmt"/>
        <line num="59" count="0" type="stmt"/>
        <line num="61" count="0" type="stmt"/>
        <line num="70" count="1" type="stmt"/>
        <line num="71" count="0" type="stmt"/>
        <line num="72" count="0" type="stmt"/>
        <line num="73" count="0" type="stmt"/>
        <line num="75" count="0" type="stmt"/>
        <line num="76" count="0" type="cond" truecount="0" falsecount="2"/>
        <line num="78" count="0" type="stmt"/>
        <line num="79" count="0" type="stmt"/>
        <line num="80" count="0" type="stmt"/>
        <line num="83" count="0" type="stmt"/>
        <line num="84" count="0" type="stmt"/>
        <line num="86" count="0" type="stmt"/>
        <line num="96" count="1" type="stmt"/>
        <line num="98" count="0" type="stmt"/>
        <line num="99" count="0" type="stmt"/>
        <line num="100" count="0" type="stmt"/>
        <line num="101" count="0" type="stmt"/>
        <line num="102" count="0" type="cond" truecount="0" falsecount="2"/>
        <line num="103" count="0" type="stmt"/>
        <line num="104" count="0" type="stmt"/>
        <line num="105" count="0" type="stmt"/>
        <line num="106" count="0" type="stmt"/>
        <line num="108" count="0" type="stmt"/>
        <line num="110" count="0" type="stmt"/>
        <line num="111" count="0" type="stmt"/>
        <line num="112" count="0" type="stmt"/>
        <line num="114" count="0" type="stmt"/>
        <line num="125" count="1" type="stmt"/>
        <line num="126" count="0" type="stmt"/>
        <line num="127" count="0" type="stmt"/>
        <line num="128" count="0" type="cond" truecount="0" falsecount="2"/>
        <line num="130" count="0" type="stmt"/>
        <line num="131" count="0" type="stmt"/>
        <line num="135" count="1" type="stmt"/>
      </file>
    </package>
    <package name="app.modules.employee.models">
      <metrics statements="33" coveredstatements="10" conditionals="36" coveredconditionals="17" methods="8" coveredmethods="1"/>
      <file name="EmployeeModel.ts" path="/Users/florianogomez/development/Learning/OpenClassrooms/Développeur d'application - JavaScript React/Projet 14 - Faites passer une librairie jQuery vers React/hrnet-react/app/modules/employee/models/EmployeeModel.ts">
        <metrics statements="33" coveredstatements="10" conditionals="36" coveredconditionals="17" methods="8" coveredmethods="1"/>
        <line num="33" count="5" type="stmt"/>
        <line num="34" count="5" type="cond" truecount="2" falsecount="0"/>
        <line num="35" count="5" type="cond" truecount="1" falsecount="1"/>
        <line num="36" count="5" type="cond" truecount="2" falsecount="0"/>
        <line num="37" count="5" type="cond" truecount="2" falsecount="0"/>
        <line num="38" count="5" type="cond" truecount="2" falsecount="0"/>
        <line num="39" count="5" type="cond" truecount="2" falsecount="0"/>
        <line num="40" count="5" type="cond" truecount="2" falsecount="0"/>
        <line num="41" count="5" type="cond" truecount="2" falsecount="0"/>
        <line num="42" count="5" type="cond" truecount="2" falsecount="0"/>
        <line num="49" count="0" type="stmt"/>
        <line num="67" count="0" type="stmt"/>
        <line num="74" count="0" type="cond" truecount="0" falsecount="2"/>
        <line num="75" count="0" type="stmt"/>
        <line num="76" count="0" type="stmt"/>
        <line num="77" count="0" type="stmt"/>
        <line num="78" count="0" type="stmt"/>
        <line num="79" count="0" type="cond" truecount="0" falsecount="5"/>
        <line num="80" count="0" type="stmt"/>
        <line num="82" count="0" type="stmt"/>
        <line num="89" count="0" type="stmt"/>
        <line num="96" count="0" type="cond" truecount="0" falsecount="2"/>
        <line num="97" count="0" type="stmt"/>
        <line num="104" count="0" type="cond" truecount="0" falsecount="2"/>
        <line num="105" count="0" type="stmt"/>
        <line num="112" count="0" type="cond" truecount="0" falsecount="2"/>
        <line num="113" count="0" type="stmt"/>
        <line num="114" count="0" type="stmt"/>
        <line num="115" count="0" type="stmt"/>
        <line num="116" count="0" type="stmt"/>
        <line num="117" count="0" type="cond" truecount="0" falsecount="5"/>
        <line num="118" count="0" type="stmt"/>
        <line num="120" count="0" type="stmt"/>
      </file>
      <file name="index.ts" path="/Users/florianogomez/development/Learning/OpenClassrooms/Développeur d'application - JavaScript React/Projet 14 - Faites passer une librairie jQuery vers React/hrnet-react/app/modules/employee/models/index.ts">
        <metrics statements="0" coveredstatements="0" conditionals="0" coveredconditionals="0" methods="0" coveredmethods="0"/>
      </file>
    </package>
    <package name="app.modules.employee.services">
      <metrics statements="184" coveredstatements="20" conditionals="48" coveredconditionals="5" methods="32" coveredmethods="9"/>
      <file name="EmployeeStorageService.ts" path="/Users/florianogomez/development/Learning/OpenClassrooms/Développeur d'application - JavaScript React/Projet 14 - Faites passer une librairie jQuery vers React/hrnet-react/app/modules/employee/services/EmployeeStorageService.ts">
        <metrics statements="184" coveredstatements="20" conditionals="48" coveredconditionals="5" methods="32" coveredmethods="9"/>
        <line num="11" count="18" type="stmt"/>
        <line num="22" count="25" type="stmt"/>
        <line num="30" count="9" type="stmt"/>
        <line num="31" count="0" type="cond" truecount="0" falsecount="2"/>
        <line num="32" count="9" type="cond" truecount="1" falsecount="1"/>
        <line num="41" count="1" type="stmt"/>
        <line num="42" count="0" type="cond" truecount="0" falsecount="2"/>
        <line num="43" count="1" type="cond" truecount="1" falsecount="1"/>
        <line num="52" count="1" type="stmt"/>
        <line num="53" count="0" type="cond" truecount="0" falsecount="2"/>
        <line num="54" count="1" type="stmt"/>
        <line num="63" count="0" type="stmt"/>
        <line num="64" count="0" type="stmt"/>
        <line num="65" count="0" type="stmt"/>
        <line num="67" count="0" type="stmt"/>
        <line num="76" count="0" type="stmt"/>
        <line num="77" count="0" type="stmt"/>
        <line num="78" count="0" type="stmt"/>
        <line num="80" count="0" type="stmt"/>
        <line num="90" count="0" type="stmt"/>
        <line num="92" count="0" type="cond" truecount="0" falsecount="2"/>
        <line num="93" count="0" type="stmt"/>
        <line num="96" count="0" type="cond" truecount="0" falsecount="2"/>
        <line num="97" count="0" type="stmt"/>
        <line num="98" count="0" type="stmt"/>
        <line num="99" count="0" type="stmt"/>
        <line num="102" count="0" type="stmt"/>
        <line num="105" count="0" type="stmt"/>
        <line num="107" count="0" type="stmt"/>
        <line num="108" count="0" type="stmt"/>
        <line num="109" count="0" type="stmt"/>
        <line num="110" count="0" type="stmt"/>
        <line num="118" count="8" type="stmt"/>
        <line num="120" count="8" type="stmt"/>
        <line num="121" count="8" type="stmt"/>
        <line num="123" count="8" type="cond" truecount="1" falsecount="1"/>
        <line num="124" count="0" type="stmt"/>
        <line num="126" count="0" type="stmt"/>
        <line num="127" count="0" type="stmt"/>
        <line num="129" count="8" type="stmt"/>
        <line num="130" count="8" type="stmt"/>
        <line num="131" count="8" type="stmt"/>
        <line num="132" count="8" type="stmt"/>
        <line num="135" count="0" type="stmt"/>
        <line num="136" count="0" type="stmt"/>
        <line num="137" count="0" type="stmt"/>
        <line num="138" count="0" type="stmt"/>
        <line num="148" count="0" type="stmt"/>
        <line num="156" count="0" type="stmt"/>
        <line num="158" count="0" type="stmt"/>
        <line num="161" count="0" type="cond" truecount="0" falsecount="2"/>
        <line num="166" count="0" type="stmt"/>
        <line num="167" count="0" type="cond" truecount="0" falsecount="2"/>
        <line num="168" count="0" type="stmt"/>
        <line num="169" count="0" type="stmt"/>
        <line num="170" count="0" type="stmt"/>
        <line num="171" count="0" type="stmt"/>
        <line num="172" count="0" type="stmt"/>
        <line num="176" count="0" type="stmt"/>
        <line num="183" count="0" type="stmt"/>
        <line num="184" count="0" type="stmt"/>
        <line num="185" count="0" type="stmt"/>
        <line num="186" count="0" type="stmt"/>
        <line num="188" count="0" type="stmt"/>
        <line num="192" count="0" type="stmt"/>
        <line num="194" count="0" type="stmt"/>
        <line num="195" count="0" type="stmt"/>
        <line num="196" count="0" type="stmt"/>
        <line num="197" count="0" type="stmt"/>
        <line num="198" count="0" type="stmt"/>
        <line num="207" count="0" type="stmt"/>
        <line num="208" count="0" type="stmt"/>
        <line num="211" count="0" type="cond" truecount="0" falsecount="2"/>
        <line num="215" count="0" type="cond" truecount="0" falsecount="2"/>
        <line num="216" count="0" type="stmt"/>
        <line num="219" count="0" type="stmt"/>
        <line num="220" count="0" type="stmt"/>
        <line num="222" count="0" type="cond" truecount="0" falsecount="2"/>
        <line num="223" count="0" type="stmt"/>
        <line num="224" count="0" type="stmt"/>
        <line num="225" count="0" type="stmt"/>
        <line num="226" count="0" type="stmt"/>
        <line num="227" count="0" type="stmt"/>
        <line num="230" count="0" type="stmt"/>
        <line num="237" count="0" type="stmt"/>
        <line num="238" count="0" type="stmt"/>
        <line num="239" count="0" type="stmt"/>
        <line num="241" count="0" type="stmt"/>
        <line num="245" count="0" type="stmt"/>
        <line num="247" count="0" type="stmt"/>
        <line num="248" count="0" type="stmt"/>
        <line num="249" count="0" type="stmt"/>
        <line num="250" count="0" type="stmt"/>
        <line num="251" count="0" type="stmt"/>
        <line num="261" count="0" type="stmt"/>
        <line num="262" count="0" type="stmt"/>
        <line num="264" count="0" type="stmt"/>
        <line num="265" count="0" type="stmt"/>
        <line num="267" count="0" type="cond" truecount="0" falsecount="2"/>
        <line num="268" count="0" type="stmt"/>
        <line num="269" count="0" type="stmt"/>
        <line num="270" count="0" type="stmt"/>
        <line num="271" count="0" type="stmt"/>
        <line num="272" count="0" type="stmt"/>
        <line num="275" count="0" type="stmt"/>
        <line num="282" count="0" type="stmt"/>
        <line num="283" count="0" type="stmt"/>
        <line num="285" count="0" type="stmt"/>
        <line num="289" count="0" type="stmt"/>
        <line num="291" count="0" type="stmt"/>
        <line num="292" count="0" type="stmt"/>
        <line num="293" count="0" type="stmt"/>
        <line num="294" count="0" type="stmt"/>
        <line num="295" count="0" type="stmt"/>
        <line num="304" count="0" type="stmt"/>
        <line num="305" count="0" type="stmt"/>
        <line num="307" count="0" type="stmt"/>
        <line num="308" count="0" type="stmt"/>
        <line num="310" count="0" type="cond" truecount="0" falsecount="2"/>
        <line num="311" count="0" type="stmt"/>
        <line num="312" count="0" type="stmt"/>
        <line num="313" count="0" type="stmt"/>
        <line num="314" count="0" type="stmt"/>
        <line num="315" count="0" type="stmt"/>
        <line num="318" count="0" type="stmt"/>
        <line num="319" count="0" type="stmt"/>
        <line num="321" count="0" type="stmt"/>
        <line num="323" count="0" type="stmt"/>
        <line num="327" count="0" type="stmt"/>
        <line num="329" count="0" type="stmt"/>
        <line num="330" count="0" type="stmt"/>
        <line num="331" count="0" type="stmt"/>
        <line num="332" count="0" type="stmt"/>
        <line num="333" count="0" type="stmt"/>
        <line num="343" count="6" type="stmt"/>
        <line num="344" count="6" type="stmt"/>
        <line num="345" count="6" type="cond" truecount="2" falsecount="0"/>
        <line num="347" count="0" type="stmt"/>
        <line num="348" count="0" type="stmt"/>
        <line num="349" count="0" type="stmt"/>
        <line num="350" count="0" type="stmt"/>
        <line num="360" count="0" type="stmt"/>
        <line num="361" count="0" type="stmt"/>
        <line num="362" count="0" type="cond" truecount="0" falsecount="2"/>
        <line num="364" count="0" type="stmt"/>
        <line num="365" count="0" type="cond" truecount="0" falsecount="2"/>
        <line num="366" count="0" type="stmt"/>
        <line num="367" count="0" type="stmt"/>
        <line num="370" count="0" type="stmt"/>
        <line num="371" count="0" type="stmt"/>
        <line num="373" count="0" type="stmt"/>
        <line num="374" count="0" type="stmt"/>
        <line num="375" count="0" type="stmt"/>
        <line num="376" count="0" type="stmt"/>
        <line num="387" count="0" type="stmt"/>
        <line num="388" count="0" type="stmt"/>
        <line num="389" count="0" type="cond" truecount="0" falsecount="2"/>
        <line num="391" count="0" type="stmt"/>
        <line num="392" count="0" type="cond" truecount="0" falsecount="2"/>
        <line num="395" count="0" type="cond" truecount="0" falsecount="2"/>
        <line num="396" count="0" type="stmt"/>
        <line num="397" count="0" type="stmt"/>
        <line num="400" count="0" type="stmt"/>
        <line num="401" count="0" type="stmt"/>
        <line num="403" count="0" type="stmt"/>
        <line num="404" count="0" type="stmt"/>
        <line num="405" count="0" type="stmt"/>
        <line num="406" count="0" type="stmt"/>
        <line num="415" count="0" type="stmt"/>
        <line num="416" count="0" type="stmt"/>
        <line num="417" count="0" type="stmt"/>
        <line num="418" count="0" type="stmt"/>
        <line num="420" count="0" type="stmt"/>
        <line num="429" count="0" type="stmt"/>
        <line num="430" count="0" type="stmt"/>
        <line num="431" count="0" type="stmt"/>
        <line num="433" count="0" type="stmt"/>
        <line num="434" count="0" type="stmt"/>
        <line num="442" count="0" type="stmt"/>
        <line num="443" count="0" type="stmt"/>
        <line num="444" count="0" type="stmt"/>
        <line num="445" count="0" type="stmt"/>
        <line num="447" count="0" type="stmt"/>
        <line num="455" count="18" type="stmt"/>
      </file>
      <file name="index.ts" path="/Users/florianogomez/development/Learning/OpenClassrooms/Développeur d'application - JavaScript React/Projet 14 - Faites passer une librairie jQuery vers React/hrnet-react/app/modules/employee/services/index.ts">
        <metrics statements="0" coveredstatements="0" conditionals="0" coveredconditionals="0" methods="0" coveredmethods="0"/>
      </file>
    </package>
    <package name="app.modules.employee.store">
      <metrics statements="11" coveredstatements="10" conditionals="0" coveredconditionals="0" methods="7" coveredmethods="6"/>
      <file name="employees_slice.ts" path="/Users/florianogomez/development/Learning/OpenClassrooms/Développeur d'application - JavaScript React/Projet 14 - Faites passer une librairie jQuery vers React/hrnet-react/app/modules/employee/store/employees_slice.ts">
        <metrics statements="11" coveredstatements="10" conditionals="0" coveredconditionals="0" methods="7" coveredmethods="6"/>
        <line num="21" count="20" type="stmt"/>
        <line num="31" count="20" type="stmt"/>
        <line num="41" count="21" type="stmt"/>
        <line num="49" count="9" type="stmt"/>
        <line num="57" count="1" type="stmt"/>
        <line num="65" count="1" type="stmt"/>
        <line num="73" count="1" type="stmt"/>
        <line num="80" count="0" type="stmt"/>
        <line num="88" count="1" type="stmt"/>
        <line num="104" count="20" type="stmt"/>
        <line num="106" count="20" type="stmt"/>
      </file>
    </package>
    <package name="app.modules.employee.store.reducers">
      <metrics statements="14" coveredstatements="10" conditionals="0" coveredconditionals="0" methods="8" coveredmethods="7"/>
      <file name="addEmployeeReducer.ts" path="/Users/florianogomez/development/Learning/OpenClassrooms/Développeur d'application - JavaScript React/Projet 14 - Faites passer une librairie jQuery vers React/hrnet-react/app/modules/employee/store/reducers/addEmployeeReducer.ts">
        <metrics statements="2" coveredstatements="2" conditionals="0" coveredconditionals="0" methods="1" coveredmethods="1"/>
        <line num="13" count="1" type="stmt"/>
        <line num="14" count="1" type="stmt"/>
      </file>
      <file name="deleteEmployeeReducer.ts" path="/Users/florianogomez/development/Learning/OpenClassrooms/Développeur d'application - JavaScript React/Projet 14 - Faites passer une librairie jQuery vers React/hrnet-react/app/modules/employee/store/reducers/deleteEmployeeReducer.ts">
        <metrics statements="4" coveredstatements="4" conditionals="0" coveredconditionals="0" methods="2" coveredmethods="2"/>
        <line num="10" count="20" type="stmt"/>
        <line num="14" count="1" type="stmt"/>
        <line num="15" count="2" type="stmt"/>
        <line num="16" count="1" type="stmt"/>
      </file>
      <file name="index.ts" path="/Users/florianogomez/development/Learning/OpenClassrooms/Développeur d'application - JavaScript React/Projet 14 - Faites passer une librairie jQuery vers React/hrnet-react/app/modules/employee/store/reducers/index.ts">
        <metrics statements="0" coveredstatements="0" conditionals="0" coveredconditionals="0" methods="0" coveredmethods="0"/>
      </file>
      <file name="resetEmployeesReducer.ts" path="/Users/florianogomez/development/Learning/OpenClassrooms/Développeur d'application - JavaScript React/Projet 14 - Faites passer une librairie jQuery vers React/hrnet-react/app/modules/employee/store/reducers/resetEmployeesReducer.ts">
        <metrics statements="4" coveredstatements="0" conditionals="0" coveredconditionals="0" methods="1" coveredmethods="0"/>
        <line num="10" count="0" type="stmt"/>
        <line num="11" count="0" type="stmt"/>
        <line num="12" count="0" type="stmt"/>
        <line num="13" count="0" type="stmt"/>
      </file>
      <file name="setEmployeeErrorReducer.ts" path="/Users/florianogomez/development/Learning/OpenClassrooms/Développeur d'application - JavaScript React/Projet 14 - Faites passer une librairie jQuery vers React/hrnet-react/app/modules/employee/store/reducers/setEmployeeErrorReducer.ts">
        <metrics statements="1" coveredstatements="1" conditionals="0" coveredconditionals="0" methods="1" coveredmethods="1"/>
        <line num="12" count="1" type="stmt"/>
      </file>
      <file name="setEmployeeJustAddedReducer.ts" path="/Users/florianogomez/development/Learning/OpenClassrooms/Développeur d'application - JavaScript React/Projet 14 - Faites passer une librairie jQuery vers React/hrnet-react/app/modules/employee/store/reducers/setEmployeeJustAddedReducer.ts">
        <metrics statements="1" coveredstatements="1" conditionals="0" coveredconditionals="0" methods="1" coveredmethods="1"/>
        <line num="13" count="1" type="stmt"/>
      </file>
      <file name="setEmployeesLoadingReducer.ts" path="/Users/florianogomez/development/Learning/OpenClassrooms/Développeur d'application - JavaScript React/Projet 14 - Faites passer une librairie jQuery vers React/hrnet-react/app/modules/employee/store/reducers/setEmployeesLoadingReducer.ts">
        <metrics statements="1" coveredstatements="1" conditionals="0" coveredconditionals="0" methods="1" coveredmethods="1"/>
        <line num="26" count="21" type="stmt"/>
      </file>
      <file name="setEmployeesReducer.ts" path="/Users/florianogomez/development/Learning/OpenClassrooms/Développeur d'application - JavaScript React/Projet 14 - Faites passer une librairie jQuery vers React/hrnet-react/app/modules/employee/store/reducers/setEmployeesReducer.ts">
        <metrics statements="1" coveredstatements="1" conditionals="0" coveredconditionals="0" methods="1" coveredmethods="1"/>
        <line num="13" count="9" type="stmt"/>
      </file>
    </package>
    <package name="app.modules.employee.views">
      <metrics statements="148" coveredstatements="53" conditionals="68" coveredconditionals="15" methods="25" coveredmethods="9"/>
      <file name="EmployeesAddView.tsx" path="/Users/florianogomez/development/Learning/OpenClassrooms/Développeur d'application - JavaScript React/Projet 14 - Faites passer une librairie jQuery vers React/hrnet-react/app/modules/employee/views/EmployeesAddView.tsx">
        <metrics statements="38" coveredstatements="13" conditionals="8" coveredconditionals="0" methods="6" coveredmethods="2"/>
        <line num="15" count="2" type="stmt"/>
        <line num="23" count="1" type="stmt"/>
        <line num="24" count="1" type="stmt"/>
        <line num="29" count="1" type="stmt"/>
        <line num="37" count="1" type="stmt"/>
        <line num="42" count="1" type="stmt"/>
        <line num="59" count="1" type="stmt"/>
        <line num="60" count="0" type="stmt"/>
        <line num="61" count="0" type="stmt"/>
        <line num="63" count="0" type="cond" truecount="0" falsecount="2"/>
        <line num="64" count="0" type="stmt"/>
        <line num="66" count="0" type="stmt"/>
        <line num="67" count="0" type="stmt"/>
        <line num="68" count="0" type="stmt"/>
        <line num="69" count="0" type="stmt"/>
        <line num="70" count="0" type="stmt"/>
        <line num="71" count="0" type="cond" truecount="0" falsecount="4"/>
        <line num="72" count="0" type="stmt"/>
        <line num="74" count="0" type="stmt"/>
        <line num="79" count="0" type="stmt"/>
        <line num="82" count="0" type="cond" truecount="0" falsecount="2"/>
        <line num="83" count="0" type="stmt"/>
        <line num="84" count="0" type="stmt"/>
        <line num="86" count="0" type="stmt"/>
        <line num="87" count="0" type="stmt"/>
        <line num="88" count="0" type="stmt"/>
        <line num="90" count="0" type="stmt"/>
        <line num="99" count="1" type="stmt"/>
        <line num="100" count="1" type="stmt"/>
        <line num="110" count="1" type="stmt"/>
        <line num="111" count="0" type="stmt"/>
        <line num="112" count="0" type="stmt"/>
        <line num="119" count="1" type="stmt"/>
        <line num="120" count="0" type="stmt"/>
        <line num="121" count="0" type="stmt"/>
        <line num="127" count="1" type="stmt"/>
        <line num="128" count="0" type="stmt"/>
        <line num="131" count="1" type="stmt"/>
      </file>
      <file name="EmployeesEditView.tsx" path="/Users/florianogomez/development/Learning/OpenClassrooms/Développeur d'application - JavaScript React/Projet 14 - Faites passer une librairie jQuery vers React/hrnet-react/app/modules/employee/views/EmployeesEditView.tsx">
        <metrics statements="87" coveredstatements="26" conditionals="48" coveredconditionals="5" methods="11" coveredmethods="4"/>
        <line num="17" count="1" type="stmt"/>
        <line num="28" count="3" type="stmt"/>
        <line num="29" count="0" type="stmt"/>
        <line num="30" count="0" type="stmt"/>
        <line num="36" count="3" type="stmt"/>
        <line num="37" count="0" type="stmt"/>
        <line num="43" count="3" type="stmt"/>
        <line num="47" count="3" type="stmt"/>
        <line num="48" count="3" type="stmt"/>
        <line num="50" count="3" type="stmt"/>
        <line num="51" count="3" type="stmt"/>
        <line num="52" count="3" type="stmt"/>
        <line num="57" count="3" type="stmt"/>
        <line num="62" count="3" type="stmt"/>
        <line num="63" count="0" type="cond" truecount="0" falsecount="2"/>
        <line num="64" count="0" type="stmt"/>
        <line num="65" count="0" type="stmt"/>
        <line num="72" count="3" type="stmt"/>
        <line num="73" count="2" type="stmt"/>
        <line num="74" count="2" type="cond" truecount="1" falsecount="1"/>
        <line num="75" count="2" type="stmt"/>
        <line num="76" count="2" type="stmt"/>
        <line num="77" count="2" type="stmt"/>
        <line num="79" count="0" type="stmt"/>
        <line num="80" count="0" type="stmt"/>
        <line num="81" count="0" type="stmt"/>
        <line num="82" count="0" type="stmt"/>
        <line num="83" count="0" type="cond" truecount="0" falsecount="2"/>
        <line num="84" count="0" type="stmt"/>
        <line num="85" count="0" type="stmt"/>
        <line num="86" count="0" type="stmt"/>
        <line num="87" count="0" type="cond" truecount="0" falsecount="2"/>
        <line num="88" count="0" type="stmt"/>
        <line num="89" count="0" type="stmt"/>
        <line num="91" count="0" type="stmt"/>
        <line num="92" count="0" type="stmt"/>
        <line num="93" count="0" type="stmt"/>
        <line num="96" count="0" type="stmt"/>
        <line num="97" count="0" type="stmt"/>
        <line num="98" count="0" type="stmt"/>
        <line num="100" count="0" type="stmt"/>
        <line num="103" count="2" type="stmt"/>
        <line num="105" count="2" type="stmt"/>
        <line num="106" count="2" type="cond" truecount="1" falsecount="1"/>
        <line num="107" count="0" type="stmt"/>
        <line num="108" count="0" type="stmt"/>
        <line num="117" count="3" type="stmt"/>
        <line num="118" count="0" type="cond" truecount="0" falsecount="4"/>
        <line num="119" count="0" type="stmt"/>
        <line num="120" count="0" type="stmt"/>
        <line num="122" count="0" type="stmt"/>
        <line num="123" count="0" type="stmt"/>
        <line num="125" count="0" type="stmt"/>
        <line num="126" count="0" type="stmt"/>
        <line num="127" count="0" type="stmt"/>
        <line num="128" count="0" type="stmt"/>
        <line num="129" count="0" type="stmt"/>
        <line num="130" count="0" type="stmt"/>
        <line num="131" count="0" type="cond" truecount="0" falsecount="4"/>
        <line num="132" count="0" type="stmt"/>
        <line num="133" count="0" type="stmt"/>
        <line num="135" count="0" type="stmt"/>
        <line num="140" count="0" type="stmt"/>
        <line num="143" count="0" type="cond" truecount="0" falsecount="2"/>
        <line num="144" count="0" type="stmt"/>
        <line num="145" count="0" type="stmt"/>
        <line num="147" count="0" type="stmt"/>
        <line num="148" count="0" type="stmt"/>
        <line num="149" count="0" type="stmt"/>
        <line num="151" count="0" type="stmt"/>
        <line num="159" count="3" type="stmt"/>
        <line num="160" count="0" type="cond" truecount="0" falsecount="2"/>
        <line num="161" count="0" type="stmt"/>
        <line num="163" count="0" type="stmt"/>
        <line num="164" count="0" type="stmt"/>
        <line num="166" count="0" type="cond" truecount="0" falsecount="2"/>
        <line num="167" count="0" type="stmt"/>
        <line num="171" count="0" type="stmt"/>
        <line num="179" count="3" type="stmt"/>
        <line num="180" count="0" type="stmt"/>
        <line num="181" count="0" type="stmt"/>
        <line num="188" count="3" type="cond" truecount="2" falsecount="2"/>
        <line num="189" count="0" type="stmt"/>
        <line num="212" count="3" type="cond" truecount="1" falsecount="1"/>
        <line num="213" count="3" type="stmt"/>
        <line num="228" count="0" type="stmt"/>
        <line num="230" count="0" type="stmt"/>
      </file>
      <file name="EmployeesListView.tsx" path="/Users/florianogomez/development/Learning/OpenClassrooms/Développeur d'application - JavaScript React/Projet 14 - Faites passer une librairie jQuery vers React/hrnet-react/app/modules/employee/views/EmployeesListView.tsx">
        <metrics statements="23" coveredstatements="14" conditionals="12" coveredconditionals="10" methods="8" coveredmethods="3"/>
        <line num="14" count="2" type="stmt"/>
        <line num="21" count="2" type="stmt"/>
        <line num="22" count="5" type="stmt"/>
        <line num="25" count="5" type="stmt"/>
        <line num="26" count="5" type="stmt"/>
        <line num="31" count="5" type="stmt"/>
        <line num="32" count="5" type="stmt"/>
        <line num="38" count="5" type="stmt"/>
        <line num="39" count="5" type="cond" truecount="4" falsecount="0"/>
        <line num="40" count="1" type="stmt"/>
        <line num="47" count="5" type="stmt"/>
        <line num="48" count="0" type="stmt"/>
        <line num="49" count="0" type="stmt"/>
        <line num="56" count="5" type="stmt"/>
        <line num="57" count="0" type="stmt"/>
        <line num="58" count="0" type="stmt"/>
        <line num="64" count="5" type="stmt"/>
        <line num="65" count="0" type="stmt"/>
        <line num="66" count="0" type="stmt"/>
        <line num="69" count="5" type="stmt"/>
        <line num="115" count="0" type="stmt"/>
        <line num="116" count="0" type="cond" truecount="0" falsecount="2"/>
        <line num="117" count="0" type="stmt"/>
      </file>
    </package>
    <package name="app.pages">
      <metrics statements="9" coveredstatements="9" conditionals="0" coveredconditionals="0" methods="6" coveredmethods="6"/>
      <file name="_layout._index.tsx" path="/Users/florianogomez/development/Learning/OpenClassrooms/Développeur d'application - JavaScript React/Projet 14 - Faites passer une librairie jQuery vers React/hrnet-react/app/pages/_layout._index.tsx">
        <metrics statements="2" coveredstatements="2" conditionals="0" coveredconditionals="0" methods="1" coveredmethods="1"/>
        <line num="9" count="1" type="stmt"/>
        <line num="10" count="1" type="stmt"/>
      </file>
      <file name="_layout.employees._index.tsx" path="/Users/florianogomez/development/Learning/OpenClassrooms/Développeur d'application - JavaScript React/Projet 14 - Faites passer une librairie jQuery vers React/hrnet-react/app/pages/_layout.employees._index.tsx">
        <metrics statements="3" coveredstatements="3" conditionals="0" coveredconditionals="0" methods="2" coveredmethods="2"/>
        <line num="3" count="1" type="stmt"/>
        <line num="8" count="1" type="stmt"/>
        <line num="9" count="1" type="stmt"/>
      </file>
      <file name="_layout.employees.add.tsx" path="/Users/florianogomez/development/Learning/OpenClassrooms/Développeur d'application - JavaScript React/Projet 14 - Faites passer une librairie jQuery vers React/hrnet-react/app/pages/_layout.employees.add.tsx">
        <metrics statements="3" coveredstatements="3" conditionals="0" coveredconditionals="0" methods="2" coveredmethods="2"/>
        <line num="3" count="1" type="stmt"/>
        <line num="10" count="1" type="stmt"/>
        <line num="11" count="1" type="stmt"/>
      </file>
      <file name="_layout.tsx" path="/Users/florianogomez/development/Learning/OpenClassrooms/Développeur d'application - JavaScript React/Projet 14 - Faites passer une librairie jQuery vers React/hrnet-react/app/pages/_layout.tsx">
        <metrics statements="1" coveredstatements="1" conditionals="0" coveredconditionals="0" methods="1" coveredmethods="1"/>
        <line num="12" count="1" type="stmt"/>
      </file>
    </package>
    <package name="app.services.api">
      <metrics statements="33" coveredstatements="28" conditionals="31" coveredconditionals="24" methods="6" coveredmethods="6"/>
      <file name="ApiConsumer.ts" path="/Users/florianogomez/development/Learning/OpenClassrooms/Développeur d'application - JavaScript React/Projet 14 - Faites passer une librairie jQuery vers React/hrnet-react/app/services/api/ApiConsumer.ts">
        <metrics statements="33" coveredstatements="28" conditionals="31" coveredconditionals="24" methods="6" coveredmethods="6"/>
        <line num="19" count="20" type="stmt"/>
        <line num="72" count="18" type="stmt"/>
        <line num="73" count="18" type="stmt"/>
        <line num="74" count="18" type="stmt"/>
        <line num="75" count="18" type="stmt"/>
        <line num="83" count="7" type="cond" truecount="2" falsecount="0"/>
        <line num="84" count="1" type="stmt"/>
        <line num="92" count="6" type="stmt"/>
        <line num="100" count="5" type="stmt"/>
        <line num="115" count="4" type="stmt"/>
        <line num="116" count="4" type="stmt"/>
        <line num="118" count="2" type="stmt"/>
        <line num="120" count="2" type="cond" truecount="2" falsecount="0"/>
        <line num="121" count="1" type="stmt"/>
        <line num="126" count="1" type="stmt"/>
        <line num="132" count="1" type="stmt"/>
        <line num="134" count="2" type="cond" truecount="2" falsecount="0"/>
        <line num="135" count="1" type="stmt"/>
        <line num="141" count="1" type="stmt"/>
        <line num="144" count="1" type="stmt"/>
        <line num="155" count="1" type="stmt"/>
        <line num="157" count="1" type="stmt"/>
        <line num="163" count="1" type="cond" truecount="3" falsecount="1"/>
        <line num="164" count="0" type="stmt"/>
        <line num="167" count="1" type="cond" truecount="3" falsecount="1"/>
        <line num="168" count="0" type="stmt"/>
        <line num="171" count="1" type="cond" truecount="3" falsecount="1"/>
        <line num="172" count="0" type="stmt"/>
        <line num="175" count="1" type="cond" truecount="3" falsecount="1"/>
        <line num="176" count="0" type="stmt"/>
        <line num="179" count="1" type="cond" truecount="3" falsecount="1"/>
        <line num="180" count="0" type="stmt"/>
        <line num="183" count="1" type="stmt"/>
      </file>
    </package>
    <package name="app.services.api.clients">
      <metrics statements="10" coveredstatements="3" conditionals="6" coveredconditionals="1" methods="3" coveredmethods="0"/>
      <file name="hrnetApiClient.ts" path="/Users/florianogomez/development/Learning/OpenClassrooms/Développeur d'application - JavaScript React/Projet 14 - Faites passer une librairie jQuery vers React/hrnet-react/app/services/api/clients/hrnetApiClient.ts">
        <metrics statements="10" coveredstatements="3" conditionals="6" coveredconditionals="1" methods="3" coveredmethods="0"/>
        <line num="24" count="21" type="stmt"/>
        <line num="29" count="21" type="stmt"/>
        <line num="30" count="0" type="cond" truecount="0" falsecount="2"/>
        <line num="33" count="0" type="stmt"/>
        <line num="34" count="0" type="stmt"/>
        <line num="36" count="0" type="stmt"/>
        <line num="39" count="21" type="stmt"/>
        <line num="41" count="0" type="stmt"/>
        <line num="45" count="0" type="stmt"/>
        <line num="51" count="0" type="stmt"/>
      </file>
      <file name="index.ts" path="/Users/florianogomez/development/Learning/OpenClassrooms/Développeur d'application - JavaScript React/Projet 14 - Faites passer une librairie jQuery vers React/hrnet-react/app/services/api/clients/index.ts">
        <metrics statements="0" coveredstatements="0" conditionals="0" coveredconditionals="0" methods="0" coveredmethods="0"/>
      </file>
    </package>
    <package name="app.services.api.consumers">
      <metrics statements="1" coveredstatements="1" conditionals="1" coveredconditionals="1" methods="1" coveredmethods="1"/>
      <file name="EmployeeApiConsumer.ts" path="/Users/florianogomez/development/Learning/OpenClassrooms/Développeur d'application - JavaScript React/Projet 14 - Faites passer une librairie jQuery vers React/hrnet-react/app/services/api/consumers/EmployeeApiConsumer.ts">
        <metrics statements="1" coveredstatements="1" conditionals="1" coveredconditionals="1" methods="1" coveredmethods="1"/>
        <line num="48" count="10" type="stmt"/>
      </file>
      <file name="index.ts" path="/Users/florianogomez/development/Learning/OpenClassrooms/Développeur d'application - JavaScript React/Projet 14 - Faites passer une librairie jQuery vers React/hrnet-react/app/services/api/consumers/index.ts">
        <metrics statements="0" coveredstatements="0" conditionals="0" coveredconditionals="0" methods="0" coveredmethods="0"/>
      </file>
    </package>
    <package name="app.services.api.enums">
      <metrics statements="0" coveredstatements="0" conditionals="0" coveredconditionals="0" methods="0" coveredmethods="0"/>
      <file name="ApiHttpMethodEnum.ts" path="/Users/florianogomez/development/Learning/OpenClassrooms/Développeur d'application - JavaScript React/Projet 14 - Faites passer une librairie jQuery vers React/hrnet-react/app/services/api/enums/ApiHttpMethodEnum.ts">
        <metrics statements="0" coveredstatements="0" conditionals="0" coveredconditionals="0" methods="0" coveredmethods="0"/>
      </file>
    </package>
    <package name="app.services.api.errors">
      <metrics statements="25" coveredstatements="18" conditionals="15" coveredconditionals="5" methods="9" coveredmethods="8"/>
      <file name="ApiError.ts" path="/Users/florianogomez/development/Learning/OpenClassrooms/Développeur d'application - JavaScript React/Projet 14 - Faites passer une librairie jQuery vers React/hrnet-react/app/services/api/errors/ApiError.ts">
        <metrics statements="7" coveredstatements="7" conditionals="3" coveredconditionals="1" methods="1" coveredmethods="1"/>
        <line num="42" count="16" type="stmt"/>
        <line num="43" count="16" type="stmt"/>
        <line num="44" count="16" type="stmt"/>
        <line num="45" count="16" type="stmt"/>
        <line num="46" count="16" type="stmt"/>
        <line num="47" count="16" type="stmt"/>
        <line num="49" count="16" type="stmt"/>
      </file>
      <file name="BadRequestApiError.ts" path="/Users/florianogomez/development/Learning/OpenClassrooms/Développeur d'application - JavaScript React/Projet 14 - Faites passer une librairie jQuery vers React/hrnet-react/app/services/api/errors/BadRequestApiError.ts">
        <metrics statements="1" coveredstatements="1" conditionals="0" coveredconditionals="0" methods="1" coveredmethods="1"/>
        <line num="21" count="2" type="stmt"/>
      </file>
      <file name="ConflictApiError.ts" path="/Users/florianogomez/development/Learning/OpenClassrooms/Développeur d'application - JavaScript React/Projet 14 - Faites passer une librairie jQuery vers React/hrnet-react/app/services/api/errors/ConflictApiError.ts">
        <metrics statements="1" coveredstatements="1" conditionals="0" coveredconditionals="0" methods="1" coveredmethods="1"/>
        <line num="21" count="1" type="stmt"/>
      </file>
      <file name="ForbiddenApiError.ts" path="/Users/florianogomez/development/Learning/OpenClassrooms/Développeur d'application - JavaScript React/Projet 14 - Faites passer une librairie jQuery vers React/hrnet-react/app/services/api/errors/ForbiddenApiError.ts">
        <metrics statements="1" coveredstatements="1" conditionals="0" coveredconditionals="0" methods="1" coveredmethods="1"/>
        <line num="22" count="1" type="stmt"/>
      </file>
      <file name="GeneralApiError.ts" path="/Users/florianogomez/development/Learning/OpenClassrooms/Développeur d'application - JavaScript React/Projet 14 - Faites passer une librairie jQuery vers React/hrnet-react/app/services/api/errors/GeneralApiError.ts">
        <metrics statements="10" coveredstatements="4" conditionals="8" coveredconditionals="3" methods="1" coveredmethods="1"/>
        <line num="26" count="2" type="cond" truecount="1" falsecount="1"/>
        <line num="29" count="2" type="cond" truecount="1" falsecount="3"/>
        <line num="31" count="0" type="stmt"/>
        <line num="32" count="0" type="stmt"/>
        <line num="34" count="0" type="stmt"/>
[...]
        <metrics statements="1" coveredstatements="1" conditionals="0" coveredconditionals="0" methods="1" coveredmethods="1"/>
        <line num="22" count="2" type="stmt"/>
      </file>
      <file name="NotFoundApiError.ts" path="/Users/florianogomez/development/Learning/OpenClassrooms/Développeur d'application - JavaScript React/Projet 14 - Faites passer une librairie jQuery vers React/hrnet-react/app/services/api/errors/NotFoundApiError.ts">
        <metrics statements="2" coveredstatements="2" conditionals="2" coveredconditionals="1" methods="1" coveredmethods="1"/>
        <line num="24" count="7" type="cond" truecount="1" falsecount="1"/>
        <line num="25" count="7" type="stmt"/>
      </file>
      <file name="UnauthorizedApiError.ts" path="/Users/florianogomez/development/Learning/OpenClassrooms/Développeur d'application - JavaScript React/Projet 14 - Faites passer une librairie jQuery vers React/hrnet-react/app/services/api/errors/UnauthorizedApiError.ts">
        <metrics statements="1" coveredstatements="1" conditionals="0" coveredconditionals="0" methods="1" coveredmethods="1"/>
        <line num="22" count="1" type="stmt"/>
      </file>
      <file name="UnprocessableEntityApiError.ts" path="/Users/florianogomez/development/Learning/OpenClassrooms/Développeur d'application - JavaScript React/Projet 14 - Faites passer une librairie jQuery vers React/hrnet-react/app/services/api/errors/UnprocessableEntityApiError.ts">
        <metrics statements="1" coveredstatements="0" conditionals="2" coveredconditionals="0" methods="1" coveredmethods="0"/>
        <line num="8" count="0" type="stmt"/>
      </file>
      <file name="index.ts" path="/Users/florianogomez/development/Learning/OpenClassrooms/Développeur d'application - JavaScript React/Projet 14 - Faites passer une librairie jQuery vers React/hrnet-react/app/services/api/errors/index.ts">
        <metrics statements="0" coveredstatements="0" conditionals="0" coveredconditionals="0" methods="0" coveredmethods="0"/>
      </file>
    </package>
    <package name="app.services.api.models">
      <metrics statements="14" coveredstatements="7" conditionals="6" coveredconditionals="1" methods="6" coveredmethods="1"/>
      <file name="ApiResourceModel.ts" path="/Users/florianogomez/development/Learning/OpenClassrooms/Développeur d'application - JavaScript React/Projet 14 - Faites passer une librairie jQuery vers React/hrnet-react/app/services/api/models/ApiResourceModel.ts">
        <metrics statements="14" coveredstatements="7" conditionals="6" coveredconditionals="1" methods="6" coveredmethods="1"/>
        <line num="29" count="5" type="cond" truecount="1" falsecount="1"/>
        <line num="30" count="5" type="stmt"/>
        <line num="31" count="5" type="stmt"/>
        <line num="32" count="5" type="stmt"/>
        <line num="33" count="5" type="stmt"/>
        <line num="34" count="5" type="stmt"/>
        <line num="35" count="5" type="stmt"/>
        <line num="43" count="0" type="stmt"/>
        <line num="59" count="0" type="stmt"/>
        <line num="67" count="0" type="cond" truecount="0" falsecount="2"/>
        <line num="68" count="0" type="stmt"/>
        <line num="76" count="0" type="cond" truecount="0" falsecount="2"/>
        <line num="77" count="0" type="stmt"/>
        <line num="85" count="0" type="stmt"/>
      </file>
    </package>
    <package name="app.services.storages">
      <metrics statements="225" coveredstatements="178" conditionals="49" coveredconditionals="30" methods="60" coveredmethods="47"/>
      <file name="AppIndexedDBStorage.ts" path="/Users/florianogomez/development/Learning/OpenClassrooms/Développeur d'application - JavaScript React/Projet 14 - Faites passer une librairie jQuery vers React/hrnet-react/app/services/storages/AppIndexedDBStorage.ts">
        <metrics statements="87" coveredstatements="52" conditionals="22" coveredconditionals="9" methods="28" coveredmethods="16"/>
        <line num="9" count="20" type="stmt"/>
        <line num="11" count="20" type="stmt"/>
        <line num="12" count="20" type="stmt"/>
        <line num="13" count="20" type="stmt"/>
        <line num="16" count="20" type="stmt"/>
        <line num="19" count="13" type="cond" truecount="2" falsecount="0"/>
        <line num="23" count="0" type="cond" truecount="0" falsecount="2"/>
        <line num="24" count="0" type="stmt"/>
        <line num="26" count="0" type="stmt"/>
        <line num="30" count="0" type="stmt"/>
        <line num="31" count="0" type="cond" truecount="0" falsecount="2"/>
        <line num="32" count="0" type="stmt"/>
        <line num="33" count="0" type="stmt"/>
        <line num="36" count="0" type="stmt"/>
        <line num="38" count="0" type="stmt"/>
        <line num="39" count="0" type="stmt"/>
        <line num="40" count="0" type="cond" truecount="0" falsecount="2"/>
        <line num="41" count="0" type="stmt"/>
        <line num="45" count="0" type="stmt"/>
        <line num="46" count="0" type="stmt"/>
        <line num="51" count="0" type="cond" truecount="0" falsecount="2"/>
        <line num="52" count="0" type="stmt"/>
        <line num="55" count="0" type="stmt"/>
        <line num="56" count="0" type="stmt"/>
        <line num="57" count="0" type="stmt"/>
        <line num="61" count="1" type="cond" truecount="1" falsecount="1"/>
        <line num="62" count="0" type="stmt"/>
        <line num="63" count="0" type="stmt"/>
        <line num="66" count="1" type="stmt"/>
        <line num="67" count="1" type="stmt"/>
        <line num="68" count="1" type="stmt"/>
        <line num="70" count="1" type="stmt"/>
        <line num="71" count="1" type="stmt"/>
        <line num="72" count="1" type="stmt"/>
        <line num="73" count="1" type="stmt"/>
        <line num="76" count="1" type="stmt"/>
        <line num="78" count="0" type="stmt"/>
        <line num="83" count="9" type="cond" truecount="2" falsecount="0"/>
        <line num="84" count="8" type="stmt"/>
        <line num="85" count="8" type="stmt"/>
        <line num="88" count="1" type="stmt"/>
        <line num="89" count="1" type="stmt"/>
        <line num="90" count="1" type="stmt"/>
        <line num="91" count="1" type="stmt"/>
        <line num="92" count="1" type="stmt"/>
        <line num="93" count="1" type="stmt"/>
        <line num="96" count="1" type="cond" truecount="1" falsecount="1"/>
        <line num="97" count="0" type="stmt"/>
        <line num="100" count="1" type="stmt"/>
        <line num="101" count="1" type="stmt"/>
        <line num="102" count="1" type="stmt"/>
        <line num="104" count="0" type="stmt"/>
        <line num="105" count="0" type="stmt"/>
        <line num="110" count="1" type="cond" truecount="1" falsecount="1"/>
        <line num="111" count="0" type="stmt"/>
        <line num="112" count="0" type="stmt"/>
        <line num="115" count="1" type="stmt"/>
        <line num="116" count="1" type="stmt"/>
        <line num="117" count="1" type="stmt"/>
        <line num="118" count="1" type="stmt"/>
        <line num="119" count="1" type="stmt"/>
        <line num="120" count="1" type="stmt"/>
        <line num="122" count="1" type="stmt"/>
        <line num="124" count="0" type="stmt"/>
        <line num="129" count="1" type="cond" truecount="1" falsecount="1"/>
        <line num="130" count="0" type="stmt"/>
        <line num="131" count="0" type="stmt"/>
        <line num="134" count="1" type="stmt"/>
        <line num="135" count="1" type="stmt"/>
        <line num="136" count="1" type="stmt"/>
        <line num="137" count="1" type="stmt"/>
        <line num="138" count="1" type="stmt"/>
        <line num="139" count="1" type="stmt"/>
        <line num="141" count="1" type="stmt"/>
        <line num="143" count="0" type="stmt"/>
        <line num="144" count="0" type="stmt"/>
        <line num="149" count="1" type="cond" truecount="1" falsecount="1"/>
        <line num="150" count="0" type="stmt"/>
        <line num="151" count="0" type="stmt"/>
        <line num="154" count="1" type="stmt"/>
        <line num="155" count="1" type="stmt"/>
        <line num="156" count="1" type="stmt"/>
        <line num="157" count="1" type="stmt"/>
        <line num="158" count="1" type="stmt"/>
        <line num="159" count="1" type="stmt"/>
        <line num="161" count="1" type="stmt"/>
        <line num="163" count="0" type="stmt"/>
      </file>
      <file name="AppLocalStorage.ts" path="/Users/florianogomez/development/Learning/OpenClassrooms/Développeur d'application - JavaScript React/Projet 14 - Faites passer une librairie jQuery vers React/hrnet-react/app/services/storages/AppLocalStorage.ts">
        <metrics statements="34" coveredstatements="29" conditionals="4" coveredconditionals="4" methods="7" coveredmethods="7"/>
        <line num="12" count="1" type="stmt"/>
        <line num="18" count="1" type="stmt"/>
        <line num="23" count="1" type="stmt"/>
        <line num="31" count="5" type="stmt"/>
        <line num="32" count="5" type="stmt"/>
        <line num="33" count="5" type="stmt"/>
        <line num="34" count="5" type="stmt"/>
        <line num="35" count="5" type="stmt"/>
        <line num="36" count="5" type="stmt"/>
        <line num="38" count="0" type="stmt"/>
        <line num="48" count="4" type="stmt"/>
        <line num="49" count="4" type="stmt"/>
        <line num="50" count="4" type="cond" truecount="2" falsecount="0"/>
        <line num="53" count="2" type="cond" truecount="2" falsecount="0"/>
        <line num="54" count="1" type="stmt"/>
        <line num="55" count="1" type="stmt"/>
        <line num="56" count="1" type="stmt"/>
        <line num="57" count="1" type="stmt"/>
        <line num="58" count="1" type="stmt"/>
        <line num="60" count="1" type="stmt"/>
        <line num="61" count="1" type="stmt"/>
        <line num="64" count="0" type="stmt"/>
        <line num="65" count="0" type="stmt"/>
        <line num="74" count="1" type="stmt"/>
        <line num="75" count="1" type="stmt"/>
        <line num="76" count="1" type="stmt"/>
        <line num="78" count="0" type="stmt"/>
        <line num="88" count="4" type="stmt"/>
        <line num="96" count="1" type="stmt"/>
        <line num="97" count="1" type="stmt"/>
        <line num="98" count="2" type="stmt"/>
        <line num="99" count="2" type="stmt"/>
        <line num="100" count="1" type="stmt"/>
        <line num="102" count="0" type="stmt"/>
      </file>
      <file name="AppSessionStorage.ts" path="/Users/florianogomez/development/Learning/OpenClassrooms/Développeur d'application - JavaScript React/Projet 14 - Faites passer une librairie jQuery vers React/hrnet-react/app/services/storages/AppSessionStorage.ts">
        <metrics statements="45" coveredstatements="39" conditionals="4" coveredconditionals="4" methods="13" coveredmethods="12"/>
        <line num="11" count="20" type="stmt"/>
        <line num="17" count="20" type="stmt"/>
        <line num="22" count="20" type="stmt"/>
        <line num="27" count="20" type="stmt"/>
        <line num="32" count="20" type="stmt"/>
        <line num="40" count="10" type="stmt"/>
        <line num="42" count="10" type="stmt"/>
        <line num="45" count="10" type="stmt"/>
        <line num="48" count="10" type="stmt"/>
        <line num="51" count="10" type="stmt"/>
        <line num="52" count="10" type="stmt"/>
        <line num="54" count="0" type="stmt"/>
        <line num="64" count="7" type="stmt"/>
        <line num="65" count="7" type="stmt"/>
        <line num="67" count="7" type="cond" truecount="2" falsecount="0"/>
        <line num="68" count="2" type="stmt"/>
        <line num="72" count="5" type="cond" truecount="2" falsecount="0"/>
        <line num="74" count="4" type="stmt"/>
        <line num="77" count="4" type="stmt"/>
        <line num="80" count="4" type="stmt"/>
        <line num="81" count="4" type="stmt"/>
        <line num="82" count="4" type="stmt"/>
        <line num="85" count="1" type="stmt"/>
        <line num="86" count="1" type="stmt"/>
        <line num="89" count="0" type="stmt"/>
        <line num="90" count="0" type="stmt"/>
        <line num="99" count="3" type="stmt"/>
        <line num="100" count="3" type="stmt"/>
        <line num="101" count="3" type="stmt"/>
        <line num="103" count="0" type="stmt"/>
        <line num="113" count="3" type="stmt"/>
        <line num="121" count="1" type="stmt"/>
        <line num="123" count="1" type="stmt"/>
        <line num="124" count="2" type="stmt"/>
        <line num="125" count="2" type="stmt"/>
        <line num="126" count="1" type="stmt"/>
        <line num="128" count="0" type="stmt"/>
        <line num="137" count="3" type="stmt"/>
        <line num="145" count="3" type="stmt"/>
        <line num="153" count="0" type="stmt"/>
        <line num="161" count="2" type="stmt"/>
        <line num="169" count="1" type="stmt"/>
        <line num="176" count="1" type="stmt"/>
        <line num="177" count="1" type="stmt"/>
        <line num="178" count="1" type="stmt"/>
      </file>
      <file name="AppStorageService.ts" path="/Users/florianogomez/development/Learning/OpenClassrooms/Développeur d'application - JavaScript React/Projet 14 - Faites passer une librairie jQuery vers React/hrnet-react/app/services/storages/AppStorageService.ts">
        <metrics statements="59" coveredstatements="58" conditionals="19" coveredconditionals="13" methods="12" coveredmethods="12"/>
        <line num="31" count="19" type="stmt"/>
        <line num="41" count="40" type="stmt"/>
        <line num="42" count="40" type="stmt"/>
        <line num="49" count="21" type="stmt"/>
        <line num="58" count="18" type="stmt"/>
        <line num="68" count="3" type="stmt"/>
        <line num="69" count="3" type="cond" truecount="2" falsecount="0"/>
        <line num="70" count="1" type="stmt"/>
        <line num="71" count="1" type="stmt"/>
        <line num="74" count="3" type="cond" truecount="0" falsecount="1"/>
        <line num="75" count="3" type="stmt"/>
        <line num="76" count="3" type="cond" truecount="2" falsecount="0"/>
        <line num="77" count="2" type="stmt"/>
        <line num="78" count="1" type="stmt"/>
        <line num="80" count="1" type="stmt"/>
        <line num="81" count="1" type="stmt"/>
        <line num="84" count="1" type="stmt"/>
        <line num="96" count="4" type="stmt"/>
        <line num="98" count="4" type="stmt"/>
        <line num="100" count="4" type="stmt"/>
        <line num="101" count="3" type="cond" truecount="2" falsecount="0"/>
        <line num="102" count="1" type="stmt"/>
        <line num="104" count="1" type="cond" truecount="1" falsecount="1"/>
        <line num="105" count="1" type="stmt"/>
        <line num="107" count="1" type="stmt"/>
        <line num="111" count="2" type="stmt"/>
        <line num="112" count="2" type="cond" truecount="2" falsecount="0"/>
        <line num="113" count="1" type="stmt"/>
        <line num="114" count="1" type="cond" truecount="1" falsecount="1"/>
        <line num="115" count="1" type="stmt"/>
        <line num="118" count="1" type="stmt"/>
        <line num="119" count="1" type="stmt"/>
        <line num="123" count="1" type="cond" truecount="1" falsecount="1"/>
        <line num="124" count="1" type="stmt"/>
        <line num="125" count="1" type="cond" truecount="1" falsecount="1"/>
        <line num="126" count="1" type="stmt"/>
        <line num="127" count="1" type="stmt"/>
        <line num="131" count="0" type="stmt"/>
        <line num="133" count="1" type="stmt"/>
        <line num="134" count="1" type="stmt"/>
        <line num="143" count="2" type="stmt"/>
        <line num="144" count="2" type="stmt"/>
        <line num="145" count="2" type="stmt"/>
        <line num="146" count="2" type="stmt"/>
        <line num="147" count="1" type="stmt"/>
        <line num="149" count="1" type="stmt"/>
        <line num="157" count="2" type="stmt"/>
        <line num="158" count="2" type="stmt"/>
        <line num="159" count="2" type="stmt"/>
        <line num="160" count="10" type="stmt"/>
        <line num="161" count="2" type="stmt"/>
        <line num="163" count="1" type="stmt"/>
        <line num="164" count="5" type="stmt"/>
        <line num="165" count="1" type="stmt"/>
        <line num="167" count="1" type="stmt"/>
        <line num="169" count="1" type="stmt"/>
        <line num="177" count="1" type="stmt"/>
        <line num="178" count="1" type="stmt"/>
        <line num="179" count="1" type="stmt"/>
      </file>
    </package>
    <package name="app.store">
      <metrics statements="7" coveredstatements="6" conditionals="2" coveredconditionals="1" methods="1" coveredmethods="1"/>
      <file name="index.ts" path="/Users/florianogomez/development/Learning/OpenClassrooms/Développeur d'application - JavaScript React/Projet 14 - Faites passer une librairie jQuery vers React/hrnet-react/app/store/index.ts">
        <metrics statements="7" coveredstatements="6" conditionals="2" coveredconditionals="1" methods="1" coveredmethods="1"/>
        <line num="22" count="19" type="stmt"/>
        <line num="34" count="19" type="stmt"/>
        <line num="46" count="19" type="stmt"/>
        <line num="48" count="19" type="stmt"/>
        <line num="68" count="19" type="cond" truecount="1" falsecount="1"/>
        <line num="69" count="19" type="stmt"/>
        <line num="71" count="0" type="stmt"/>
      </file>
    </package>
    <package name="app.store.hooks">
      <metrics statements="2" coveredstatements="2" conditionals="0" coveredconditionals="0" methods="1" coveredmethods="1"/>
      <file name="useAppDispatch.ts" path="/Users/florianogomez/development/Learning/OpenClassrooms/Développeur d'application - JavaScript React/Projet 14 - Faites passer une librairie jQuery vers React/hrnet-react/app/store/hooks/useAppDispatch.ts">
        <metrics statements="1" coveredstatements="1" conditionals="0" coveredconditionals="0" methods="1" coveredmethods="1"/>
        <line num="23" count="5" type="stmt"/>
      </file>
      <file name="useAppSelector.ts" path="/Users/florianogomez/development/Learning/OpenClassrooms/Développeur d'application - JavaScript React/Projet 14 - Faites passer une librairie jQuery vers React/hrnet-react/app/store/hooks/useAppSelector.ts">
        <metrics statements="1" coveredstatements="1" conditionals="0" coveredconditionals="0" methods="0" coveredmethods="0"/>
        <line num="20" count="4" type="stmt"/>
      </file>
    </package>
    <package name="app.utils">
      <metrics statements="12" coveredstatements="11" conditionals="12" coveredconditionals="4" methods="7" coveredmethods="6"/>
      <file name="logger.ts" path="/Users/florianogomez/development/Learning/OpenClassrooms/Développeur d'application - JavaScript React/Projet 14 - Faites passer une librairie jQuery vers React/hrnet-react/app/utils/logger.ts">
        <metrics statements="12" coveredstatements="11" conditionals="12" coveredconditionals="4" methods="7" coveredmethods="6"/>
        <line num="24" count="188" type="stmt"/>
        <line num="25" count="188" type="stmt"/>
        <line num="26" count="188" type="stmt"/>
        <line num="35" count="84" type="cond" truecount="1" falsecount="1"/>
        <line num="44" count="0" type="cond" truecount="0" falsecount="2"/>
        <line num="53" count="8" type="cond" truecount="1" falsecount="1"/>
        <line num="62" count="20" type="cond" truecount="1" falsecount="1"/>
        <line num="71" count="9" type="cond" truecount="1" falsecount="1"/>
        <line num="72" count="9" type="stmt"/>
        <line num="81" count="30" type="stmt"/>
        <line num="91" count="30" type="stmt"/>
        <line num="92" count="158" type="stmt"/>
      </file>
    </package>
  </project>
</coverage>
