{"/Users/florianogomez/development/Learning/OpenClassrooms/Développeur d'application - JavaScript React/Projet 14 - Faites passer une librairie jQuery vers React/hrnet-react/app/appRoutes.ts": {"path":"/Users/florianogomez/development/Learning/OpenClassrooms/Développeur d'application - JavaScript React/Projet 14 - Faites passer une librairie jQuery vers React/hrnet-react/app/appRoutes.ts","statementMap":{"0":{"start":{"line":10,"column":25},"end":{"line":25,"column":10}}},"fnMap":{},"branchMap":{},"s":{"0":5},"f":{},"b":{},"_coverageSchema":"1a1c01bbd47fc00a2c39e90264f33305004495a9","hash":"bfcdd1765ad30eeb9997c66be6e0571f68223e0b"}
,"/Users/florianogomez/development/Learning/OpenClassrooms/Développeur d'application - JavaScript React/Projet 14 - Faites passer une librairie jQuery vers React/hrnet-react/app/appcrypto.ts": {"path":"/Users/florianogomez/development/Learning/OpenClassrooms/Développeur d'application - JavaScript React/Projet 14 - Faites passer une librairie jQuery vers React/hrnet-react/app/appcrypto.ts","statementMap":{"0":{"start":{"line":21,"column":25},"end":{"line":21,"column":38}},"1":{"start":{"line":22,"column":23},"end":{"line":22,"column":34}},"2":{"start":{"line":34,"column":18},"end":{"line":34,"column":35}},"3":{"start":{"line":35,"column":13},"end":{"line":35,"column":55}},"4":{"start":{"line":36,"column":14},"end":{"line":36,"column":47}},"5":{"start":{"line":38,"column":20},"end":{"line":42,"column":3}},"6":{"start":{"line":45,"column":19},"end":{"line":45,"column":71}},"7":{"start":{"line":47,"column":2},"end":{"line":47,"column":22}},"8":{"start":{"line":48,"column":2},"end":{"line":48,"column":57}},"9":{"start":{"line":50,"column":2},"end":{"line":50,"column":51}},"10":{"start":{"line":63,"column":18},"end":{"line":63,"column":35}},"11":{"start":{"line":64,"column":24},"end":{"line":64,"column":63}},"12":{"start":{"line":67,"column":13},"end":{"line":67,"column":39}},"13":{"start":{"line":68,"column":15},"end":{"line":68,"column":38}},"14":{"start":{"line":70,"column":14},"end":{"line":70,"column":47}},"15":{"start":{"line":72,"column":20},"end":{"line":76,"column":3}},"16":{"start":{"line":78,"column":2},"end":{"line":78,"column":35}},"17":{"start":{"line":89,"column":18},"end":{"line":89,"column":35}},"18":{"start":{"line":91,"column":22},"end":{"line":97,"column":3}},"19":{"start":{"line":99,"column":2},"end":{"line":110,"column":4}},"20":{"start":{"line":121,"column":20},"end":{"line":121,"column":42}},"21":{"start":{"line":122,"column":20},"end":{"line":122,"column":88}},"22":{"start":{"line":122,"column":52},"end":{"line":122,"column":83}},"23":{"start":{"line":124,"column":2},"end":{"line":124,"column":25}},"24":{"start":{"line":135,"column":23},"end":{"line":135,"column":35}},"25":{"start":{"line":136,"column":20},"end":{"line":136,"column":55}},"26":{"start":{"line":137,"column":2},"end":{"line":137,"column":90}},"27":{"start":{"line":137,"column":15},"end":{"line":137,"column":16}},"28":{"start":{"line":137,"column":48},"end":{"line":137,"column":90}},"29":{"start":{"line":139,"column":2},"end":{"line":139,"column":26}},"30":{"start":{"line":150,"column":18},"end":{"line":150,"column":35}},"31":{"start":{"line":151,"column":18},"end":{"line":151,"column":47}},"32":{"start":{"line":153,"column":2},"end":{"line":155,"column":5}},"33":{"start":{"line":166,"column":18},"end":{"line":166,"column":35}},"34":{"start":{"line":167,"column":14},"end":{"line":167,"column":42}},"35":{"start":{"line":168,"column":20},"end":{"line":168,"column":79}},"36":{"start":{"line":170,"column":2},"end":{"line":170,"column":50}},"37":{"start":{"line":184,"column":2},"end":{"line":184,"column":36}}},"fnMap":{"0":{"name":"(anonymous_0)","decl":{"start":{"line":33,"column":1},"end":{"line":33,"column":2}},"loc":{"start":{"line":33,"column":60},"end":{"line":51,"column":2}},"line":33},"1":{"name":"(anonymous_1)","decl":{"start":{"line":62,"column":1},"end":{"line":62,"column":2}},"loc":{"start":{"line":62,"column":69},"end":{"line":79,"column":2}},"line":62},"2":{"name":"(anonymous_2)","decl":{"start":{"line":88,"column":1},"end":{"line":88,"column":2}},"loc":{"start":{"line":88,"column":68},"end":{"line":111,"column":2}},"line":88},"3":{"name":"(anonymous_3)","decl":{"start":{"line":120,"column":1},"end":{"line":120,"column":2}},"loc":{"start":{"line":120,"column":65},"end":{"line":125,"column":2}},"line":120},"4":{"name":"(anonymous_4)","decl":{"start":{"line":122,"column":37},"end":{"line":122,"column":38}},"loc":{"start":{"line":122,"column":52},"end":{"line":122,"column":83}},"line":122},"5":{"name":"(anonymous_5)","decl":{"start":{"line":134,"column":1},"end":{"line":134,"column":2}},"loc":{"start":{"line":134,"column":65},"end":{"line":140,"column":2}},"line":134},"6":{"name":"(anonymous_6)","decl":{"start":{"line":148,"column":1},"end":{"line":148,"column":2}},"loc":{"start":{"line":148,"column":55},"end":{"line":156,"column":2}},"line":148},"7":{"name":"(anonymous_7)","decl":{"start":{"line":165,"column":1},"end":{"line":165,"column":2}},"loc":{"start":{"line":165,"column":65},"end":{"line":171,"column":2}},"line":165},"8":{"name":"(anonymous_8)","decl":{"start":{"line":183,"column":1},"end":{"line":183,"column":2}},"loc":{"start":{"line":183,"column":59},"end":{"line":185,"column":2}},"line":183}},"branchMap":{},"s":{"0":19,"1":19,"2":0,"3":0,"4":0,"5":0,"6":0,"7":0,"8":0,"9":0,"10":0,"11":0,"12":0,"13":0,"14":0,"15":0,"16":0,"17":0,"18":0,"19":0,"20":0,"21":0,"22":0,"23":0,"24":0,"25":0,"26":0,"27":0,"28":0,"29":0,"30":0,"31":0,"32":0,"33":0,"34":0,"35":0,"36":0,"37":0},"f":{"0":0,"1":0,"2":0,"3":0,"4":0,"5":0,"6":0,"7":0,"8":0},"b":{},"_coverageSchema":"1a1c01bbd47fc00a2c39e90264f33305004495a9","hash":"7bada233ec29aa00b9a8e26170c1d397ce8fac62"}
,"/Users/florianogomez/development/Learning/OpenClassrooms/Développeur d'application - JavaScript React/Projet 14 - Faites passer une librairie jQuery vers React/hrnet-react/app/config.ts": {"path":"/Users/florianogomez/development/Learning/OpenClassrooms/Développeur d'application - JavaScript React/Projet 14 - Faites passer une librairie jQuery vers React/hrnet-react/app/config.ts","statementMap":{"0":{"start":{"line":11,"column":35},"end":{"line":63,"column":1}}},"fnMap":{},"branchMap":{},"s":{"0":33},"f":{},"b":{},"_coverageSchema":"1a1c01bbd47fc00a2c39e90264f33305004495a9","hash":"ed8ada4e0b86cf6f1b15ca1424830572323227d5"}
,"/Users/florianogomez/development/Learning/OpenClassrooms/Développeur d'application - JavaScript React/Projet 14 - Faites passer une librairie jQuery vers React/hrnet-react/app/components/Alert.tsx": {"path":"/Users/florianogomez/development/Learning/OpenClassrooms/Développeur d'application - JavaScript React/Projet 14 - Faites passer une librairie jQuery vers React/hrnet-react/app/components/Alert.tsx","statementMap":{"0":{"start":{"line":40,"column":1},"end":{"line":54,"column":3}}},"fnMap":{"0":{"name":"Alert","decl":{"start":{"line":34,"column":24},"end":{"line":34,"column":29}},"loc":{"start":{"line":39,"column":15},"end":{"line":55,"column":1}},"line":39}},"branchMap":{"0":{"loc":{"start":{"line":35,"column":2},"end":{"line":35,"column":36}},"type":"default-arg","locations":[{"start":{"line":35,"column":12},"end":{"line":35,"column":36}}],"line":35},"1":{"loc":{"start":{"line":37,"column":2},"end":{"line":37,"column":21}},"type":"default-arg","locations":[{"start":{"line":37,"column":16},"end":{"line":37,"column":21}}],"line":37},"2":{"loc":{"start":{"line":41,"column":44},"end":{"line":41,"column":83}},"type":"cond-expr","locations":[{"start":{"line":41,"column":58},"end":{"line":41,"column":78}},{"start":{"line":41,"column":81},"end":{"line":41,"column":83}}],"line":41},"3":{"loc":{"start":{"line":43,"column":7},"end":{"line":52,"column":7}},"type":"binary-expr","locations":[{"start":{"line":43,"column":7},"end":{"line":43,"column":18}},{"start":{"line":44,"column":8},"end":{"line":51,"column":17}}],"line":43}},"s":{"0":6},"f":{"0":6},"b":{"0":[5],"1":[4],"2":[2,4],"3":[6,2]},"_coverageSchema":"1a1c01bbd47fc00a2c39e90264f33305004495a9","hash":"37c692277516a93fdb1c95411b1364f8c7d416ee"}
,"/Users/florianogomez/development/Learning/OpenClassrooms/Développeur d'application - JavaScript React/Projet 14 - Faites passer une librairie jQuery vers React/hrnet-react/app/components/AppConfirmationModal.tsx": {"path":"/Users/florianogomez/development/Learning/OpenClassrooms/Développeur d'application - JavaScript React/Projet 14 - Faites passer une librairie jQuery vers React/hrnet-react/app/components/AppConfirmationModal.tsx","statementMap":{"0":{"start":{"line":18,"column":73},"end":{"line":107,"column":1}},"1":{"start":{"line":31,"column":2},"end":{"line":31,"column":27}},"2":{"start":{"line":31,"column":15},"end":{"line":31,"column":27}},"3":{"start":{"line":33,"column":2},"end":{"line":106,"column":4}}},"fnMap":{"0":{"name":"(anonymous_0)","decl":{"start":{"line":18,"column":73},"end":{"line":18,"column":74}},"loc":{"start":{"line":30,"column":6},"end":{"line":107,"column":1}},"line":30}},"branchMap":{"0":{"loc":{"start":{"line":19,"column":2},"end":{"line":19,"column":16}},"type":"default-arg","locations":[{"start":{"line":19,"column":11},"end":{"line":19,"column":16}}],"line":19},"1":{"loc":{"start":{"line":24,"column":2},"end":{"line":24,"column":24}},"type":"default-arg","locations":[{"start":{"line":24,"column":16},"end":{"line":24,"column":24}}],"line":24},"2":{"loc":{"start":{"line":25,"column":2},"end":{"line":25,"column":26}},"type":"default-arg","locations":[{"start":{"line":25,"column":17},"end":{"line":25,"column":26}}],"line":25},"3":{"loc":{"start":{"line":26,"column":2},"end":{"line":26,"column":20}},"type":"default-arg","locations":[{"start":{"line":26,"column":15},"end":{"line":26,"column":20}}],"line":26},"4":{"loc":{"start":{"line":27,"column":2},"end":{"line":27,"column":32}},"type":"default-arg","locations":[{"start":{"line":27,"column":23},"end":{"line":27,"column":32}}],"line":27},"5":{"loc":{"start":{"line":28,"column":2},"end":{"line":28,"column":33}},"type":"default-arg","locations":[{"start":{"line":28,"column":22},"end":{"line":28,"column":33}}],"line":28},"6":{"loc":{"start":{"line":31,"column":2},"end":{"line":31,"column":27}},"type":"if","locations":[{"start":{"line":31,"column":2},"end":{"line":31,"column":27}},{"start":{},"end":{}}],"line":31},"7":{"loc":{"start":{"line":39,"column":17},"end":{"line":39,"column":51}},"type":"cond-expr","locations":[{"start":{"line":39,"column":31},"end":{"line":39,"column":39}},{"start":{"line":39,"column":42},"end":{"line":39,"column":51}}],"line":39},"8":{"loc":{"start":{"line":58,"column":15},"end":{"line":65,"column":15}},"type":"binary-expr","locations":[{"start":{"line":58,"column":15},"end":{"line":58,"column":26}},{"start":{"line":59,"column":16},"end":{"line":64,"column":18}}],"line":58},"9":{"loc":{"start":{"line":78,"column":25},"end":{"line":78,"column":58}},"type":"cond-expr","locations":[{"start":{"line":78,"column":38},"end":{"line":78,"column":47}},{"start":{"line":78,"column":50},"end":{"line":78,"column":58}}],"line":78},"10":{"loc":{"start":{"line":80,"column":26},"end":{"line":80,"column":45}},"type":"cond-expr","locations":[{"start":{"line":80,"column":39},"end":{"line":80,"column":41}},{"start":{"line":80,"column":44},"end":{"line":80,"column":45}}],"line":80},"11":{"loc":{"start":{"line":87,"column":38},"end":{"line":87,"column":103}},"type":"cond-expr","locations":[{"start":{"line":87,"column":51},"end":{"line":87,"column":82}},{"start":{"line":87,"column":85},"end":{"line":87,"column":103}}],"line":87},"12":{"loc":{"start":{"line":88,"column":25},"end":{"line":88,"column":59}},"type":"cond-expr","locations":[{"start":{"line":88,"column":38},"end":{"line":88,"column":47}},{"start":{"line":88,"column":50},"end":{"line":88,"column":59}}],"line":88},"13":{"loc":{"start":{"line":90,"column":26},"end":{"line":90,"column":45}},"type":"cond-expr","locations":[{"start":{"line":90,"column":39},"end":{"line":90,"column":41}},{"start":{"line":90,"column":44},"end":{"line":90,"column":45}}],"line":90},"14":{"loc":{"start":{"line":92,"column":17},"end":{"line":99,"column":17}},"type":"cond-expr","locations":[{"start":{"line":93,"column":18},"end":{"line":96,"column":21}},{"start":{"line":98,"column":18},"end":{"line":98,"column":30}}],"line":92},"15":{"loc":{"start":{"line":95,"column":44},"end":{"line":95,"column":82}},"type":"binary-expr","locations":[{"start":{"line":95,"column":44},"end":{"line":95,"column":66}},{"start":{"line":95,"column":70},"end":{"line":95,"column":82}}],"line":95}},"s":{"0":6,"1":10,"2":7,"3":3},"f":{"0":10},"b":{"0":[1],"1":[9],"2":[9],"3":[9],"4":[9],"5":[9],"6":[7,3],"7":[3,0],"8":[3,3],"9":[0,3],"10":[0,3],"11":[0,3],"12":[0,3],"13":[0,3],"14":[0,3],"15":[0,0]},"_coverageSchema":"1a1c01bbd47fc00a2c39e90264f33305004495a9","hash":"b36195ee417666d3cc25e652dc78f5a3815a299a"}
,"/Users/florianogomez/development/Learning/OpenClassrooms/Développeur d'application - JavaScript React/Projet 14 - Faites passer une librairie jQuery vers React/hrnet-react/app/components/FullscreenLoader.tsx": {"path":"/Users/florianogomez/development/Learning/OpenClassrooms/Développeur d'application - JavaScript React/Projet 14 - Faites passer une librairie jQuery vers React/hrnet-react/app/components/FullscreenLoader.tsx","statementMap":{"0":{"start":{"line":15,"column":2},"end":{"line":27,"column":4}}},"fnMap":{"0":{"name":"FullscreenLoader","decl":{"start":{"line":14,"column":16},"end":{"line":14,"column":32}},"loc":{"start":{"line":14,"column":35},"end":{"line":28,"column":1}},"line":14}},"branchMap":{},"s":{"0":2},"f":{"0":2},"b":{},"_coverageSchema":"1a1c01bbd47fc00a2c39e90264f33305004495a9","hash":"76e6ecd9bda4d005e82be99c3c5d678e4263413a"}
,"/Users/florianogomez/development/Learning/OpenClassrooms/Développeur d'application - JavaScript React/Projet 14 - Faites passer une librairie jQuery vers React/hrnet-react/app/components/Loader.tsx": {"path":"/Users/florianogomez/development/Learning/OpenClassrooms/Développeur d'application - JavaScript React/Projet 14 - Faites passer une librairie jQuery vers React/hrnet-react/app/components/Loader.tsx","statementMap":{"0":{"start":{"line":41,"column":1},"end":{"line":47,"column":3}}},"fnMap":{"0":{"name":"Loader","decl":{"start":{"line":40,"column":24},"end":{"line":40,"column":30}},"loc":{"start":{"line":40,"column":75},"end":{"line":48,"column":1}},"line":40}},"branchMap":{"0":{"loc":{"start":{"line":40,"column":33},"end":{"line":40,"column":42}},"type":"default-arg","locations":[{"start":{"line":40,"column":40},"end":{"line":40,"column":42}}],"line":40},"1":{"loc":{"start":{"line":40,"column":44},"end":{"line":40,"column":58}},"type":"default-arg","locations":[{"start":{"line":40,"column":56},"end":{"line":40,"column":58}}],"line":40}},"s":{"0":4},"f":{"0":4},"b":{"0":[2],"1":[2]},"_coverageSchema":"1a1c01bbd47fc00a2c39e90264f33305004495a9","hash":"62737115616720bd1a7c6d958fd0857fb3d6fd51"}
,"/Users/florianogomez/development/Learning/OpenClassrooms/Développeur d'application - JavaScript React/Projet 14 - Faites passer une librairie jQuery vers React/hrnet-react/app/components/PageTitle.tsx": {"path":"/Users/florianogomez/development/Learning/OpenClassrooms/Développeur d'application - JavaScript React/Projet 14 - Faites passer une librairie jQuery vers React/hrnet-react/app/components/PageTitle.tsx","statementMap":{"0":{"start":{"line":4,"column":18},"end":{"line":93,"column":1}},"1":{"start":{"line":16,"column":1},"end":{"line":59,"column":26}},"2":{"start":{"line":17,"column":2},"end":{"line":17,"column":56}},"3":{"start":{"line":19,"column":20},"end":{"line":19,"column":64}},"4":{"start":{"line":20,"column":2},"end":{"line":22,"column":3}},"5":{"start":{"line":21,"column":3},"end":{"line":21,"column":55}},"6":{"start":{"line":24,"column":26},"end":{"line":24,"column":76}},"7":{"start":{"line":25,"column":2},"end":{"line":30,"column":3}},"8":{"start":{"line":26,"column":3},"end":{"line":29,"column":5}},"9":{"start":{"line":33,"column":18},"end":{"line":33,"column":69}},"10":{"start":{"line":34,"column":2},"end":{"line":36,"column":3}},"11":{"start":{"line":35,"column":3},"end":{"line":35,"column":53}},"12":{"start":{"line":39,"column":24},"end":{"line":39,"column":81}},"13":{"start":{"line":40,"column":2},"end":{"line":45,"column":3}},"14":{"start":{"line":41,"column":3},"end":{"line":44,"column":5}},"15":{"start":{"line":47,"column":23},"end":{"line":47,"column":75}},"16":{"start":{"line":48,"column":2},"end":{"line":50,"column":3}},"17":{"start":{"line":49,"column":3},"end":{"line":49,"column":58}},"18":{"start":{"line":52,"column":29},"end":{"line":52,"column":87}},"19":{"start":{"line":53,"column":2},"end":{"line":58,"column":3}},"20":{"start":{"line":54,"column":3},"end":{"line":57,"column":5}},"21":{"start":{"line":62,"column":1},"end":{"line":92,"column":3}}},"fnMap":{"0":{"name":"(anonymous_0)","decl":{"start":{"line":4,"column":18},"end":{"line":4,"column":19}},"loc":{"start":{"line":14,"column":6},"end":{"line":93,"column":1}},"line":14},"1":{"name":"(anonymous_1)","decl":{"start":{"line":16,"column":11},"end":{"line":16,"column":12}},"loc":{"start":{"line":16,"column":17},"end":{"line":59,"column":2}},"line":16}},"branchMap":{"0":{"loc":{"start":{"line":17,"column":19},"end":{"line":17,"column":55}},"type":"cond-expr","locations":[{"start":{"line":17,"column":27},"end":{"line":17,"column":45}},{"start":{"line":17,"column":48},"end":{"line":17,"column":55}}],"line":17},"1":{"loc":{"start":{"line":20,"column":2},"end":{"line":22,"column":3}},"type":"if","locations":[{"start":{"line":20,"column":2},"end":{"line":22,"column":3}},{"start":{},"end":{}}],"line":20},"2":{"loc":{"start":{"line":21,"column":37},"end":{"line":21,"column":53}},"type":"binary-expr","locations":[{"start":{"line":21,"column":37},"end":{"line":21,"column":42}},{"start":{"line":21,"column":46},"end":{"line":21,"column":53}}],"line":21},"3":{"loc":{"start":{"line":25,"column":2},"end":{"line":30,"column":3}},"type":"if","locations":[{"start":{"line":25,"column":2},"end":{"line":30,"column":3}},{"start":{},"end":{}}],"line":25},"4":{"loc":{"start":{"line":28,"column":4},"end":{"line":28,"column":82}},"type":"binary-expr","locations":[{"start":{"line":28,"column":4},"end":{"line":28,"column":15}},{"start":{"line":28,"column":19},"end":{"line":28,"column":82}}],"line":28},"5":{"loc":{"start":{"line":34,"column":2},"end":{"line":36,"column":3}},"type":"if","locations":[{"start":{"line":34,"column":2},"end":{"line":36,"column":3}},{"start":{},"end":{}}],"line":34},"6":{"loc":{"start":{"line":35,"column":35},"end":{"line":35,"column":51}},"type":"binary-expr","locations":[{"start":{"line":35,"column":35},"end":{"line":35,"column":40}},{"start":{"line":35,"column":44},"end":{"line":35,"column":51}}],"line":35},"7":{"loc":{"start":{"line":40,"column":2},"end":{"line":45,"column":3}},"type":"if","locations":[{"start":{"line":40,"column":2},"end":{"line":45,"column":3}},{"start":{},"end":{}}],"line":40},"8":{"loc":{"start":{"line":43,"column":4},"end":{"line":43,"column":82}},"type":"binary-expr","locations":[{"start":{"line":43,"column":4},"end":{"line":43,"column":15}},{"start":{"line":43,"column":19},"end":{"line":43,"column":82}}],"line":43},"9":{"loc":{"start":{"line":48,"column":2},"end":{"line":50,"column":3}},"type":"if","locations":[{"start":{"line":48,"column":2},"end":{"line":50,"column":3}},{"start":{},"end":{}}],"line":48},"10":{"loc":{"start":{"line":49,"column":40},"end":{"line":49,"column":56}},"type":"binary-expr","locations":[{"start":{"line":49,"column":40},"end":{"line":49,"column":45}},{"start":{"line":49,"column":49},"end":{"line":49,"column":56}}],"line":49},"11":{"loc":{"start":{"line":53,"column":2},"end":{"line":58,"column":3}},"type":"if","locations":[{"start":{"line":53,"column":2},"end":{"line":58,"column":3}},{"start":{},"end":{}}],"line":53},"12":{"loc":{"start":{"line":56,"column":4},"end":{"line":56,"column":82}},"type":"binary-expr","locations":[{"start":{"line":56,"column":4},"end":{"line":56,"column":15}},{"start":{"line":56,"column":19},"end":{"line":56,"column":82}}],"line":56},"13":{"loc":{"start":{"line":76,"column":7},"end":{"line":85,"column":7}},"type":"binary-expr","locations":[{"start":{"line":76,"column":7},"end":{"line":76,"column":15}},{"start":{"line":77,"column":7},"end":{"line":84,"column":10}}],"line":76},"14":{"loc":{"start":{"line":79,"column":25},"end":{"line":79,"column":44}},"type":"binary-expr","locations":[{"start":{"line":79,"column":25},"end":{"line":79,"column":38}},{"start":{"line":79,"column":42},"end":{"line":79,"column":44}}],"line":79}},"s":{"0":4,"1":7,"2":7,"3":7,"4":7,"5":4,"6":7,"7":7,"8":4,"9":7,"10":7,"11":4,"12":7,"13":7,"14":4,"15":7,"16":7,"17":4,"18":7,"19":7,"20":4,"21":7},"f":{"0":7,"1":7},"b":{"0":[7,0],"1":[4,3],"2":[4,0],"3":[4,3],"4":[4,3],"5":[4,3],"6":[4,0],"7":[4,3],"8":[4,3],"9":[4,3],"10":[4,0],"11":[4,3],"12":[4,3],"13":[7,1],"14":[1,0]},"_coverageSchema":"1a1c01bbd47fc00a2c39e90264f33305004495a9","hash":"0f79476dba94a89eabb4bb5bf8acbfbd7ccf4364"}
,"/Users/florianogomez/development/Learning/OpenClassrooms/Développeur d'application - JavaScript React/Projet 14 - Faites passer une librairie jQuery vers React/hrnet-react/app/components/layout/HorizontalNavigation.tsx": {"path":"/Users/florianogomez/development/Learning/OpenClassrooms/Développeur d'application - JavaScript React/Projet 14 - Faites passer une librairie jQuery vers React/hrnet-react/app/components/layout/HorizontalNavigation.tsx","statementMap":{"0":{"start":{"line":35,"column":29},"end":{"line":67,"column":1}},"1":{"start":{"line":36,"column":18},"end":{"line":36,"column":31}},"2":{"start":{"line":38,"column":1},"end":{"line":66,"column":3}},"3":{"start":{"line":50,"column":6},"end":{"line":61,"column":13}}},"fnMap":{"0":{"name":"(anonymous_0)","decl":{"start":{"line":35,"column":29},"end":{"line":35,"column":30}},"loc":{"start":{"line":35,"column":81},"end":{"line":67,"column":1}},"line":35},"1":{"name":"(anonymous_1)","decl":{"start":{"line":49,"column":20},"end":{"line":49,"column":21}},"loc":{"start":{"line":50,"column":6},"end":{"line":61,"column":13}},"line":50}},"branchMap":{"0":{"loc":{"start":{"line":54,"column":8},"end":{"line":56,"column":37}},"type":"cond-expr","locations":[{"start":{"line":55,"column":11},"end":{"line":55,"column":34}},{"start":{"line":56,"column":11},"end":{"line":56,"column":37}}],"line":54},"1":{"loc":{"start":{"line":59,"column":8},"end":{"line":59,"column":60}},"type":"binary-expr","locations":[{"start":{"line":59,"column":8},"end":{"line":59,"column":17}},{"start":{"line":59,"column":21},"end":{"line":59,"column":60}}],"line":59}},"s":{"0":4,"1":9,"2":9,"3":27},"f":{"0":9,"1":27},"b":{"0":[9,18],"1":[27,23]},"_coverageSchema":"1a1c01bbd47fc00a2c39e90264f33305004495a9","hash":"b5839e07f21d7480e508bd8d27e712fb51623967"}
,"/Users/florianogomez/development/Learning/OpenClassrooms/Développeur d'application - JavaScript React/Projet 14 - Faites passer une librairie jQuery vers React/hrnet-react/app/components/wrappers/AppProvidersWrapper.tsx": {"path":"/Users/florianogomez/development/Learning/OpenClassrooms/Développeur d'application - JavaScript React/Projet 14 - Faites passer une librairie jQuery vers React/hrnet-react/app/components/wrappers/AppProvidersWrapper.tsx","statementMap":{"0":{"start":{"line":4,"column":15},"end":{"line":4,"column":50}},"1":{"start":{"line":31,"column":1},"end":{"line":38,"column":8}},"2":{"start":{"line":32,"column":2},"end":{"line":32,"column":51}},"3":{"start":{"line":34,"column":2},"end":{"line":34,"column":18}},"4":{"start":{"line":35,"column":2},"end":{"line":37,"column":4}},"5":{"start":{"line":36,"column":3},"end":{"line":36,"column":48}},"6":{"start":{"line":46,"column":23},"end":{"line":63,"column":2}},"7":{"start":{"line":48,"column":2},"end":{"line":48,"column":39}},"8":{"start":{"line":50,"column":21},"end":{"line":50,"column":67}},"9":{"start":{"line":51,"column":2},"end":{"line":51,"column":66}},"10":{"start":{"line":53,"column":2},"end":{"line":53,"column":46}},"11":{"start":{"line":55,"column":2},"end":{"line":62,"column":5}},"12":{"start":{"line":65,"column":1},"end":{"line":69,"column":3}}},"fnMap":{"0":{"name":"AppProvidersWrapper","decl":{"start":{"line":30,"column":24},"end":{"line":30,"column":43}},"loc":{"start":{"line":30,"column":84},"end":{"line":70,"column":1}},"line":30},"1":{"name":"(anonymous_1)","decl":{"start":{"line":31,"column":11},"end":{"line":31,"column":12}},"loc":{"start":{"line":31,"column":17},"end":{"line":38,"column":2}},"line":31},"2":{"name":"(anonymous_2)","decl":{"start":{"line":35,"column":9},"end":{"line":35,"column":10}},"loc":{"start":{"line":35,"column":15},"end":{"line":37,"column":3}},"line":35},"3":{"name":"(anonymous_3)","decl":{"start":{"line":46,"column":23},"end":{"line":46,"column":24}},"loc":{"start":{"line":46,"column":29},"end":{"line":63,"column":2}},"line":46}},"branchMap":{"0":{"loc":{"start":{"line":50,"column":21},"end":{"line":50,"column":67}},"type":"binary-expr","locations":[{"start":{"line":50,"column":21},"end":{"line":50,"column":56}},{"start":{"line":50,"column":60},"end":{"line":50,"column":67}}],"line":50}},"s":{"0":1,"1":4,"2":4,"3":4,"4":4,"5":4,"6":4,"7":4,"8":4,"9":4,"10":4,"11":4,"12":4},"f":{"0":4,"1":4,"2":4,"3":4},"b":{"0":[4,3]},"_coverageSchema":"1a1c01bbd47fc00a2c39e90264f33305004495a9","hash":"78e4ae3fdb01b94532d622b26e775e249a37df2b"}
,"/Users/florianogomez/development/Learning/OpenClassrooms/Développeur d'application - JavaScript React/Projet 14 - Faites passer une librairie jQuery vers React/hrnet-react/app/context/LayoutContext.tsx": {"path":"/Users/florianogomez/development/Learning/OpenClassrooms/Développeur d'application - JavaScript React/Projet 14 - Faites passer une librairie jQuery vers React/hrnet-react/app/context/LayoutContext.tsx","statementMap":{"0":{"start":{"line":27,"column":22},"end":{"line":27,"column":83}},"1":{"start":{"line":34,"column":32},"end":{"line":40,"column":1}},"2":{"start":{"line":35,"column":17},"end":{"line":35,"column":42}},"3":{"start":{"line":36,"column":1},"end":{"line":38,"column":2}},"4":{"start":{"line":37,"column":2},"end":{"line":37,"column":75}},"5":{"start":{"line":39,"column":1},"end":{"line":39,"column":16}},"6":{"start":{"line":49,"column":30},"end":{"line":69,"column":1}},"7":{"start":{"line":50,"column":37},"end":{"line":50,"column":61}},"8":{"start":{"line":55,"column":20},"end":{"line":57,"column":2}},"9":{"start":{"line":56,"column":2},"end":{"line":56,"column":31}},"10":{"start":{"line":56,"column":24},"end":{"line":56,"column":29}},"11":{"start":{"line":59,"column":40},"end":{"line":62,"column":2}},"12":{"start":{"line":64,"column":1},"end":{"line":68,"column":3}}},"fnMap":{"0":{"name":"(anonymous_0)","decl":{"start":{"line":34,"column":32},"end":{"line":34,"column":33}},"loc":{"start":{"line":34,"column":63},"end":{"line":40,"column":1}},"line":34},"1":{"name":"(anonymous_1)","decl":{"start":{"line":49,"column":30},"end":{"line":49,"column":31}},"loc":{"start":{"line":49,"column":62},"end":{"line":69,"column":1}},"line":49},"2":{"name":"(anonymous_2)","decl":{"start":{"line":55,"column":20},"end":{"line":55,"column":21}},"loc":{"start":{"line":55,"column":26},"end":{"line":57,"column":2}},"line":55},"3":{"name":"(anonymous_3)","decl":{"start":{"line":56,"column":16},"end":{"line":56,"column":17}},"loc":{"start":{"line":56,"column":24},"end":{"line":56,"column":29}},"line":56}},"branchMap":{"0":{"loc":{"start":{"line":36,"column":1},"end":{"line":38,"column":2}},"type":"if","locations":[{"start":{"line":36,"column":1},"end":{"line":38,"column":2}},{"start":{},"end":{}}],"line":36}},"s":{"0":3,"1":3,"2":7,"3":6,"4":2,"5":4,"6":3,"7":6,"8":6,"9":2,"10":2,"11":6,"12":6},"f":{"0":7,"1":6,"2":2,"3":2},"b":{"0":[2,4]},"_coverageSchema":"1a1c01bbd47fc00a2c39e90264f33305004495a9","hash":"5bbc0a9ee6211c288d24a90ac2e9455c9f3a2497"}
,"/Users/florianogomez/development/Learning/OpenClassrooms/Développeur d'application - JavaScript React/Projet 14 - Faites passer une librairie jQuery vers React/hrnet-react/app/enums/AlertVariantEnum.ts": {"path":"/Users/florianogomez/development/Learning/OpenClassrooms/Développeur d'application - JavaScript React/Projet 14 - Faites passer une librairie jQuery vers React/hrnet-react/app/enums/AlertVariantEnum.ts","statementMap":{},"fnMap":{},"branchMap":{},"s":{},"f":{},"b":{},"_coverageSchema":"1a1c01bbd47fc00a2c39e90264f33305004495a9","hash":"3d662b35d7bc314bbd3eb44fd3af137b921f054d"}
,"/Users/florianogomez/development/Learning/OpenClassrooms/Développeur d'application - JavaScript React/Projet 14 - Faites passer une librairie jQuery vers React/hrnet-react/app/enums/ApiModeEnum.ts": {"path":"/Users/florianogomez/development/Learning/OpenClassrooms/Développeur d'application - JavaScript React/Projet 14 - Faites passer une librairie jQuery vers React/hrnet-react/app/enums/ApiModeEnum.ts","statementMap":{},"fnMap":{},"branchMap":{},"s":{},"f":{},"b":{},"_coverageSchema":"1a1c01bbd47fc00a2c39e90264f33305004495a9","hash":"4d943ffab2e968aa0e8b5c734615eff99ef46736"}
,"/Users/florianogomez/development/Learning/OpenClassrooms/Développeur d'application - JavaScript React/Projet 14 - Faites passer une librairie jQuery vers React/hrnet-react/app/enums/EnvEnum.ts": {"path":"/Users/florianogomez/development/Learning/OpenClassrooms/Développeur d'application - JavaScript React/Projet 14 - Faites passer une librairie jQuery vers React/hrnet-react/app/enums/EnvEnum.ts","statementMap":{},"fnMap":{},"branchMap":{},"s":{},"f":{},"b":{},"_coverageSchema":"1a1c01bbd47fc00a2c39e90264f33305004495a9","hash":"44ebf433b9c129fbd400fa86055af30878b5dddf"}
,"/Users/florianogomez/development/Learning/OpenClassrooms/Développeur d'application - JavaScript React/Projet 14 - Faites passer une librairie jQuery vers React/hrnet-react/app/layouts/HRnetLayout.tsx": {"path":"/Users/florianogomez/development/Learning/OpenClassrooms/Développeur d'application - JavaScript React/Projet 14 - Faites passer une librairie jQuery vers React/hrnet-react/app/layouts/HRnetLayout.tsx","statementMap":{"0":{"start":{"line":14,"column":1},"end":{"line":18,"column":3}}},"fnMap":{"0":{"name":"HRnetLayout","decl":{"start":{"line":13,"column":24},"end":{"line":13,"column":35}},"loc":{"start":{"line":13,"column":64},"end":{"line":19,"column":1}},"line":13}},"branchMap":{},"s":{"0":2},"f":{"0":2},"b":{},"_coverageSchema":"1a1c01bbd47fc00a2c39e90264f33305004495a9","hash":"5524af612a204e1620881fc6102c78c25dc52850"}
,"/Users/florianogomez/development/Learning/OpenClassrooms/Développeur d'application - JavaScript React/Projet 14 - Faites passer une librairie jQuery vers React/hrnet-react/app/layouts/HorizontalLayout.tsx": {"path":"/Users/florianogomez/development/Learning/OpenClassrooms/Développeur d'application - JavaScript React/Projet 14 - Faites passer une librairie jQuery vers React/hrnet-react/app/layouts/HorizontalLayout.tsx","statementMap":{"0":{"start":{"line":14,"column":25},"end":{"line":37,"column":1}},"1":{"start":{"line":18,"column":18},"end":{"line":22,"column":1}},"2":{"start":{"line":24,"column":1},"end":{"line":36,"column":3}}},"fnMap":{"0":{"name":"(anonymous_0)","decl":{"start":{"line":14,"column":25},"end":{"line":14,"column":26}},"loc":{"start":{"line":14,"column":57},"end":{"line":37,"column":1}},"line":14}},"branchMap":{},"s":{"0":3,"1":5,"2":5},"f":{"0":5},"b":{},"_coverageSchema":"1a1c01bbd47fc00a2c39e90264f33305004495a9","hash":"32dcd0412b226e50e7b96f4d65ce293c99300293"}
,"/Users/florianogomez/development/Learning/OpenClassrooms/Développeur d'application - JavaScript React/Projet 14 - Faites passer une librairie jQuery vers React/hrnet-react/app/modules/employee/routes.ts": {"path":"/Users/florianogomez/development/Learning/OpenClassrooms/Développeur d'application - JavaScript React/Projet 14 - Faites passer une librairie jQuery vers React/hrnet-react/app/modules/employee/routes.ts","statementMap":{"0":{"start":{"line":3,"column":15},"end":{"line":3,"column":27}},"1":{"start":{"line":13,"column":30},"end":{"line":34,"column":10}},"2":{"start":{"line":25,"column":51},"end":{"line":25,"column":81}},"3":{"start":{"line":32,"column":51},"end":{"line":32,"column":81}}},"fnMap":{"0":{"name":"(anonymous_0)","decl":{"start":{"line":25,"column":10},"end":{"line":25,"column":11}},"loc":{"start":{"line":25,"column":51},"end":{"line":25,"column":81}},"line":25},"1":{"name":"(anonymous_1)","decl":{"start":{"line":32,"column":10},"end":{"line":32,"column":11}},"loc":{"start":{"line":32,"column":51},"end":{"line":32,"column":81}},"line":32}},"branchMap":{},"s":{"0":6,"1":6,"2":1,"3":1},"f":{"0":1,"1":1},"b":{},"_coverageSchema":"1a1c01bbd47fc00a2c39e90264f33305004495a9","hash":"2d5964869ee1a1c22918d7d04ca7b164db4c5798"}
,"/Users/florianogomez/development/Learning/OpenClassrooms/Développeur d'application - JavaScript React/Projet 14 - Faites passer une librairie jQuery vers React/hrnet-react/app/modules/employee/actions/createEmployeeAction.ts": {"path":"/Users/florianogomez/development/Learning/OpenClassrooms/Développeur d'application - JavaScript React/Projet 14 - Faites passer une librairie jQuery vers React/hrnet-react/app/modules/employee/actions/createEmployeeAction.ts","statementMap":{"0":{"start":{"line":9,"column":15},"end":{"line":9,"column":51}},"1":{"start":{"line":24,"column":36},"end":{"line":47,"column":1}},"2":{"start":{"line":27,"column":2},"end":{"line":46,"column":3}},"3":{"start":{"line":28,"column":4},"end":{"line":28,"column":106}},"4":{"start":{"line":30,"column":16},"end":{"line":30,"column":54}},"5":{"start":{"line":31,"column":19},"end":{"line":31,"column":38}},"6":{"start":{"line":33,"column":4},"end":{"line":36,"column":5}},"7":{"start":{"line":34,"column":6},"end":{"line":34,"column":65}},"8":{"start":{"line":35,"column":6},"end":{"line":35,"column":74}},"9":{"start":{"line":39,"column":4},"end":{"line":39,"column":63}},"10":{"start":{"line":41,"column":4},"end":{"line":41,"column":67}},"11":{"start":{"line":42,"column":4},"end":{"line":42,"column":18}},"12":{"start":{"line":44,"column":4},"end":{"line":44,"column":50}},"13":{"start":{"line":45,"column":4},"end":{"line":45,"column":16}}},"fnMap":{"0":{"name":"(anonymous_0)","decl":{"start":{"line":24,"column":36},"end":{"line":24,"column":37}},"loc":{"start":{"line":26,"column":36},"end":{"line":47,"column":1}},"line":26}},"branchMap":{"0":{"loc":{"start":{"line":33,"column":4},"end":{"line":36,"column":5}},"type":"if","locations":[{"start":{"line":33,"column":4},"end":{"line":36,"column":5}},{"start":{},"end":{}}],"line":33}},"s":{"0":7,"1":7,"2":3,"3":3,"4":3,"5":3,"6":2,"7":1,"8":1,"9":1,"10":1,"11":1,"12":2,"13":2},"f":{"0":3},"b":{"0":[1,1]},"_coverageSchema":"1a1c01bbd47fc00a2c39e90264f33305004495a9","hash":"c671efe7bb4e8a0f90243efa3b60251fc3f3cba6"}
,"/Users/florianogomez/development/Learning/OpenClassrooms/Développeur d'application - JavaScript React/Projet 14 - Faites passer une librairie jQuery vers React/hrnet-react/app/modules/employee/actions/deleteEmployeeAction.ts": {"path":"/Users/florianogomez/development/Learning/OpenClassrooms/Développeur d'application - JavaScript React/Projet 14 - Faites passer une librairie jQuery vers React/hrnet-react/app/modules/employee/actions/deleteEmployeeAction.ts","statementMap":{"0":{"start":{"line":6,"column":15},"end":{"line":6,"column":51}},"1":{"start":{"line":21,"column":36},"end":{"line":41,"column":1}},"2":{"start":{"line":24,"column":2},"end":{"line":40,"column":3}},"3":{"start":{"line":25,"column":4},"end":{"line":25,"column":60}},"4":{"start":{"line":27,"column":16},"end":{"line":27,"column":57}},"5":{"start":{"line":28,"column":19},"end":{"line":28,"column":38}},"6":{"start":{"line":30,"column":4},"end":{"line":33,"column":5}},"7":{"start":{"line":31,"column":6},"end":{"line":31,"column":65}},"8":{"start":{"line":32,"column":6},"end":{"line":32,"column":74}},"9":{"start":{"line":35,"column":4},"end":{"line":35,"column":58}},"10":{"start":{"line":36,"column":4},"end":{"line":36,"column":18}},"11":{"start":{"line":38,"column":4},"end":{"line":38,"column":50}},"12":{"start":{"line":39,"column":4},"end":{"line":39,"column":16}}},"fnMap":{"0":{"name":"(anonymous_0)","decl":{"start":{"line":21,"column":36},"end":{"line":21,"column":37}},"loc":{"start":{"line":23,"column":60},"end":{"line":41,"column":1}},"line":23}},"branchMap":{"0":{"loc":{"start":{"line":30,"column":4},"end":{"line":33,"column":5}},"type":"if","locations":[{"start":{"line":30,"column":4},"end":{"line":33,"column":5}},{"start":{},"end":{}}],"line":30}},"s":{"0":5,"1":5,"2":3,"3":3,"4":3,"5":3,"6":2,"7":1,"8":1,"9":1,"10":1,"11":2,"12":2},"f":{"0":3},"b":{"0":[1,1]},"_coverageSchema":"1a1c01bbd47fc00a2c39e90264f33305004495a9","hash":"46959b2d786ab41e6b383f11e00c0372fe70d4b0"}
,"/Users/florianogomez/development/Learning/OpenClassrooms/Développeur d'application - JavaScript React/Projet 14 - Faites passer une librairie jQuery vers React/hrnet-react/app/modules/employee/actions/findEmployeeAction.ts": {"path":"/Users/florianogomez/development/Learning/OpenClassrooms/Développeur d'application - JavaScript React/Projet 14 - Faites passer une librairie jQuery vers React/hrnet-react/app/modules/employee/actions/findEmployeeAction.ts","statementMap":{"0":{"start":{"line":7,"column":15},"end":{"line":7,"column":49}},"1":{"start":{"line":22,"column":34},"end":{"line":42,"column":1}},"2":{"start":{"line":25,"column":2},"end":{"line":41,"column":3}},"3":{"start":{"line":26,"column":4},"end":{"line":26,"column":58}},"4":{"start":{"line":28,"column":16},"end":{"line":28,"column":55}},"5":{"start":{"line":29,"column":19},"end":{"line":29,"column":38}},"6":{"start":{"line":31,"column":4},"end":{"line":34,"column":5}},"7":{"start":{"line":32,"column":6},"end":{"line":32,"column":63}},"8":{"start":{"line":33,"column":6},"end":{"line":33,"column":79}},"9":{"start":{"line":36,"column":4},"end":{"line":36,"column":52}},"10":{"start":{"line":37,"column":4},"end":{"line":37,"column":18}},"11":{"start":{"line":39,"column":4},"end":{"line":39,"column":48}},"12":{"start":{"line":40,"column":4},"end":{"line":40,"column":16}}},"fnMap":{"0":{"name":"(anonymous_0)","decl":{"start":{"line":22,"column":34},"end":{"line":22,"column":35}},"loc":{"start":{"line":24,"column":36},"end":{"line":42,"column":1}},"line":24}},"branchMap":{"0":{"loc":{"start":{"line":31,"column":4},"end":{"line":34,"column":5}},"type":"if","locations":[{"start":{"line":31,"column":4},"end":{"line":34,"column":5}},{"start":{},"end":{}}],"line":31}},"s":{"0":6,"1":6,"2":3,"3":3,"4":3,"5":3,"6":2,"7":1,"8":1,"9":1,"10":1,"11":2,"12":2},"f":{"0":3},"b":{"0":[1,1]},"_coverageSchema":"1a1c01bbd47fc00a2c39e90264f33305004495a9","hash":"d93bbac45b7189b8d6439a340c252fe87a63d4fe"}
,"/Users/florianogomez/development/Learning/OpenClassrooms/Développeur d'application - JavaScript React/Projet 14 - Faites passer une librairie jQuery vers React/hrnet-react/app/modules/employee/actions/getEmployeesAction.ts": {"path":"/Users/florianogomez/development/Learning/OpenClassrooms/Développeur d'application - JavaScript React/Projet 14 - Faites passer une librairie jQuery vers React/hrnet-react/app/modules/employee/actions/getEmployeesAction.ts","statementMap":{"0":{"start":{"line":8,"column":15},"end":{"line":8,"column":49}},"1":{"start":{"line":23,"column":34},"end":{"line":43,"column":1}},"2":{"start":{"line":26,"column":2},"end":{"line":42,"column":3}},"3":{"start":{"line":27,"column":4},"end":{"line":27,"column":51}},"4":{"start":{"line":29,"column":16},"end":{"line":29,"column":59}},"5":{"start":{"line":30,"column":19},"end":{"line":30,"column":38}},"6":{"start":{"line":32,"column":4},"end":{"line":35,"column":5}},"7":{"start":{"line":33,"column":6},"end":{"line":33,"column":63}},"8":{"start":{"line":34,"column":6},"end":{"line":34,"column":75}},"9":{"start":{"line":37,"column":4},"end":{"line":37,"column":84}},"10":{"start":{"line":38,"column":4},"end":{"line":38,"column":47}},"11":{"start":{"line":40,"column":4},"end":{"line":40,"column":48}},"12":{"start":{"line":41,"column":4},"end":{"line":41,"column":16}}},"fnMap":{"0":{"name":"(anonymous_0)","decl":{"start":{"line":23,"column":34},"end":{"line":23,"column":35}},"loc":{"start":{"line":25,"column":38},"end":{"line":43,"column":1}},"line":25}},"branchMap":{"0":{"loc":{"start":{"line":24,"column":2},"end":{"line":24,"column":39}},"type":"default-arg","locations":[{"start":{"line":24,"column":37},"end":{"line":24,"column":39}}],"line":24},"1":{"loc":{"start":{"line":32,"column":4},"end":{"line":35,"column":5}},"type":"if","locations":[{"start":{"line":32,"column":4},"end":{"line":35,"column":5}},{"start":{},"end":{}}],"line":32},"2":{"loc":{"start":{"line":37,"column":29},"end":{"line":37,"column":70}},"type":"cond-expr","locations":[{"start":{"line":37,"column":53},"end":{"line":37,"column":66}},{"start":{"line":37,"column":69},"end":{"line":37,"column":70}}],"line":37},"3":{"loc":{"start":{"line":38,"column":11},"end":{"line":38,"column":46}},"type":"cond-expr","locations":[{"start":{"line":38,"column":35},"end":{"line":38,"column":41}},{"start":{"line":38,"column":44},"end":{"line":38,"column":46}}],"line":38}},"s":{"0":5,"1":5,"2":3,"3":3,"4":3,"5":3,"6":2,"7":1,"8":1,"9":1,"10":1,"11":2,"12":2},"f":{"0":3},"b":{"0":[3],"1":[1,1],"2":[1,0],"3":[1,0]},"_coverageSchema":"1a1c01bbd47fc00a2c39e90264f33305004495a9","hash":"f22b1fc458a38a2306a491b6908e2c1e83081e08"}
,"/Users/florianogomez/development/Learning/OpenClassrooms/Développeur d'application - JavaScript React/Projet 14 - Faites passer une librairie jQuery vers React/hrnet-react/app/modules/employee/actions/index.ts": {"path":"/Users/florianogomez/development/Learning/OpenClassrooms/Développeur d'application - JavaScript React/Projet 14 - Faites passer une librairie jQuery vers React/hrnet-react/app/modules/employee/actions/index.ts","statementMap":{},"fnMap":{},"branchMap":{},"s":{},"f":{},"b":{},"_coverageSchema":"1a1c01bbd47fc00a2c39e90264f33305004495a9","hash":"30c4c36218ec0a0d28606d324918d04e501d1893"}
,"/Users/florianogomez/development/Learning/OpenClassrooms/Développeur d'application - JavaScript React/Projet 14 - Faites passer une librairie jQuery vers React/hrnet-react/app/modules/employee/actions/updateEmployeeAction.ts": {"path":"/Users/florianogomez/development/Learning/OpenClassrooms/Développeur d'application - JavaScript React/Projet 14 - Faites passer une librairie jQuery vers React/hrnet-react/app/modules/employee/actions/updateEmployeeAction.ts","statementMap":{"0":{"start":{"line":9,"column":15},"end":{"line":9,"column":51}},"1":{"start":{"line":25,"column":36},"end":{"line":49,"column":1}},"2":{"start":{"line":29,"column":2},"end":{"line":48,"column":3}},"3":{"start":{"line":30,"column":4},"end":{"line":30,"column":75}},"4":{"start":{"line":32,"column":16},"end":{"line":32,"column":66}},"5":{"start":{"line":33,"column":19},"end":{"line":33,"column":38}},"6":{"start":{"line":35,"column":4},"end":{"line":38,"column":5}},"7":{"start":{"line":36,"column":6},"end":{"line":36,"column":65}},"8":{"start":{"line":37,"column":6},"end":{"line":37,"column":74}},"9":{"start":{"line":41,"column":4},"end":{"line":41,"column":66}},"10":{"start":{"line":43,"column":4},"end":{"line":43,"column":67}},"11":{"start":{"line":44,"column":4},"end":{"line":44,"column":18}},"12":{"start":{"line":46,"column":4},"end":{"line":46,"column":50}},"13":{"start":{"line":47,"column":4},"end":{"line":47,"column":16}}},"fnMap":{"0":{"name":"(anonymous_0)","decl":{"start":{"line":25,"column":36},"end":{"line":25,"column":37}},"loc":{"start":{"line":28,"column":36},"end":{"line":49,"column":1}},"line":28}},"branchMap":{"0":{"loc":{"start":{"line":35,"column":4},"end":{"line":38,"column":5}},"type":"if","locations":[{"start":{"line":35,"column":4},"end":{"line":38,"column":5}},{"start":{},"end":{}}],"line":35}},"s":{"0":6,"1":6,"2":3,"3":3,"4":3,"5":3,"6":2,"7":1,"8":1,"9":1,"10":1,"11":1,"12":2,"13":2},"f":{"0":3},"b":{"0":[1,1]},"_coverageSchema":"1a1c01bbd47fc00a2c39e90264f33305004495a9","hash":"325766bd63e0f9ac4f115b0384c061287ef3ab47"}
,"/Users/florianogomez/development/Learning/OpenClassrooms/Développeur d'application - JavaScript React/Projet 14 - Faites passer une librairie jQuery vers React/hrnet-react/app/modules/employee/components/EmployeeDataTable.tsx": {"path":"/Users/florianogomez/development/Learning/OpenClassrooms/Développeur d'application - JavaScript React/Projet 14 - Faites passer une librairie jQuery vers React/hrnet-react/app/modules/employee/components/EmployeeDataTable.tsx","statementMap":{"0":{"start":{"line":17,"column":0},"end":{"line":17,"column":18}},"1":{"start":{"line":32,"column":67},"end":{"line":300,"column":1}},"2":{"start":{"line":41,"column":19},"end":{"line":41,"column":36}},"3":{"start":{"line":45,"column":34},"end":{"line":45,"column":45}},"4":{"start":{"line":52,"column":21},"end":{"line":55,"column":3}},"5":{"start":{"line":53,"column":4},"end":{"line":53,"column":32}},"6":{"start":{"line":53,"column":21},"end":{"line":53,"column":32}},"7":{"start":{"line":54,"column":4},"end":{"line":54,"column":60}},"8":{"start":{"line":62,"column":22},"end":{"line":64,"column":3}},"9":{"start":{"line":63,"column":4},"end":{"line":63,"column":63}},"10":{"start":{"line":71,"column":25},"end":{"line":73,"column":3}},"11":{"start":{"line":72,"column":4},"end":{"line":72,"column":96}},"12":{"start":{"line":78,"column":18},"end":{"line":156,"column":3}},"13":{"start":{"line":83,"column":8},"end":{"line":92,"column":9}},"14":{"start":{"line":84,"column":10},"end":{"line":91,"column":12}},"15":{"start":{"line":93,"column":8},"end":{"line":93,"column":32}},"16":{"start":{"line":99,"column":32},"end":{"line":99,"column":48}},"17":{"start":{"line":104,"column":32},"end":{"line":104,"column":79}},"18":{"start":{"line":109,"column":32},"end":{"line":109,"column":48}},"19":{"start":{"line":115,"column":8},"end":{"line":122,"column":9}},"20":{"start":{"line":116,"column":10},"end":{"line":121,"column":12}},"21":{"start":{"line":123,"column":8},"end":{"line":123,"column":35}},"22":{"start":{"line":133,"column":24},"end":{"line":141,"column":14}},"23":{"start":{"line":143,"column":26},"end":{"line":151,"column":14}},"24":{"start":{"line":153,"column":8},"end":{"line":153,"column":72}},"25":{"start":{"line":161,"column":20},"end":{"line":192,"column":10}},"26":{"start":{"line":198,"column":2},"end":{"line":225,"column":25}},"27":{"start":{"line":199,"column":30},"end":{"line":217,"column":5}},"28":{"start":{"line":200,"column":21},"end":{"line":200,"column":48}},"29":{"start":{"line":201,"column":21},"end":{"line":201,"column":45}},"30":{"start":{"line":203,"column":6},"end":{"line":203,"column":26}},"31":{"start":{"line":203,"column":19},"end":{"line":203,"column":26}},"32":{"start":{"line":205,"column":25},"end":{"line":205,"column":55}},"33":{"start":{"line":206,"column":6},"end":{"line":206,"column":30}},"34":{"start":{"line":206,"column":23},"end":{"line":206,"column":30}},"35":{"start":{"line":208,"column":6},"end":{"line":216,"column":7}},"36":{"start":{"line":209,"column":8},"end":{"line":209,"column":31}},"37":{"start":{"line":210,"column":8},"end":{"line":210,"column":32}},"38":{"start":{"line":211,"column":8},"end":{"line":211,"column":27}},"39":{"start":{"line":212,"column":13},"end":{"line":216,"column":7}},"40":{"start":{"line":213,"column":8},"end":{"line":213,"column":31}},"41":{"start":{"line":214,"column":8},"end":{"line":214,"column":32}},"42":{"start":{"line":215,"column":8},"end":{"line":215,"column":29}},"43":{"start":{"line":220,"column":4},"end":{"line":220,"column":58}},"44":{"start":{"line":222,"column":4},"end":{"line":224,"column":6}},"45":{"start":{"line":223,"column":6},"end":{"line":223,"column":63}},"46":{"start":{"line":231,"column":2},"end":{"line":233,"column":25}},"47":{"start":{"line":232,"column":4},"end":{"line":232,"column":34}},"48":{"start":{"line":232,"column":24},"end":{"line":232,"column":32}},"49":{"start":{"line":238,"column":2},"end":{"line":249,"column":3}},"50":{"start":{"line":239,"column":4},"end":{"line":248,"column":6}},"51":{"start":{"line":252,"column":2},"end":{"line":260,"column":3}},"52":{"start":{"line":253,"column":4},"end":{"line":259,"column":6}},"53":{"start":{"line":263,"column":2},"end":{"line":299,"column":4}},"54":{"start":{"line":274,"column":30},"end":{"line":274,"column":64}},"55":{"start":{"line":275,"column":31},"end":{"line":275,"column":78}},"56":{"start":{"line":276,"column":26},"end":{"line":276,"column":55}},"57":{"start":{"line":277,"column":27},"end":{"line":277,"column":54}},"58":{"start":{"line":278,"column":14},"end":{"line":278,"column":30}},"59":{"start":{"line":279,"column":14},"end":{"line":279,"column":47}},"60":{"start":{"line":280,"column":14},"end":{"line":280,"column":27}},"61":{"start":{"line":281,"column":14},"end":{"line":281,"column":39}}},"fnMap":{"0":{"name":"(anonymous_0)","decl":{"start":{"line":32,"column":67},"end":{"line":32,"column":68}},"loc":{"start":{"line":37,"column":6},"end":{"line":300,"column":1}},"line":37},"1":{"name":"(anonymous_1)","decl":{"start":{"line":52,"column":21},"end":{"line":52,"column":22}},"loc":{"start":{"line":52,"column":45},"end":{"line":55,"column":3}},"line":52},"2":{"name":"(anonymous_2)","decl":{"start":{"line":62,"column":22},"end":{"line":62,"column":23}},"loc":{"start":{"line":62,"column":55},"end":{"line":64,"column":3}},"line":62},"3":{"name":"(anonymous_3)","decl":{"start":{"line":71,"column":25},"end":{"line":71,"column":26}},"loc":{"start":{"line":71,"column":58},"end":{"line":73,"column":3}},"line":71},"4":{"name":"(anonymous_4)","decl":{"start":{"line":82,"column":14},"end":{"line":82,"column":15}},"loc":{"start":{"line":82,"column":67},"end":{"line":94,"column":7}},"line":82},"5":{"name":"(anonymous_5)","decl":{"start":{"line":99,"column":14},"end":{"line":99,"column":15}},"loc":{"start":{"line":99,"column":32},"end":{"line":99,"column":48}},"line":99},"6":{"name":"(anonymous_6)","decl":{"start":{"line":104,"column":14},"end":{"line":104,"column":15}},"loc":{"start":{"line":104,"column":32},"end":{"line":104,"column":79}},"line":104},"7":{"name":"(anonymous_7)","decl":{"start":{"line":109,"column":14},"end":{"line":109,"column":15}},"loc":{"start":{"line":109,"column":32},"end":{"line":109,"column":48}},"line":109},"8":{"name":"(anonymous_8)","decl":{"start":{"line":114,"column":14},"end":{"line":114,"column":15}},"loc":{"start":{"line":114,"column":67},"end":{"line":124,"column":7}},"line":114},"9":{"name":"(anonymous_9)","decl":{"start":{"line":132,"column":14},"end":{"line":132,"column":15}},"loc":{"start":{"line":132,"column":67},"end":{"line":154,"column":7}},"line":132},"10":{"name":"(anonymous_10)","decl":{"start":{"line":198,"column":12},"end":{"line":198,"column":13}},"loc":{"start":{"line":198,"column":18},"end":{"line":225,"column":3}},"line":198},"11":{"name":"(anonymous_11)","decl":{"start":{"line":199,"column":30},"end":{"line":199,"column":31}},"loc":{"start":{"line":199,"column":48},"end":{"line":217,"column":5}},"line":199},"12":{"name":"(anonymous_12)","decl":{"start":{"line":222,"column":11},"end":{"line":222,"column":12}},"loc":{"start":{"line":222,"column":17},"end":{"line":224,"column":5}},"line":222},"13":{"name":"(anonymous_13)","decl":{"start":{"line":231,"column":12},"end":{"line":231,"column":13}},"loc":{"start":{"line":231,"column":18},"end":{"line":233,"column":3}},"line":231},"14":{"name":"(anonymous_14)","decl":{"start":{"line":232,"column":16},"end":{"line":232,"column":17}},"loc":{"start":{"line":232,"column":24},"end":{"line":232,"column":32}},"line":232},"15":{"name":"(anonymous_15)","decl":{"start":{"line":270,"column":21},"end":{"line":270,"column":22}},"loc":{"start":{"line":270,"column":27},"end":{"line":282,"column":13}},"line":270}},"branchMap":{"0":{"loc":{"start":{"line":33,"column":2},"end":{"line":33,"column":16}},"type":"default-arg","locations":[{"start":{"line":33,"column":14},"end":{"line":33,"column":16}}],"line":33},"1":{"loc":{"start":{"line":34,"column":2},"end":{"line":34,"column":16}},"type":"default-arg","locations":[{"start":{"line":34,"column":12},"end":{"line":34,"column":16}}],"line":34},"2":{"loc":{"start":{"line":53,"column":4},"end":{"line":53,"column":32}},"type":"if","locations":[{"start":{"line":53,"column":4},"end":{"line":53,"column":32}},{"start":{},"end":{}}],"line":53},"3":{"loc":{"start":{"line":83,"column":8},"end":{"line":92,"column":9}},"type":"if","locations":[{"start":{"line":83,"column":8},"end":{"line":92,"column":9}},{"start":{},"end":{}}],"line":83},"4":{"loc":{"start":{"line":83,"column":12},"end":{"line":83,"column":49}},"type":"binary-expr","locations":[{"start":{"line":83,"column":12},"end":{"line":83,"column":30}},{"start":{"line":83,"column":34},"end":{"line":83,"column":49}}],"line":83},"5":{"loc":{"start":{"line":115,"column":8},"end":{"line":122,"column":9}},"type":"if","locations":[{"start":{"line":115,"column":8},"end":{"line":122,"column":9}},{"start":{},"end":{}}],"line":115},"6":{"loc":{"start":{"line":115,"column":12},"end":{"line":115,"column":49}},"type":"binary-expr","locations":[{"start":{"line":115,"column":12},"end":{"line":115,"column":30}},{"start":{"line":115,"column":34},"end":{"line":115,"column":49}}],"line":115},"7":{"loc":{"start":{"line":133,"column":24},"end":{"line":141,"column":14}},"type":"cond-expr","locations":[{"start":{"line":133,"column":33},"end":{"line":141,"column":9}},{"start":{"line":141,"column":12},"end":{"line":141,"column":14}}],"line":133},"8":{"loc":{"start":{"line":143,"column":26},"end":{"line":151,"column":14}},"type":"cond-expr","locations":[{"start":{"line":143,"column":37},"end":{"line":151,"column":9}},{"start":{"line":151,"column":12},"end":{"line":151,"column":14}}],"line":143},"9":{"loc":{"start":{"line":203,"column":6},"end":{"line":203,"column":26}},"type":"if","locations":[{"start":{"line":203,"column":6},"end":{"line":203,"column":26}},{"start":{},"end":{}}],"line":203},"10":{"loc":{"start":{"line":206,"column":6},"end":{"line":206,"column":30}},"type":"if","locations":[{"start":{"line":206,"column":6},"end":{"line":206,"column":30}},{"start":{},"end":{}}],"line":206},"11":{"loc":{"start":{"line":208,"column":6},"end":{"line":216,"column":7}},"type":"if","locations":[{"start":{"line":208,"column":6},"end":{"line":216,"column":7}},{"start":{"line":212,"column":13},"end":{"line":216,"column":7}}],"line":208},"12":{"loc":{"start":{"line":208,"column":10},"end":{"line":208,"column":60}},"type":"binary-expr","locations":[{"start":{"line":208,"column":10},"end":{"line":208,"column":50}},{"start":{"line":208,"column":54},"end":{"line":208,"column":60}}],"line":208},"13":{"loc":{"start":{"line":212,"column":13},"end":{"line":216,"column":7}},"type":"if","locations":[{"start":{"line":212,"column":13},"end":{"line":216,"column":7}},{"start":{},"end":{}}],"line":212},"14":{"loc":{"start":{"line":212,"column":17},"end":{"line":212,"column":71}},"type":"binary-expr","locations":[{"start":{"line":212,"column":17},"end":{"line":212,"column":59}},{"start":{"line":212,"column":63},"end":{"line":212,"column":71}}],"line":212},"15":{"loc":{"start":{"line":238,"column":2},"end":{"line":249,"column":3}},"type":"if","locations":[{"start":{"line":238,"column":2},"end":{"line":249,"column":3}},{"start":{},"end":{}}],"line":238},"16":{"loc":{"start":{"line":238,"column":6},"end":{"line":238,"column":39}},"type":"binary-expr","locations":[{"start":{"line":238,"column":6},"end":{"line":238,"column":13}},{"start":{"line":238,"column":17},"end":{"line":238,"column":39}}],"line":238},"17":{"loc":{"start":{"line":252,"column":2},"end":{"line":260,"column":3}},"type":"if","locations":[{"start":{"line":252,"column":2},"end":{"line":260,"column":3}},{"start":{},"end":{}}],"line":252},"18":{"loc":{"start":{"line":252,"column":6},"end":{"line":252,"column":40}},"type":"binary-expr","locations":[{"start":{"line":252,"column":6},"end":{"line":252,"column":14}},{"start":{"line":252,"column":18},"end":{"line":252,"column":40}}],"line":252}},"s":{"0":6,"1":6,"2":14,"3":14,"4":14,"5":120,"6":120,"7":0,"8":14,"9":80,"10":14,"11":20,"12":14,"13":80,"14":40,"15":40,"16":60,"17":60,"18":60,"19":60,"20":40,"21":20,"22":40,"23":40,"24":40,"25":14,"26":14,"27":7,"28":0,"29":0,"30":0,"31":0,"32":0,"33":0,"34":0,"35":0,"36":0,"37":0,"38":0,"39":0,"40":0,"41":0,"42":0,"43":7,"44":7,"45":7,"46":14,"47":7,"48":7,"49":14,"50":4,"51":10,"52":2,"53":8,"54":0,"55":0,"56":0,"57":0,"58":0,"59":0,"60":0,"61":0},"f":{"0":14,"1":120,"2":80,"3":20,"4":80,"5":60,"6":60,"7":60,"8":60,"9":40,"10":7,"11":0,"12":7,"13":7,"14":7,"15":0},"b":{"0":[0],"1":[4],"2":[120,0],"3":[40,40],"4":[80,60],"5":[40,20],"6":[60,40],"7":[24,16],"8":[24,16],"9":[0,0],"10":[0,0],"11":[0,0],"12":[0,0],"13":[0,0],"14":[0,0],"15":[4,10],"16":[14,6],"17":[2,8],"18":[10,8]},"_coverageSchema":"1a1c01bbd47fc00a2c39e90264f33305004495a9","hash":"fa9893444ea95fbab55eda61cd96c56e3318956d"}
,"/Users/florianogomez/development/Learning/OpenClassrooms/Développeur d'application - JavaScript React/Projet 14 - Faites passer une librairie jQuery vers React/hrnet-react/app/modules/employee/components/EmployeeForm.tsx": {"path":"/Users/florianogomez/development/Learning/OpenClassrooms/Développeur d'application - JavaScript React/Projet 14 - Faites passer une librairie jQuery vers React/hrnet-react/app/modules/employee/components/EmployeeForm.tsx","statementMap":{"0":{"start":{"line":8,"column":60},"end":{"line":12,"column":1}},"1":{"start":{"line":9,"column":31},"end":{"line":9,"column":52}},"2":{"start":{"line":10,"column":1},"end":{"line":10,"column":45}},"3":{"start":{"line":10,"column":23},"end":{"line":10,"column":39}},"4":{"start":{"line":11,"column":1},"end":{"line":11,"column":41}},"5":{"start":{"line":20,"column":1},"end":{"line":20,"column":74}},"6":{"start":{"line":20,"column":64},"end":{"line":20,"column":74}},"7":{"start":{"line":21,"column":14},"end":{"line":21,"column":32}},"8":{"start":{"line":22,"column":15},"end":{"line":22,"column":59}},"9":{"start":{"line":23,"column":13},"end":{"line":23,"column":52}},"10":{"start":{"line":24,"column":1},"end":{"line":24,"column":34}},"11":{"start":{"line":35,"column":15},"end":{"line":35,"column":43}},"12":{"start":{"line":67,"column":57},"end":{"line":396,"column":1}},"13":{"start":{"line":80,"column":58},"end":{"line":91,"column":2}},"14":{"start":{"line":96,"column":33},"end":{"line":96,"column":97}},"15":{"start":{"line":101,"column":1},"end":{"line":105,"column":26}},"16":{"start":{"line":102,"column":2},"end":{"line":104,"column":3}},"17":{"start":{"line":103,"column":3},"end":{"line":103,"column":22}},"18":{"start":{"line":111,"column":27},"end":{"line":117,"column":2}},"19":{"start":{"line":112,"column":26},"end":{"line":112,"column":34}},"20":{"start":{"line":113,"column":2},"end":{"line":116,"column":6}},"21":{"start":{"line":113,"column":25},"end":{"line":116,"column":3}},"22":{"start":{"line":123,"column":26},"end":{"line":131,"column":2}},"23":{"start":{"line":124,"column":2},"end":{"line":124,"column":21}},"24":{"start":{"line":125,"column":2},"end":{"line":130,"column":3}},"25":{"start":{"line":126,"column":3},"end":{"line":126,"column":86}},"26":{"start":{"line":127,"column":3},"end":{"line":127,"column":28}},"27":{"start":{"line":129,"column":3},"end":{"line":129,"column":58}},"28":{"start":{"line":136,"column":22},"end":{"line":142,"column":2}},"29":{"start":{"line":137,"column":2},"end":{"line":141,"column":3}},"30":{"start":{"line":138,"column":3},"end":{"line":138,"column":14}},"31":{"start":{"line":140,"column":3},"end":{"line":140,"column":30}},"32":{"start":{"line":147,"column":27},"end":{"line":147,"column":92}},"33":{"start":{"line":152,"column":33},"end":{"line":152,"column":96}},"34":{"start":{"line":152,"column":66},"end":{"line":152,"column":94}},"35":{"start":{"line":157,"column":22},"end":{"line":160,"column":4}},"36":{"start":{"line":157,"column":49},"end":{"line":160,"column":2}},"37":{"start":{"line":166,"column":28},"end":{"line":169,"column":4}},"38":{"start":{"line":166,"column":57},"end":{"line":169,"column":2}},"39":{"start":{"line":171,"column":3},"end":{"line":395,"column":3}},"40":{"start":{"line":240,"column":10},"end":{"line":243,"column":13}},"41":{"start":{"line":240,"column":33},"end":{"line":243,"column":11}},"42":{"start":{"line":260,"column":10},"end":{"line":263,"column":13}},"43":{"start":{"line":260,"column":33},"end":{"line":263,"column":11}},"44":{"start":{"line":286,"column":54},"end":{"line":286,"column":87}},"45":{"start":{"line":288,"column":10},"end":{"line":288,"column":86}},"46":{"start":{"line":288,"column":33},"end":{"line":288,"column":84}},"47":{"start":{"line":343,"column":49},"end":{"line":343,"column":77}},"48":{"start":{"line":345,"column":10},"end":{"line":345,"column":81}},"49":{"start":{"line":345,"column":33},"end":{"line":345,"column":79}}},"fnMap":{"0":{"name":"(anonymous_0)","decl":{"start":{"line":8,"column":60},"end":{"line":8,"column":61}},"loc":{"start":{"line":8,"column":78},"end":{"line":12,"column":1}},"line":8},"1":{"name":"(anonymous_1)","decl":{"start":{"line":10,"column":17},"end":{"line":10,"column":18}},"loc":{"start":{"line":10,"column":23},"end":{"line":10,"column":39}},"line":10},"2":{"name":"toLocalDateString","decl":{"start":{"line":19,"column":9},"end":{"line":19,"column":26}},"loc":{"start":{"line":19,"column":54},"end":{"line":25,"column":1}},"line":19},"3":{"name":"(anonymous_3)","decl":{"start":{"line":67,"column":57},"end":{"line":67,"column":58}},"loc":{"start":{"line":76,"column":6},"end":{"line":396,"column":1}},"line":76},"4":{"name":"(anonymous_4)","decl":{"start":{"line":101,"column":17},"end":{"line":101,"column":18}},"loc":{"start":{"line":101,"column":23},"end":{"line":105,"column":2}},"line":101},"5":{"name":"(anonymous_5)","decl":{"start":{"line":111,"column":27},"end":{"line":111,"column":28}},"loc":{"start":{"line":111,"column":91},"end":{"line":117,"column":2}},"line":111},"6":{"name":"(anonymous_6)","decl":{"start":{"line":113,"column":14},"end":{"line":113,"column":15}},"loc":{"start":{"line":113,"column":25},"end":{"line":116,"column":3}},"line":113},"7":{"name":"(anonymous_7)","decl":{"start":{"line":123,"column":26},"end":{"line":123,"column":27}},"loc":{"start":{"line":123,"column":73},"end":{"line":131,"column":2}},"line":123},"8":{"name":"(anonymous_8)","decl":{"start":{"line":136,"column":22},"end":{"line":136,"column":23}},"loc":{"start":{"line":136,"column":28},"end":{"line":142,"column":2}},"line":136},"9":{"name":"(anonymous_9)","decl":{"start":{"line":152,"column":55},"end":{"line":152,"column":56}},"loc":{"start":{"line":152,"column":66},"end":{"line":152,"column":94}},"line":152},"10":{"name":"(anonymous_10)","decl":{"start":{"line":157,"column":37},"end":{"line":157,"column":38}},"loc":{"start":{"line":157,"column":49},"end":{"line":160,"column":2}},"line":157},"11":{"name":"(anonymous_11)","decl":{"start":{"line":166,"column":45},"end":{"line":166,"column":46}},"loc":{"start":{"line":166,"column":57},"end":{"line":169,"column":2}},"line":166},"12":{"name":"(anonymous_12)","decl":{"start":{"line":239,"column":19},"end":{"line":239,"column":20}},"loc":{"start":{"line":240,"column":10},"end":{"line":243,"column":13}},"line":240},"13":{"name":"(anonymous_13)","decl":{"start":{"line":240,"column":22},"end":{"line":240,"column":23}},"loc":{"start":{"line":240,"column":33},"end":{"line":243,"column":11}},"line":240},"14":{"name":"(anonymous_14)","decl":{"start":{"line":259,"column":19},"end":{"line":259,"column":20}},"loc":{"start":{"line":260,"column":10},"end":{"line":263,"column":13}},"line":260},"15":{"name":"(anonymous_15)","decl":{"start":{"line":260,"column":22},"end":{"line":260,"column":23}},"loc":{"start":{"line":260,"column":33},"end":{"line":263,"column":11}},"line":260},"16":{"name":"(anonymous_16)","decl":{"start":{"line":286,"column":45},"end":{"line":286,"column":46}},"loc":{"start":{"line":286,"column":54},"end":{"line":286,"column":87}},"line":286},"17":{"name":"(anonymous_17)","decl":{"start":{"line":287,"column":19},"end":{"line":287,"column":20}},"loc":{"start":{"line":288,"column":10},"end":{"line":288,"column":86}},"line":288},"18":{"name":"(anonymous_18)","decl":{"start":{"line":288,"column":22},"end":{"line":288,"column":23}},"loc":{"start":{"line":288,"column":33},"end":{"line":288,"column":84}},"line":288},"19":{"name":"(anonymous_19)","decl":{"start":{"line":343,"column":40},"end":{"line":343,"column":41}},"loc":{"start":{"line":343,"column":49},"end":{"line":343,"column":77}},"line":343},"20":{"name":"(anonymous_20)","decl":{"start":{"line":344,"column":19},"end":{"line":344,"column":20}},"loc":{"start":{"line":345,"column":10},"end":{"line":345,"column":81}},"line":345},"21":{"name":"(anonymous_21)","decl":{"start":{"line":345,"column":22},"end":{"line":345,"column":23}},"loc":{"start":{"line":345,"column":33},"end":{"line":345,"column":79}},"line":345}},"branchMap":{"0":{"loc":{"start":{"line":11,"column":8},"end":{"line":11,"column":40}},"type":"cond-expr","locations":[{"start":{"line":11,"column":18},"end":{"line":11,"column":33}},{"start":{"line":11,"column":36},"end":{"line":11,"column":40}}],"line":11},"1":{"loc":{"start":{"line":20,"column":1},"end":{"line":20,"column":74}},"type":"if","locations":[{"start":{"line":20,"column":1},"end":{"line":20,"column":74}},{"start":{},"end":{}}],"line":20},"2":{"loc":{"start":{"line":20,"column":5},"end":{"line":20,"column":62}},"type":"binary-expr","locations":[{"start":{"line":20,"column":5},"end":{"line":20,"column":10}},{"start":{"line":20,"column":14},"end":{"line":20,"column":37}},{"start":{"line":20,"column":41},"end":{"line":20,"column":62}}],"line":20},"3":{"loc":{"start":{"line":68,"column":3},"end":{"line":68,"column":21}},"type":"default-arg","locations":[{"start":{"line":68,"column":19},"end":{"line":68,"column":21}}],"line":68},"4":{"loc":{"start":{"line":71,"column":3},"end":{"line":71,"column":23}},"type":"default-arg","locations":[{"start":{"line":71,"column":17},"end":{"line":71,"column":23}}],"line":71},"5":{"loc":{"start":{"line":73,"column":3},"end":{"line":73,"column":21}},"type":"default-arg","locations":[{"start":{"line":73,"column":16},"end":{"line":73,"column":21}}],"line":73},"6":{"loc":{"start":{"line":75,"column":3},"end":{"line":75,"column":20}},"type":"default-arg","locations":[{"start":{"line":75,"column":15},"end":{"line":75,"column":20}}],"line":75},"7":{"loc":{"start":{"line":102,"column":2},"end":{"line":104,"column":3}},"type":"if","locations":[{"start":{"line":102,"column":2},"end":{"line":104,"column":3}},{"start":{},"end":{}}],"line":102},"8":{"loc":{"start":{"line":137,"column":2},"end":{"line":141,"column":3}},"type":"if","locations":[{"start":{"line":137,"column":2},"end":{"line":141,"column":3}},{"start":{"line":139,"column":9},"end":{"line":141,"column":3}}],"line":137},"9":{"loc":{"start":{"line":177,"column":7},"end":{"line":177,"column":51}},"type":"cond-expr","locations":[{"start":{"line":177,"column":19},"end":{"line":177,"column":34}},{"start":{"line":177,"column":37},"end":{"line":177,"column":51}}],"line":177},"10":{"loc":{"start":{"line":238,"column":16},"end":{"line":238,"column":76}},"type":"cond-expr","locations":[{"start":{"line":238,"column":39},"end":{"line":238,"column":69}},{"start":{"line":238,"column":72},"end":{"line":238,"column":76}}],"line":238},"11":{"loc":{"start":{"line":258,"column":16},"end":{"line":258,"column":72}},"type":"cond-expr","locations":[{"start":{"line":258,"column":37},"end":{"line":258,"column":65}},{"start":{"line":258,"column":68},"end":{"line":258,"column":72}}],"line":258},"12":{"loc":{"start":{"line":288,"column":56},"end":{"line":288,"column":82}},"type":"cond-expr","locations":[{"start":{"line":288,"column":65},"end":{"line":288,"column":77}},{"start":{"line":288,"column":80},"end":{"line":288,"column":82}}],"line":288},"13":{"loc":{"start":{"line":345,"column":51},"end":{"line":345,"column":77}},"type":"cond-expr","locations":[{"start":{"line":345,"column":60},"end":{"line":345,"column":72}},{"start":{"line":345,"column":75},"end":{"line":345,"column":77}}],"line":345},"14":{"loc":{"start":{"line":382,"column":10},"end":{"line":386,"column":10}},"type":"binary-expr","locations":[{"start":{"line":382,"column":10},"end":{"line":382,"column":20}},{"start":{"line":383,"column":10},"end":{"line":385,"column":17}}],"line":382}},"s":{"0":6,"1":52,"2":52,"3":16,"4":52,"5":0,"6":0,"7":0,"8":0,"9":0,"10":0,"11":6,"12":6,"13":9,"14":9,"15":9,"16":9,"17":1,"18":9,"19":5,"20":5,"21":5,"22":9,"23":1,"24":1,"25":1,"26":1,"27":0,"28":9,"29":0,"30":0,"31":0,"32":9,"33":9,"34":45,"35":9,"36":531,"37":9,"38":531,"39":9,"40":0,"41":0,"42":0,"43":0,"44":13,"45":0,"46":0,"47":60,"48":0,"49":0},"f":{"0":52,"1":16,"2":0,"3":9,"4":9,"5":5,"6":5,"7":1,"8":0,"9":45,"10":531,"11":531,"12":0,"13":0,"14":0,"15":0,"16":13,"17":0,"18":0,"19":60,"20":0,"21":0},"b":{"0":[36,16],"1":[0,0],"2":[0,0,0],"3":[8],"4":[8],"5":[7],"6":[8],"7":[1,8],"8":[0,0],"9":[0,9],"10":[1,8],"11":[1,8],"12":[0,0],"13":[0,0],"14":[9,1]},"_coverageSchema":"1a1c01bbd47fc00a2c39e90264f33305004495a9","hash":"678094ff613c34768ed33962d569a30cbe251445"}
,"/Users/florianogomez/development/Learning/OpenClassrooms/Développeur d'application - JavaScript React/Projet 14 - Faites passer une librairie jQuery vers React/hrnet-react/app/modules/employee/components/index.ts": {"path":"/Users/florianogomez/development/Learning/OpenClassrooms/Développeur d'application - JavaScript React/Projet 14 - Faites passer une librairie jQuery vers React/hrnet-react/app/modules/employee/components/index.ts","statementMap":{},"fnMap":{},"branchMap":{},"s":{},"f":{},"b":{},"_coverageSchema":"1a1c01bbd47fc00a2c39e90264f33305004495a9","hash":"3485055a82b842010447b8f9bc0a565ab0750b2c"}
,"/Users/florianogomez/development/Learning/OpenClassrooms/Développeur d'application - JavaScript React/Projet 14 - Faites passer une librairie jQuery vers React/hrnet-react/app/modules/employee/consumers/EmployeeApiConsumer.ts": {"path":"/Users/florianogomez/development/Learning/OpenClassrooms/Développeur d'application - JavaScript React/Projet 14 - Faites passer une librairie jQuery vers React/hrnet-react/app/modules/employee/consumers/EmployeeApiConsumer.ts","statementMap":{"0":{"start":{"line":19,"column":25},"end":{"line":19,"column":37}},"1":{"start":{"line":28,"column":2},"end":{"line":28,"column":47}}},"fnMap":{"0":{"name":"(anonymous_0)","decl":{"start":{"line":27,"column":1},"end":{"line":27,"column":2}},"loc":{"start":{"line":27,"column":48},"end":{"line":29,"column":2}},"line":27}},"branchMap":{},"s":{"0":17,"1":20},"f":{"0":20},"b":{},"_coverageSchema":"1a1c01bbd47fc00a2c39e90264f33305004495a9","hash":"98512df64d91c9a0a07be47986ddf487f5f9e05c"}
,"/Users/florianogomez/development/Learning/OpenClassrooms/Développeur d'application - JavaScript React/Projet 14 - Faites passer une librairie jQuery vers React/hrnet-react/app/modules/employee/consumers/EmployeeCreateApiConsumer.ts": {"path":"/Users/florianogomez/development/Learning/OpenClassrooms/Développeur d'application - JavaScript React/Projet 14 - Faites passer une librairie jQuery vers React/hrnet-react/app/modules/employee/consumers/EmployeeCreateApiConsumer.ts","statementMap":{"0":{"start":{"line":28,"column":15},"end":{"line":28,"column":40}},"1":{"start":{"line":29,"column":17},"end":{"line":29,"column":39}},"2":{"start":{"line":30,"column":2},"end":{"line":30,"column":32}},"3":{"start":{"line":40,"column":2},"end":{"line":42,"column":3}},"4":{"start":{"line":41,"column":3},"end":{"line":41,"column":29}},"5":{"start":{"line":44,"column":2},"end":{"line":44,"column":26}},"6":{"start":{"line":45,"column":71},"end":{"line":45,"column":92}},"7":{"start":{"line":46,"column":2},"end":{"line":46,"column":27}},"8":{"start":{"line":48,"column":2},"end":{"line":48,"column":52}},"9":{"start":{"line":48,"column":36},"end":{"line":48,"column":52}},"10":{"start":{"line":50,"column":2},"end":{"line":50,"column":43}},"11":{"start":{"line":60,"column":2},"end":{"line":60,"column":26}},"12":{"start":{"line":61,"column":2},"end":{"line":61,"column":83}},"13":{"start":{"line":61,"column":33},"end":{"line":61,"column":81}},"14":{"start":{"line":62,"column":2},"end":{"line":62,"column":27}},"15":{"start":{"line":65,"column":45},"end":{"line":78,"column":3}},"16":{"start":{"line":83,"column":64},"end":{"line":87,"column":3}},"17":{"start":{"line":89,"column":2},"end":{"line":89,"column":47}}},"fnMap":{"0":{"name":"(anonymous_0)","decl":{"start":{"line":27,"column":1},"end":{"line":27,"column":2}},"loc":{"start":{"line":27,"column":61},"end":{"line":31,"column":2}},"line":27},"1":{"name":"(anonymous_1)","decl":{"start":{"line":38,"column":1},"end":{"line":38,"column":2}},"loc":{"start":{"line":38,"column":52},"end":{"line":51,"column":2}},"line":38},"2":{"name":"(anonymous_2)","decl":{"start":{"line":58,"column":1},"end":{"line":58,"column":2}},"loc":{"start":{"line":58,"column":56},"end":{"line":90,"column":2}},"line":58},"3":{"name":"(anonymous_3)","decl":{"start":{"line":61,"column":20},"end":{"line":61,"column":21}},"loc":{"start":{"line":61,"column":33},"end":{"line":61,"column":81}},"line":61}},"branchMap":{"0":{"loc":{"start":{"line":40,"column":2},"end":{"line":42,"column":3}},"type":"if","locations":[{"start":{"line":40,"column":2},"end":{"line":42,"column":3}},{"start":{},"end":{}}],"line":40},"1":{"loc":{"start":{"line":48,"column":2},"end":{"line":48,"column":52}},"type":"if","locations":[{"start":{"line":48,"column":2},"end":{"line":48,"column":52}},{"start":{},"end":{}}],"line":48},"2":{"loc":{"start":{"line":61,"column":53},"end":{"line":61,"column":80}},"type":"binary-expr","locations":[{"start":{"line":61,"column":53},"end":{"line":61,"column":72}},{"start":{"line":61,"column":76},"end":{"line":61,"column":80}}],"line":61}},"s":{"0":2,"1":2,"2":2,"3":2,"4":2,"5":0,"6":0,"7":0,"8":0,"9":0,"10":0,"11":2,"12":2,"13":2,"14":2,"15":2,"16":2,"17":2},"f":{"0":2,"1":2,"2":2,"3":2},"b":{"0":[2,0],"1":[0,0],"2":[2,0]},"_coverageSchema":"1a1c01bbd47fc00a2c39e90264f33305004495a9","hash":"6863325d6369a1044732f99e0109e8a0fcb76fc0"}
,"/Users/florianogomez/development/Learning/OpenClassrooms/Développeur d'application - JavaScript React/Projet 14 - Faites passer une librairie jQuery vers React/hrnet-react/app/modules/employee/consumers/EmployeeDeleteApiConsumer.ts": {"path":"/Users/florianogomez/development/Learning/OpenClassrooms/Développeur d'application - JavaScript React/Projet 14 - Faites passer une librairie jQuery vers React/hrnet-react/app/modules/employee/consumers/EmployeeDeleteApiConsumer.ts","statementMap":{"0":{"start":{"line":25,"column":15},"end":{"line":25,"column":59}},"1":{"start":{"line":26,"column":17},"end":{"line":26,"column":41}},"2":{"start":{"line":27,"column":2},"end":{"line":27,"column":26}},"3":{"start":{"line":37,"column":2},"end":{"line":39,"column":3}},"4":{"start":{"line":38,"column":3},"end":{"line":38,"column":29}},"5":{"start":{"line":41,"column":2},"end":{"line":41,"column":26}},"6":{"start":{"line":42,"column":91},"end":{"line":42,"column":112}},"7":{"start":{"line":43,"column":2},"end":{"line":43,"column":27}},"8":{"start":{"line":45,"column":2},"end":{"line":45,"column":52}},"9":{"start":{"line":45,"column":36},"end":{"line":45,"column":52}},"10":{"start":{"line":47,"column":2},"end":{"line":47,"column":24}},"11":{"start":{"line":57,"column":2},"end":{"line":57,"column":26}},"12":{"start":{"line":58,"column":2},"end":{"line":58,"column":83}},"13":{"start":{"line":58,"column":33},"end":{"line":58,"column":81}},"14":{"start":{"line":59,"column":2},"end":{"line":59,"column":27}},"15":{"start":{"line":62,"column":27},"end":{"line":62,"column":88}},"16":{"start":{"line":64,"column":2},"end":{"line":69,"column":3}},"17":{"start":{"line":65,"column":3},"end":{"line":68,"column":6}},"18":{"start":{"line":72,"column":2},"end":{"line":72,"column":63}},"19":{"start":{"line":75,"column":84},"end":{"line":82,"column":3}},"20":{"start":{"line":84,"column":2},"end":{"line":84,"column":28}}},"fnMap":{"0":{"name":"(anonymous_0)","decl":{"start":{"line":24,"column":1},"end":{"line":24,"column":2}},"loc":{"start":{"line":24,"column":58},"end":{"line":28,"column":2}},"line":24},"1":{"name":"(anonymous_1)","decl":{"start":{"line":35,"column":1},"end":{"line":35,"column":2}},"loc":{"start":{"line":35,"column":76},"end":{"line":48,"column":2}},"line":35},"2":{"name":"(anonymous_2)","decl":{"start":{"line":55,"column":1},"end":{"line":55,"column":2}},"loc":{"start":{"line":55,"column":80},"end":{"line":85,"column":2}},"line":55},"3":{"name":"(anonymous_3)","decl":{"start":{"line":58,"column":20},"end":{"line":58,"column":21}},"loc":{"start":{"line":58,"column":33},"end":{"line":58,"column":81}},"line":58}},"branchMap":{"0":{"loc":{"start":{"line":37,"column":2},"end":{"line":39,"column":3}},"type":"if","locations":[{"start":{"line":37,"column":2},"end":{"line":39,"column":3}},{"start":{},"end":{}}],"line":37},"1":{"loc":{"start":{"line":45,"column":2},"end":{"line":45,"column":52}},"type":"if","locations":[{"start":{"line":45,"column":2},"end":{"line":45,"column":52}},{"start":{},"end":{}}],"line":45},"2":{"loc":{"start":{"line":58,"column":53},"end":{"line":58,"column":80}},"type":"binary-expr","locations":[{"start":{"line":58,"column":53},"end":{"line":58,"column":72}},{"start":{"line":58,"column":76},"end":{"line":58,"column":80}}],"line":58},"3":{"loc":{"start":{"line":64,"column":2},"end":{"line":69,"column":3}},"type":"if","locations":[{"start":{"line":64,"column":2},"end":{"line":69,"column":3}},{"start":{},"end":{}}],"line":64}},"s":{"0":2,"1":2,"2":2,"3":2,"4":2,"5":0,"6":0,"7":0,"8":0,"9":0,"10":0,"11":2,"12":2,"13":2,"14":2,"15":2,"16":2,"17":2,"18":0,"19":0,"20":0},"f":{"0":2,"1":2,"2":2,"3":2},"b":{"0":[2,0],"1":[0,0],"2":[2,0],"3":[2,0]},"_coverageSchema":"1a1c01bbd47fc00a2c39e90264f33305004495a9","hash":"c292a6216382aa7035ef8078151613866952b60b"}
[...]
e":112,"column":3}},"loc":{"start":{"line":112,"column":35},"end":{"line":114,"column":3}},"line":112},"4":{"name":"(anonymous_4)","decl":{"start":{"line":120,"column":2},"end":{"line":120,"column":3}},"loc":{"start":{"line":120,"column":23},"end":{"line":130,"column":3}},"line":120},"5":{"name":"(anonymous_5)","decl":{"start":{"line":124,"column":16},"end":{"line":124,"column":17}},"loc":{"start":{"line":124,"column":23},"end":{"line":124,"column":63}},"line":124},"6":{"name":"(anonymous_6)","decl":{"start":{"line":125,"column":17},"end":{"line":125,"column":18}},"loc":{"start":{"line":125,"column":24},"end":{"line":125,"column":61}},"line":125},"7":{"name":"(anonymous_7)","decl":{"start":{"line":136,"column":2},"end":{"line":136,"column":3}},"loc":{"start":{"line":136,"column":58},"end":{"line":138,"column":3}},"line":136},"8":{"name":"(anonymous_8)","decl":{"start":{"line":144,"column":2},"end":{"line":144,"column":3}},"loc":{"start":{"line":144,"column":54},"end":{"line":146,"column":3}},"line":144},"9":{"name":"(anonymous_9)","decl":{"start":{"line":152,"column":2},"end":{"line":152,"column":3}},"loc":{"start":{"line":152,"column":36},"end":{"line":154,"column":3}},"line":152},"10":{"name":"(anonymous_10)","decl":{"start":{"line":160,"column":2},"end":{"line":160,"column":3}},"loc":{"start":{"line":160,"column":58},"end":{"line":162,"column":3}},"line":160},"11":{"name":"(anonymous_11)","decl":{"start":{"line":168,"column":2},"end":{"line":168,"column":3}},"loc":{"start":{"line":168,"column":51},"end":{"line":170,"column":3}},"line":168},"12":{"name":"(anonymous_12)","decl":{"start":{"line":175,"column":2},"end":{"line":175,"column":3}},"loc":{"start":{"line":175,"column":27},"end":{"line":179,"column":3}},"line":175}},"branchMap":{"0":{"loc":{"start":{"line":67,"column":6},"end":{"line":69,"column":7}},"type":"if","locations":[{"start":{"line":67,"column":6},"end":{"line":69,"column":7}},{"start":{},"end":{}}],"line":67},"1":{"loc":{"start":{"line":72,"column":6},"end":{"line":87,"column":7}},"type":"if","locations":[{"start":{"line":72,"column":6},"end":{"line":87,"column":7}},{"start":{"line":83,"column":13},"end":{"line":87,"column":7}}],"line":72}},"s":{"0":20,"1":20,"2":20,"3":20,"4":20,"5":10,"6":10,"7":10,"8":10,"9":10,"10":10,"11":0,"12":7,"13":7,"14":7,"15":2,"16":5,"17":4,"18":4,"19":4,"20":4,"21":4,"22":1,"23":1,"24":0,"25":0,"26":3,"27":3,"28":3,"29":0,"30":3,"31":1,"32":1,"33":2,"34":2,"35":1,"36":0,"37":3,"38":3,"39":0,"40":2,"41":1,"42":1,"43":1,"44":1},"f":{"0":10,"1":7,"2":3,"3":3,"4":1,"5":2,"6":2,"7":3,"8":3,"9":0,"10":2,"11":1,"12":1},"b":{"0":[2,5],"1":[4,1]},"_coverageSchema":"1a1c01bbd47fc00a2c39e90264f33305004495a9","hash":"347c60c509fcb5f4d2a95dc6544db038998177fd"}
,"/Users/florianogomez/development/Learning/OpenClassrooms/Développeur d'application - JavaScript React/Projet 14 - Faites passer une librairie jQuery vers React/hrnet-react/app/services/storages/AppStorageService.ts": {"path":"/Users/florianogomez/development/Learning/OpenClassrooms/Développeur d'application - JavaScript React/Projet 14 - Faites passer une librairie jQuery vers React/hrnet-react/app/services/storages/AppStorageService.ts","statementMap":{"0":{"start":{"line":31,"column":15},"end":{"line":31,"column":48}},"1":{"start":{"line":41,"column":1},"end":{"line":41,"column":20}},"2":{"start":{"line":42,"column":1},"end":{"line":42,"column":65}},"3":{"start":{"line":49,"column":1},"end":{"line":49,"column":33}},"4":{"start":{"line":58,"column":1},"end":{"line":58,"column":36}},"5":{"start":{"line":68,"column":1},"end":{"line":85,"column":2}},"6":{"start":{"line":69,"column":3},"end":{"line":72,"column":4}},"7":{"start":{"line":70,"column":2},"end":{"line":70,"column":47}},"8":{"start":{"line":71,"column":2},"end":{"line":71,"column":60}},"9":{"start":{"line":74,"column":33},"end":{"line":74,"column":40}},"10":{"start":{"line":75,"column":22},"end":{"line":75,"column":49}},"11":{"start":{"line":76,"column":3},"end":{"line":82,"column":4}},"12":{"start":{"line":77,"column":2},"end":{"line":77,"column":51}},"13":{"start":{"line":78,"column":2},"end":{"line":78,"column":60}},"14":{"start":{"line":80,"column":2},"end":{"line":80,"column":49}},"15":{"start":{"line":81,"column":2},"end":{"line":81,"column":65}},"16":{"start":{"line":84,"column":3},"end":{"line":84,"column":49}},"17":{"start":{"line":96,"column":20},"end":{"line":96,"column":47}},"18":{"start":{"line":98,"column":1},"end":{"line":135,"column":2}},"19":{"start":{"line":100,"column":24},"end":{"line":100,"column":66}},"20":{"start":{"line":101,"column":3},"end":{"line":108,"column":4}},"21":{"start":{"line":102,"column":2},"end":{"line":102,"column":67}},"22":{"start":{"line":104,"column":2},"end":{"line":106,"column":3}},"23":{"start":{"line":105,"column":4},"end":{"line":105,"column":55}},"24":{"start":{"line":107,"column":2},"end":{"line":107,"column":22}},"25":{"start":{"line":111,"column":24},"end":{"line":111,"column":68}},"26":{"start":{"line":112,"column":3},"end":{"line":120,"column":4}},"27":{"start":{"line":113,"column":2},"end":{"line":113,"column":62}},"28":{"start":{"line":114,"column":2},"end":{"line":116,"column":3}},"29":{"start":{"line":115,"column":4},"end":{"line":115,"column":55}},"30":{"start":{"line":118,"column":2},"end":{"line":118,"column":56}},"31":{"start":{"line":119,"column":2},"end":{"line":119,"column":22}},"32":{"start":{"line":123,"column":3},"end":{"line":129,"column":4}},"33":{"start":{"line":124,"column":21},"end":{"line":124,"column":61}},"34":{"start":{"line":125,"column":2},"end":{"line":128,"column":3}},"35":{"start":{"line":126,"column":4},"end":{"line":126,"column":54}},"36":{"start":{"line":127,"column":4},"end":{"line":127,"column":27}},"37":{"start":{"line":131,"column":3},"end":{"line":131,"column":15}},"38":{"start":{"line":133,"column":3},"end":{"line":133,"column":52}},"39":{"start":{"line":134,"column":3},"end":{"line":134,"column":15}},"40":{"start":{"line":143,"column":20},"end":{"line":143,"column":47}},"41":{"start":{"line":144,"column":1},"end":{"line":150,"column":2}},"42":{"start":{"line":145,"column":3},"end":{"line":145,"column":40}},"43":{"start":{"line":146,"column":3},"end":{"line":146,"column":48}},"44":{"start":{"line":147,"column":3},"end":{"line":147,"column":41}},"45":{"start":{"line":149,"column":3},"end":{"line":149,"column":50}},"46":{"start":{"line":157,"column":1},"end":{"line":170,"column":2}},"47":{"start":{"line":158,"column":18},"end":{"line":158,"column":33}},"48":{"start":{"line":159,"column":3},"end":{"line":161,"column":59}},"49":{"start":{"line":160,"column":19},"end":{"line":160,"column":41}},"50":{"start":{"line":161,"column":20},"end":{"line":161,"column":57}},"51":{"start":{"line":163,"column":3},"end":{"line":165,"column":57}},"52":{"start":{"line":164,"column":19},"end":{"line":164,"column":41}},"53":{"start":{"line":165,"column":20},"end":{"line":165,"column":55}},"54":{"start":{"line":167,"column":3},"end":{"line":167,"column":74}},"55":{"start":{"line":169,"column":3},"end":{"line":169,"column":67}},"56":{"start":{"line":177,"column":1},"end":{"line":177,"column":27}},"57":{"start":{"line":178,"column":1},"end":{"line":178,"column":35}},"58":{"start":{"line":179,"column":1},"end":{"line":179,"column":59}}},"fnMap":{"0":{"name":"(anonymous_0)","decl":{"start":{"line":40,"column":2},"end":{"line":40,"column":3}},"loc":{"start":{"line":40,"column":42},"end":{"line":43,"column":3}},"line":40},"1":{"name":"(anonymous_1)","decl":{"start":{"line":48,"column":2},"end":{"line":48,"column":3}},"loc":{"start":{"line":48,"column":27},"end":{"line":50,"column":3}},"line":48},"2":{"name":"(anonymous_2)","decl":{"start":{"line":57,"column":2},"end":{"line":57,"column":3}},"loc":{"start":{"line":57,"column":41},"end":{"line":59,"column":3}},"line":57},"3":{"name":"(anonymous_3)","decl":{"start":{"line":67,"column":2},"end":{"line":67,"column":3}},"loc":{"start":{"line":67,"column":89},"end":{"line":86,"column":3}},"line":67},"4":{"name":"(anonymous_4)","decl":{"start":{"line":95,"column":2},"end":{"line":95,"column":3}},"loc":{"start":{"line":95,"column":83},"end":{"line":136,"column":3}},"line":95},"5":{"name":"(anonymous_5)","decl":{"start":{"line":142,"column":2},"end":{"line":142,"column":3}},"loc":{"start":{"line":142,"column":28},"end":{"line":151,"column":3}},"line":142},"6":{"name":"(anonymous_6)","decl":{"start":{"line":156,"column":2},"end":{"line":156,"column":3}},"loc":{"start":{"line":156,"column":16},"end":{"line":171,"column":3}},"line":156},"7":{"name":"(anonymous_7)","decl":{"start":{"line":160,"column":10},"end":{"line":160,"column":11}},"loc":{"start":{"line":160,"column":19},"end":{"line":160,"column":41}},"line":160},"8":{"name":"(anonymous_8)","decl":{"start":{"line":161,"column":11},"end":{"line":161,"column":12}},"loc":{"start":{"line":161,"column":20},"end":{"line":161,"column":57}},"line":161},"9":{"name":"(anonymous_9)","decl":{"start":{"line":164,"column":10},"end":{"line":164,"column":11}},"loc":{"start":{"line":164,"column":19},"end":{"line":164,"column":41}},"line":164},"10":{"name":"(anonymous_10)","decl":{"start":{"line":165,"column":11},"end":{"line":165,"column":12}},"loc":{"start":{"line":165,"column":20},"end":{"line":165,"column":55}},"line":165},"11":{"name":"(anonymous_11)","decl":{"start":{"line":176,"column":2},"end":{"line":176,"column":3}},"loc":{"start":{"line":176,"column":41},"end":{"line":180,"column":3}},"line":176}},"branchMap":{"0":{"loc":{"start":{"line":67,"column":38},"end":{"line":67,"column":72}},"type":"default-arg","locations":[{"start":{"line":67,"column":70},"end":{"line":67,"column":72}}],"line":67},"1":{"loc":{"start":{"line":69,"column":3},"end":{"line":72,"column":4}},"type":"if","locations":[{"start":{"line":69,"column":3},"end":{"line":72,"column":4}},{"start":{},"end":{}}],"line":69},"2":{"loc":{"start":{"line":74,"column":11},"end":{"line":74,"column":28}},"type":"default-arg","locations":[{"start":{"line":74,"column":24},"end":{"line":74,"column":28}}],"line":74},"3":{"loc":{"start":{"line":76,"column":3},"end":{"line":82,"column":4}},"type":"if","locations":[{"start":{"line":76,"column":3},"end":{"line":82,"column":4}},{"start":{"line":79,"column":10},"end":{"line":82,"column":4}}],"line":76},"4":{"loc":{"start":{"line":95,"column":28},"end":{"line":95,"column":62}},"type":"default-arg","locations":[{"start":{"line":95,"column":60},"end":{"line":95,"column":62}}],"line":95},"5":{"loc":{"start":{"line":101,"column":3},"end":{"line":108,"column":4}},"type":"if","locations":[{"start":{"line":101,"column":3},"end":{"line":108,"column":4}},{"start":{},"end":{}}],"line":101},"6":{"loc":{"start":{"line":104,"column":2},"end":{"line":106,"column":3}},"type":"if","locations":[{"start":{"line":104,"column":2},"end":{"line":106,"column":3}},{"start":{},"end":{}}],"line":104},"7":{"loc":{"start":{"line":112,"column":3},"end":{"line":120,"column":4}},"type":"if","locations":[{"start":{"line":112,"column":3},"end":{"line":120,"column":4}},{"start":{},"end":{}}],"line":112},"8":{"loc":{"start":{"line":114,"column":2},"end":{"line":116,"column":3}},"type":"if","locations":[{"start":{"line":114,"column":2},"end":{"line":116,"column":3}},{"start":{},"end":{}}],"line":114},"9":{"loc":{"start":{"line":123,"column":3},"end":{"line":129,"column":4}},"type":"if","locations":[{"start":{"line":123,"column":3},"end":{"line":129,"column":4}},{"start":{},"end":{}}],"line":123},"10":{"loc":{"start":{"line":125,"column":2},"end":{"line":128,"column":3}},"type":"if","locations":[{"start":{"line":125,"column":2},"end":{"line":128,"column":3}},{"start":{},"end":{}}],"line":125}},"s":{"0":19,"1":40,"2":40,"3":21,"4":18,"5":3,"6":3,"7":1,"8":1,"9":3,"10":3,"11":3,"12":2,"13":1,"14":1,"15":1,"16":1,"17":4,"18":4,"19":4,"20":3,"21":1,"22":1,"23":1,"24":1,"25":2,"26":2,"27":1,"28":1,"29":1,"30":1,"31":1,"32":1,"33":1,"34":1,"35":1,"36":1,"37":0,"38":1,"39":1,"40":2,"41":2,"42":2,"43":2,"44":1,"45":1,"46":2,"47":2,"48":2,"49":10,"50":2,"51":1,"52":5,"53":1,"54":1,"55":1,"56":1,"57":1,"58":1},"f":{"0":40,"1":21,"2":18,"3":3,"4":4,"5":2,"6":2,"7":10,"8":2,"9":5,"10":1,"11":1},"b":{"0":[0],"1":[1,2],"2":[0],"3":[2,1],"4":[1],"5":[1,2],"6":[1,0],"7":[1,1],"8":[1,0],"9":[1,0],"10":[1,0]},"_coverageSchema":"1a1c01bbd47fc00a2c39e90264f33305004495a9","hash":"018f73ac1b7f43fc0213eeca16572dddbb52fc28"}
,"/Users/florianogomez/development/Learning/OpenClassrooms/Développeur d'application - JavaScript React/Projet 14 - Faites passer une librairie jQuery vers React/hrnet-react/app/store/index.ts": {"path":"/Users/florianogomez/development/Learning/OpenClassrooms/Développeur d'application - JavaScript React/Projet 14 - Faites passer une librairie jQuery vers React/hrnet-react/app/store/index.ts","statementMap":{"0":{"start":{"line":22,"column":15},"end":{"line":22,"column":36}},"1":{"start":{"line":34,"column":20},"end":{"line":37,"column":2}},"2":{"start":{"line":46,"column":21},"end":{"line":50,"column":2}},"3":{"start":{"line":48,"column":40},"end":{"line":48,"column":62}},"4":{"start":{"line":68,"column":0},"end":{"line":72,"column":1}},"5":{"start":{"line":69,"column":1},"end":{"line":69,"column":46}},"6":{"start":{"line":71,"column":1},"end":{"line":71,"column":46}}},"fnMap":{"0":{"name":"(anonymous_0)","decl":{"start":{"line":48,"column":14},"end":{"line":48,"column":15}},"loc":{"start":{"line":48,"column":40},"end":{"line":48,"column":62}},"line":48}},"branchMap":{"0":{"loc":{"start":{"line":68,"column":0},"end":{"line":72,"column":1}},"type":"if","locations":[{"start":{"line":68,"column":0},"end":{"line":72,"column":1}},{"start":{"line":70,"column":7},"end":{"line":72,"column":1}}],"line":68}},"s":{"0":19,"1":19,"2":19,"3":19,"4":19,"5":19,"6":0},"f":{"0":19},"b":{"0":[19,0]},"_coverageSchema":"1a1c01bbd47fc00a2c39e90264f33305004495a9","hash":"441b8fb3d9854969e7a67d54b785ac361eb9dc48"}
,"/Users/florianogomez/development/Learning/OpenClassrooms/Développeur d'application - JavaScript React/Projet 14 - Faites passer une librairie jQuery vers React/hrnet-react/app/store/hooks/useAppDispatch.ts": {"path":"/Users/florianogomez/development/Learning/OpenClassrooms/Développeur d'application - JavaScript React/Projet 14 - Faites passer une librairie jQuery vers React/hrnet-react/app/store/hooks/useAppDispatch.ts","statementMap":{"0":{"start":{"line":23,"column":30},"end":{"line":23,"column":62}},"1":{"start":{"line":23,"column":36},"end":{"line":23,"column":62}}},"fnMap":{"0":{"name":"(anonymous_0)","decl":{"start":{"line":23,"column":30},"end":{"line":23,"column":31}},"loc":{"start":{"line":23,"column":36},"end":{"line":23,"column":62}},"line":23}},"branchMap":{},"s":{"0":5,"1":1},"f":{"0":1},"b":{},"_coverageSchema":"1a1c01bbd47fc00a2c39e90264f33305004495a9","hash":"33b3219ff01eb9ab745a92fbcd081fbc5560ea1d"}
,"/Users/florianogomez/development/Learning/OpenClassrooms/Développeur d'application - JavaScript React/Projet 14 - Faites passer une librairie jQuery vers React/hrnet-react/app/store/hooks/useAppSelector.ts": {"path":"/Users/florianogomez/development/Learning/OpenClassrooms/Développeur d'application - JavaScript React/Projet 14 - Faites passer une librairie jQuery vers React/hrnet-react/app/store/hooks/useAppSelector.ts","statementMap":{"0":{"start":{"line":20,"column":63},"end":{"line":20,"column":74}}},"fnMap":{},"branchMap":{},"s":{"0":4},"f":{},"b":{},"_coverageSchema":"1a1c01bbd47fc00a2c39e90264f33305004495a9","hash":"36c92ddf8e899cbcfe94469cb483ee948090c2de"}
,"/Users/florianogomez/development/Learning/OpenClassrooms/Développeur d'application - JavaScript React/Projet 14 - Faites passer une librairie jQuery vers React/hrnet-react/app/utils/logger.ts": {"path":"/Users/florianogomez/development/Learning/OpenClassrooms/Développeur d'application - JavaScript React/Projet 14 - Faites passer une librairie jQuery vers React/hrnet-react/app/utils/logger.ts","statementMap":{"0":{"start":{"line":24,"column":2},"end":{"line":24,"column":60}},"1":{"start":{"line":25,"column":2},"end":{"line":25,"column":47}},"2":{"start":{"line":26,"column":2},"end":{"line":26,"column":21}},"3":{"start":{"line":35,"column":2},"end":{"line":35,"column":76}},"4":{"start":{"line":35,"column":22},"end":{"line":35,"column":76}},"5":{"start":{"line":44,"column":2},"end":{"line":44,"column":79}},"6":{"start":{"line":44,"column":22},"end":{"line":44,"column":79}},"7":{"start":{"line":53,"column":2},"end":{"line":53,"column":76}},"8":{"start":{"line":53,"column":22},"end":{"line":53,"column":76}},"9":{"start":{"line":62,"column":2},"end":{"line":62,"column":77}},"10":{"start":{"line":62,"column":22},"end":{"line":62,"column":77}},"11":{"start":{"line":71,"column":2},"end":{"line":73,"column":3}},"12":{"start":{"line":72,"column":3},"end":{"line":72,"column":58}},"13":{"start":{"line":81,"column":25},"end":{"line":81,"column":61}},"14":{"start":{"line":91,"column":28},"end":{"line":93,"column":1}},"15":{"start":{"line":92,"column":1},"end":{"line":92,"column":30}}},"fnMap":{"0":{"name":"(anonymous_0)","decl":{"start":{"line":23,"column":1},"end":{"line":23,"column":2}},"loc":{"start":{"line":23,"column":37},"end":{"line":27,"column":2}},"line":23},"1":{"name":"(anonymous_1)","decl":{"start":{"line":34,"column":1},"end":{"line":34,"column":2}},"loc":{"start":{"line":34,"column":45},"end":{"line":36,"column":2}},"line":34},"2":{"name":"(anonymous_2)","decl":{"start":{"line":43,"column":1},"end":{"line":43,"column":2}},"loc":{"start":{"line":43,"column":48},"end":{"line":45,"column":2}},"line":43},"3":{"name":"(anonymous_3)","decl":{"start":{"line":52,"column":1},"end":{"line":52,"column":2}},"loc":{"start":{"line":52,"column":45},"end":{"line":54,"column":2}},"line":52},"4":{"name":"(anonymous_4)","decl":{"start":{"line":61,"column":1},"end":{"line":61,"column":2}},"loc":{"start":{"line":61,"column":46},"end":{"line":63,"column":2}},"line":61},"5":{"name":"(anonymous_5)","decl":{"start":{"line":70,"column":1},"end":{"line":70,"column":2}},"loc":{"start":{"line":70,"column":46},"end":{"line":74,"column":2}},"line":70},"6":{"name":"(anonymous_6)","decl":{"start":{"line":91,"column":28},"end":{"line":91,"column":29}},"loc":{"start":{"line":91,"column":55},"end":{"line":93,"column":1}},"line":91}},"branchMap":{"0":{"loc":{"start":{"line":23,"column":13},"end":{"line":23,"column":35}},"type":"default-arg","locations":[{"start":{"line":23,"column":33},"end":{"line":23,"column":35}}],"line":23},"1":{"loc":{"start":{"line":23,"column":15},"end":{"line":23,"column":28}},"type":"default-arg","locations":[{"start":{"line":23,"column":23},"end":{"line":23,"column":28}}],"line":23},"2":{"loc":{"start":{"line":35,"column":2},"end":{"line":35,"column":76}},"type":"if","locations":[{"start":{"line":35,"column":2},"end":{"line":35,"column":76}},{"start":{},"end":{}}],"line":35},"3":{"loc":{"start":{"line":44,"column":2},"end":{"line":44,"column":79}},"type":"if","locations":[{"start":{"line":44,"column":2},"end":{"line":44,"column":79}},{"start":{},"end":{}}],"line":44},"4":{"loc":{"start":{"line":53,"column":2},"end":{"line":53,"column":76}},"type":"if","locations":[{"start":{"line":53,"column":2},"end":{"line":53,"column":76}},{"start":{},"end":{}}],"line":53},"5":{"loc":{"start":{"line":62,"column":2},"end":{"line":62,"column":77}},"type":"if","locations":[{"start":{"line":62,"column":2},"end":{"line":62,"column":77}},{"start":{},"end":{}}],"line":62},"6":{"loc":{"start":{"line":71,"column":2},"end":{"line":73,"column":3}},"type":"if","locations":[{"start":{"line":71,"column":2},"end":{"line":73,"column":3}},{"start":{},"end":{}}],"line":71}},"s":{"0":188,"1":188,"2":188,"3":84,"4":84,"5":0,"6":0,"7":8,"8":8,"9":20,"10":20,"11":9,"12":9,"13":30,"14":30,"15":158},"f":{"0":188,"1":84,"2":0,"3":8,"4":20,"5":9,"6":158},"b":{"0":[0],"1":[0],"2":[84,0],"3":[0,0],"4":[8,0],"5":[20,0],"6":[9,0]},"_coverageSchema":"1a1c01bbd47fc00a2c39e90264f33305004495a9","hash":"4c257b656f3880c56a3df6d6b9534e845cdf1b21"}
}
