TN:
SF:app/appRoutes.ts
FNF:0
FNH:0
DA:10,5
LF:1
LH:1
BRF:0
BRH:0
end_of_record
TN:
SF:app/appcrypto.ts
FN:33,(anonymous_0)
FN:62,(anonymous_1)
FN:88,(anonymous_2)
FN:120,(anonymous_3)
FN:122,(anonymous_4)
FN:134,(anonymous_5)
FN:148,(anonymous_6)
FN:165,(anonymous_7)
FN:183,(anonymous_8)
FNF:9
FNH:0
FNDA:0,(anonymous_0)
FNDA:0,(anonymous_1)
FNDA:0,(anonymous_2)
FNDA:0,(anonymous_3)
FNDA:0,(anonymous_4)
FNDA:0,(anonymous_5)
FNDA:0,(anonymous_6)
FNDA:0,(anonymous_7)
FNDA:0,(anonymous_8)
DA:21,19
DA:22,19
DA:34,0
DA:35,0
DA:36,0
DA:38,0
DA:45,0
DA:47,0
DA:48,0
DA:50,0
DA:63,0
DA:64,0
DA:67,0
DA:68,0
DA:70,0
DA:72,0
DA:78,0
DA:89,0
DA:91,0
DA:99,0
DA:121,0
DA:122,0
DA:124,0
DA:135,0
DA:136,0
DA:137,0
DA:139,0
DA:150,0
DA:151,0
DA:153,0
DA:166,0
DA:167,0
DA:168,0
DA:170,0
DA:184,0
LF:35
LH:2
BRF:0
BRH:0
end_of_record
TN:
SF:app/config.ts
FNF:0
FNH:0
DA:11,33
LF:1
LH:1
BRF:0
BRH:0
end_of_record
TN:
SF:app/components/Alert.tsx
FN:34,Alert
FNF:1
FNH:1
FNDA:6,Alert
DA:40,6
LF:1
LH:1
BRDA:35,0,0,5
BRDA:37,1,0,4
BRDA:41,2,0,2
BRDA:41,2,1,4
BRDA:43,3,0,6
BRDA:43,3,1,2
BRF:6
BRH:6
end_of_record
TN:
SF:app/components/AppConfirmationModal.tsx
FN:18,(anonymous_0)
FNF:1
FNH:1
FNDA:10,(anonymous_0)
DA:18,6
DA:31,10
DA:33,3
LF:3
LH:3
BRDA:19,0,0,1
BRDA:24,1,0,9
BRDA:25,2,0,9
BRDA:26,3,0,9
BRDA:27,4,0,9
BRDA:28,5,0,9
BRDA:31,6,0,7
BRDA:31,6,1,3
BRDA:39,7,0,3
BRDA:39,7,1,0
BRDA:58,8,0,3
BRDA:58,8,1,3
BRDA:78,9,0,0
BRDA:78,9,1,3
BRDA:80,10,0,0
BRDA:80,10,1,3
BRDA:87,11,0,0
BRDA:87,11,1,3
BRDA:88,12,0,0
BRDA:88,12,1,3
BRDA:90,13,0,0
BRDA:90,13,1,3
BRDA:92,14,0,0
BRDA:92,14,1,3
BRDA:95,15,0,0
BRDA:95,15,1,0
BRF:26
BRH:17
end_of_record
TN:
SF:app/components/FullscreenLoader.tsx
FN:14,FullscreenLoader
FNF:1
FNH:1
FNDA:2,FullscreenLoader
DA:15,2
LF:1
LH:1
BRF:0
BRH:0
end_of_record
TN:
SF:app/components/Loader.tsx
FN:40,Loader
FNF:1
FNH:1
FNDA:4,Loader
DA:41,4
LF:1
LH:1
BRDA:40,0,0,2
BRDA:40,1,0,2
BRF:2
BRH:2
end_of_record
TN:
SF:app/components/PageTitle.tsx
FN:4,(anonymous_0)
FN:16,(anonymous_1)
FNF:2
FNH:2
FNDA:7,(anonymous_0)
FNDA:7,(anonymous_1)
DA:4,4
DA:16,7
DA:17,7
DA:19,7
DA:20,7
DA:21,4
DA:24,7
DA:25,7
DA:26,4
DA:33,7
DA:34,7
DA:35,4
DA:39,7
DA:40,7
DA:41,4
DA:47,7
DA:48,7
DA:49,4
DA:52,7
DA:53,7
DA:54,4
DA:62,7
LF:22
LH:22
BRDA:17,0,0,7
BRDA:17,0,1,0
BRDA:20,1,0,4
BRDA:20,1,1,3
BRDA:21,2,0,4
BRDA:21,2,1,0
BRDA:25,3,0,4
BRDA:25,3,1,3
BRDA:28,4,0,4
BRDA:28,4,1,3
BRDA:34,5,0,4
BRDA:34,5,1,3
BRDA:35,6,0,4
BRDA:35,6,1,0
BRDA:40,7,0,4
BRDA:40,7,1,3
BRDA:43,8,0,4
BRDA:43,8,1,3
BRDA:48,9,0,4
BRDA:48,9,1,3
BRDA:49,10,0,4
BRDA:49,10,1,0
BRDA:53,11,0,4
BRDA:53,11,1,3
BRDA:56,12,0,4
BRDA:56,12,1,3
BRDA:76,13,0,7
BRDA:76,13,1,1
BRDA:79,14,0,1
BRDA:79,14,1,0
BRF:30
BRH:25
end_of_record
TN:
SF:app/components/layout/HorizontalNavigation.tsx
FN:35,(anonymous_0)
FN:49,(anonymous_1)
FNF:2
FNH:2
FNDA:9,(anonymous_0)
FNDA:27,(anonymous_1)
DA:35,4
DA:36,9
DA:38,9
DA:50,27
LF:4
LH:4
BRDA:54,0,0,9
BRDA:54,0,1,18
BRDA:59,1,0,27
BRDA:59,1,1,23
BRF:4
BRH:4
end_of_record
TN:
SF:app/components/wrappers/AppProvidersWrapper.tsx
FN:30,AppProvidersWrapper
FN:31,(anonymous_1)
FN:35,(anonymous_2)
FN:46,(anonymous_3)
FNF:4
FNH:4
FNDA:4,AppProvidersWrapper
FNDA:4,(anonymous_1)
FNDA:4,(anonymous_2)
FNDA:4,(anonymous_3)
DA:4,1
DA:31,4
DA:32,4
DA:34,4
DA:35,4
DA:36,4
DA:46,4
DA:48,4
DA:50,4
DA:51,4
DA:53,4
DA:55,4
DA:65,4
LF:13
LH:13
BRDA:50,0,0,4
BRDA:50,0,1,3
BRF:2
BRH:2
end_of_record
TN:
SF:app/context/LayoutContext.tsx
FN:34,(anonymous_0)
FN:49,(anonymous_1)
FN:55,(anonymous_2)
FN:56,(anonymous_3)
FNF:4
FNH:4
FNDA:7,(anonymous_0)
FNDA:6,(anonymous_1)
FNDA:2,(anonymous_2)
FNDA:2,(anonymous_3)
DA:27,3
DA:34,3
DA:35,7
DA:36,6
DA:37,2
DA:39,4
DA:49,3
DA:50,6
DA:55,6
DA:56,2
DA:59,6
DA:64,6
LF:12
LH:12
BRDA:36,0,0,2
BRDA:36,0,1,4
BRF:2
BRH:2
end_of_record
TN:
SF:app/enums/AlertVariantEnum.ts
FNF:0
FNH:0
LF:0
LH:0
BRF:0
BRH:0
end_of_record
TN:
SF:app/enums/ApiModeEnum.ts
FNF:0
FNH:0
LF:0
LH:0
BRF:0
BRH:0
end_of_record
TN:
SF:app/enums/EnvEnum.ts
FNF:0
FNH:0
LF:0
LH:0
BRF:0
BRH:0
end_of_record
TN:
SF:app/layouts/HRnetLayout.tsx
FN:13,HRnetLayout
FNF:1
FNH:1
FNDA:2,HRnetLayout
DA:14,2
LF:1
LH:1
BRF:0
BRH:0
end_of_record
TN:
SF:app/layouts/HorizontalLayout.tsx
FN:14,(anonymous_0)
FNF:1
FNH:1
FNDA:5,(anonymous_0)
DA:14,3
DA:18,5
DA:24,5
LF:3
LH:3
BRF:0
BRH:0
end_of_record
TN:
SF:app/modules/employee/routes.ts
FN:25,(anonymous_0)
FN:32,(anonymous_1)
FNF:2
FNH:2
FNDA:1,(anonymous_0)
FNDA:1,(anonymous_1)
DA:3,6
DA:13,6
DA:25,1
DA:32,1
LF:4
LH:4
BRF:0
BRH:0
end_of_record
TN:
SF:app/modules/employee/actions/createEmployeeAction.ts
FN:24,(anonymous_0)
FNF:1
FNH:1
FNDA:3,(anonymous_0)
DA:9,7
DA:24,7
DA:27,3
DA:28,3
DA:30,3
DA:31,3
DA:33,2
DA:34,1
DA:35,1
DA:39,1
DA:41,1
DA:42,1
DA:44,2
DA:45,2
LF:14
LH:14
BRDA:33,0,0,1
BRDA:33,0,1,1
BRF:2
BRH:2
end_of_record
TN:
SF:app/modules/employee/actions/deleteEmployeeAction.ts
FN:21,(anonymous_0)
FNF:1
FNH:1
FNDA:3,(anonymous_0)
DA:6,5
DA:21,5
DA:24,3
DA:25,3
DA:27,3
DA:28,3
DA:30,2
DA:31,1
DA:32,1
DA:35,1
DA:36,1
DA:38,2
DA:39,2
LF:13
LH:13
BRDA:30,0,0,1
BRDA:30,0,1,1
BRF:2
BRH:2
end_of_record
TN:
SF:app/modules/employee/actions/findEmployeeAction.ts
FN:22,(anonymous_0)
FNF:1
FNH:1
FNDA:3,(anonymous_0)
DA:7,6
DA:22,6
DA:25,3
DA:26,3
DA:28,3
DA:29,3
DA:31,2
DA:32,1
DA:33,1
DA:36,1
DA:37,1
DA:39,2
DA:40,2
LF:13
LH:13
BRDA:31,0,0,1
BRDA:31,0,1,1
BRF:2
BRH:2
end_of_record
TN:
SF:app/modules/employee/actions/getEmployeesAction.ts
FN:23,(anonymous_0)
FNF:1
FNH:1
FNDA:3,(anonymous_0)
DA:8,5
DA:23,5
DA:26,3
DA:27,3
DA:29,3
DA:30,3
DA:32,2
DA:33,1
DA:34,1
DA:37,1
DA:38,1
DA:40,2
DA:41,2
LF:13
LH:13
BRDA:24,0,0,3
BRDA:32,1,0,1
BRDA:32,1,1,1
BRDA:37,2,0,1
BRDA:37,2,1,0
BRDA:38,3,0,1
BRDA:38,3,1,0
BRF:7
BRH:5
end_of_record
TN:
SF:app/modules/employee/actions/index.ts
FNF:0
FNH:0
LF:0
LH:0
BRF:0
BRH:0
end_of_record
TN:
SF:app/modules/employee/actions/updateEmployeeAction.ts
FN:25,(anonymous_0)
FNF:1
FNH:1
FNDA:3,(anonymous_0)
DA:9,6
DA:25,6
DA:29,3
DA:30,3
DA:32,3
DA:33,3
DA:35,2
DA:36,1
DA:37,1
DA:41,1
DA:43,1
DA:44,1
DA:46,2
DA:47,2
LF:14
LH:14
BRDA:35,0,0,1
BRDA:35,0,1,1
BRF:2
BRH:2
end_of_record
TN:
SF:app/modules/employee/components/EmployeeDataTable.tsx
FN:32,(anonymous_0)
FN:52,(anonymous_1)
FN:62,(anonymous_2)
FN:71,(anonymous_3)
FN:82,(anonymous_4)
FN:99,(anonymous_5)
FN:104,(anonymous_6)
FN:109,(anonymous_7)
FN:114,(anonymous_8)
FN:132,(anonymous_9)
FN:198,(anonymous_10)
FN:199,(anonymous_11)
FN:222,(anonymous_12)
FN:231,(anonymous_13)
FN:232,(anonymous_14)
FN:270,(anonymous_15)
FNF:16
FNH:14
FNDA:14,(anonymous_0)
FNDA:120,(anonymous_1)
FNDA:80,(anonymous_2)
FNDA:20,(anonymous_3)
FNDA:80,(anonymous_4)
FNDA:60,(anonymous_5)
FNDA:60,(anonymous_6)
FNDA:60,(anonymous_7)
FNDA:60,(anonymous_8)
FNDA:40,(anonymous_9)
FNDA:7,(anonymous_10)
FNDA:0,(anonymous_11)
FNDA:7,(anonymous_12)
FNDA:7,(anonymous_13)
FNDA:7,(anonymous_14)
FNDA:0,(anonymous_15)
DA:17,6
DA:32,6
DA:41,14
DA:45,14
DA:52,14
DA:53,120
DA:54,0
DA:62,14
DA:63,80
DA:71,14
DA:72,20
DA:78,14
DA:83,80
DA:84,40
DA:93,40
DA:99,60
DA:104,60
DA:109,60
DA:115,60
DA:116,40
DA:123,20
DA:133,40
DA:143,40
DA:153,40
DA:161,14
DA:198,14
DA:199,7
DA:200,0
DA:201,0
DA:203,0
DA:205,0
DA:206,0
DA:208,0
DA:209,0
DA:210,0
DA:211,0
DA:212,0
DA:213,0
DA:214,0
DA:215,0
DA:220,7
DA:222,7
DA:223,7
DA:231,14
DA:232,7
DA:238,14
DA:239,4
DA:252,10
DA:253,2
DA:263,8
DA:274,0
DA:275,0
DA:276,0
DA:277,0
DA:278,0
DA:279,0
DA:280,0
DA:281,0
LF:58
LH:36
BRDA:33,0,0,0
BRDA:34,1,0,4
BRDA:53,2,0,120
BRDA:53,2,1,0
BRDA:83,3,0,40
BRDA:83,3,1,40
BRDA:83,4,0,80
BRDA:83,4,1,60
BRDA:115,5,0,40
BRDA:115,5,1,20
BRDA:115,6,0,60
BRDA:115,6,1,40
BRDA:133,7,0,24
BRDA:133,7,1,16
BRDA:143,8,0,24
BRDA:143,8,1,16
BRDA:203,9,0,0
BRDA:203,9,1,0
BRDA:206,10,0,0
BRDA:206,10,1,0
BRDA:208,11,0,0
BRDA:208,11,1,0
BRDA:208,12,0,0
BRDA:208,12,1,0
BRDA:212,13,0,0
BRDA:212,13,1,0
BRDA:212,14,0,0
BRDA:212,14,1,0
BRDA:238,15,0,4
BRDA:238,15,1,10
BRDA:238,16,0,14
BRDA:238,16,1,6
BRDA:252,17,0,2
BRDA:252,17,1,8
BRDA:252,18,0,10
BRDA:252,18,1,8
BRF:36
BRH:22
end_of_record
TN:
SF:app/modules/employee/components/EmployeeForm.tsx
FN:8,(anonymous_0)
FN:10,(anonymous_1)
FN:19,toLocalDateString
FN:67,(anonymous_3)
FN:101,(anonymous_4)
FN:111,(anonymous_5)
FN:113,(anonymous_6)
FN:123,(anonymous_7)
FN:136,(anonymous_8)
FN:152,(anonymous_9)
FN:157,(anonymous_10)
FN:166,(anonymous_11)
FN:239,(anonymous_12)
FN:240,(anonymous_13)
FN:259,(anonymous_14)
FN:260,(anonymous_15)
FN:286,(anonymous_16)
FN:287,(anonymous_17)
FN:288,(anonymous_18)
FN:343,(anonymous_19)
FN:344,(anonymous_20)
FN:345,(anonymous_21)
FNF:22
FNH:12
FNDA:52,(anonymous_0)
FNDA:16,(anonymous_1)
FNDA:0,toLocalDateString
FNDA:9,(anonymous_3)
FNDA:9,(anonymous_4)
FNDA:5,(anonymous_5)
FNDA:5,(anonymous_6)
FNDA:1,(anonymous_7)
FNDA:0,(anonymous_8)
FNDA:45,(anonymous_9)
FNDA:531,(anonymous_10)
FNDA:531,(anonymous_11)
FNDA:0,(anonymous_12)
FNDA:0,(anonymous_13)
FNDA:0,(anonymous_14)
FNDA:0,(anonymous_15)
FNDA:13,(anonymous_16)
FNDA:0,(anonymous_17)
FNDA:0,(anonymous_18)
FNDA:60,(anonymous_19)
FNDA:0,(anonymous_20)
FNDA:0,(anonymous_21)
DA:8,6
DA:9,52
DA:10,52
DA:11,52
DA:20,0
DA:21,0
DA:22,0
DA:23,0
DA:24,0
DA:35,6
DA:67,6
DA:80,9
DA:96,9
DA:101,9
DA:102,9
DA:103,1
DA:111,9
DA:112,5
DA:113,5
DA:123,9
DA:124,1
DA:125,1
DA:126,1
DA:127,1
DA:129,0
DA:136,9
DA:137,0
DA:138,0
DA:140,0
DA:147,9
DA:152,45
DA:157,531
DA:166,531
DA:171,9
DA:240,0
DA:260,0
DA:286,13
DA:288,0
DA:343,60
DA:345,0
LF:40
LH:27
BRDA:11,0,0,36
BRDA:11,0,1,16
BRDA:20,1,0,0
BRDA:20,1,1,0
BRDA:20,2,0,0
BRDA:20,2,1,0
BRDA:20,2,2,0
BRDA:68,3,0,8
BRDA:71,4,0,8
BRDA:73,5,0,7
BRDA:75,6,0,8
BRDA:102,7,0,1
BRDA:102,7,1,8
BRDA:137,8,0,0
BRDA:137,8,1,0
BRDA:177,9,0,0
BRDA:177,9,1,9
BRDA:238,10,0,1
BRDA:238,10,1,8
BRDA:258,11,0,1
BRDA:258,11,1,8
BRDA:288,12,0,0
BRDA:288,12,1,0
BRDA:345,13,0,0
BRDA:345,13,1,0
BRDA:382,14,0,9
BRDA:382,14,1,1
BRF:27
BRH:15
end_of_record
TN:
SF:app/modules/employee/components/index.ts
FNF:0
FNH:0
LF:0
LH:0
BRF:0
BRH:0
end_of_record
TN:
SF:app/modules/employee/consumers/EmployeeApiConsumer.ts
FN:27,(anonymous_0)
FNF:1
FNH:1
FNDA:20,(anonymous_0)
DA:19,17
DA:28,20
LF:2
LH:2
BRF:0
BRH:0
end_of_record
TN:
SF:app/modules/employee/consumers/EmployeeCreateApiConsumer.ts
FN:27,(anonymous_0)
FN:38,(anonymous_1)
FN:58,(anonymous_2)
FN:61,(anonymous_3)
FNF:4
FNH:4
FNDA:2,(anonymous_0)
FNDA:2,(anonymous_1)
FNDA:2,(anonymous_2)
FNDA:2,(anonymous_3)
DA:28,2
DA:29,2
DA:30,2
DA:40,2
DA:41,2
DA:44,0
DA:45,0
DA:46,0
DA:48,0
DA:50,0
DA:60,2
DA:61,2
DA:62,2
DA:65,2
DA:83,2
DA:89,2
LF:16
LH:11
BRDA:40,0,0,2
BRDA:40,0,1,0
BRDA:48,1,0,0
BRDA:48,1,1,0
BRDA:61,2,0,2
BRDA:61,2,1,0
BRF:6
BRH:2
end_of_record
TN:
SF:app/modules/employee/consumers/EmployeeDeleteApiConsumer.ts
FN:24,(anonymous_0)
FN:35,(anonymous_1)
FN:55,(anonymous_2)
FN:58,(anonymous_3)
FNF:4
FNH:4
FNDA:2,(anonymous_0)
FNDA:2,(anonymous_1)
FNDA:2,(anonymous_2)
FNDA:2,(anonymous_3)
DA:25,2
DA:26,2
DA:27,2
DA:37,2
DA:38,2
DA:41,0
DA:42,0
DA:43,0
DA:45,0
DA:47,0
DA:57,2
DA:58,2
DA:59,2
DA:62,2
DA:64,2
DA:65,2
DA:72,0
DA:75,0
DA:84,0
LF:19
LH:11
BRDA:37,0,0,2
BRDA:37,0,1,0
BRDA:45,1,0,0
BRDA:45,1,1,0
BRDA:58,2,0,2
BRDA:58,2,1,0
BRDA:64,3,0,2
BRDA:64,3,1,0
BRF:8
BRH:3
end_of_record
TN:
SF:app/modules/employee/consumers/EmployeeFindApiConsumer.ts
FN:25,(anonymous_0)
FN:36,(anonymous_1)
FN:56,(anonymous_2)
FN:59,(anonymous_3)
FNF:4
FNH:4
FNDA:2,(anonymous_0)
FNDA:2,(anonymous_1)
FNDA:2,(anonymous_2)
FNDA:2,(anonymous_3)
DA:26,2
DA:27,2
DA:28,2
DA:38,2
DA:39,2
DA:42,0
DA:43,0
DA:44,0
DA:46,0
DA:48,0
DA:58,2
DA:59,2
DA:60,2
DA:62,2
DA:64,2
DA:65,2
DA:72,0
DA:78,0
LF:18
LH:11
BRDA:38,0,0,2
BRDA:38,0,1,0
BRDA:46,1,0,0
BRDA:46,1,1,0
BRDA:59,2,0,2
BRDA:59,2,1,0
BRDA:64,3,0,2
BRDA:64,3,1,0
BRF:8
BRH:3
end_of_record
TN:
SF:app/modules/employee/consumers/EmployeeListApiConsumer.ts
FN:32,(anonymous_0)
FN:44,(anonymous_1)
FN:56,(anonymous_2)
FN:64,(anonymous_3)
FN:67,(anonymous_4)
FN:77,(anonymous_5)
FNF:6
FNH:4
FNDA:2,(anonymous_0)
FNDA:2,(anonymous_1)
FNDA:0,(anonymous_2)
FNDA:2,(anonymous_3)
FNDA:2,(anonymous_4)
FNDA:0,(anonymous_5)
DA:33,2
DA:34,2
DA:35,2
DA:36,2
DA:46,2
DA:47,2
DA:50,0
DA:51,0
DA:52,0
DA:54,0
DA:56,0
DA:66,2
DA:67,2
DA:68,2
DA:71,2
DA:77,2
LF:16
LH:11
BRDA:46,0,0,2
BRDA:46,0,1,0
BRDA:54,1,0,0
BRDA:54,1,1,0
BRDA:56,2,0,0
BRDA:56,2,1,0
BRDA:67,3,0,2
BRDA:67,3,1,0
BRDA:74,4,0,2
BRDA:74,4,1,0
BRF:10
BRH:3
end_of_record
TN:
SF:app/modules/employee/consumers/EmployeeUpdateApiConsumer.ts
FN:23,(anonymous_0)
FN:37,(anonymous_1)
FN:57,(anonymous_2)
FN:60,(anonymous_3)
FNF:4
FNH:4
FNDA:2,(anonymous_0)
FNDA:2,(anonymous_1)
FNDA:2,(anonymous_2)
FNDA:2,(anonymous_3)
DA:27,2
DA:28,2
DA:29,2
DA:39,2
DA:40,2
DA:43,0
DA:44,0
DA:45,0
DA:47,0
DA:49,0
DA:59,2
DA:60,2
DA:61,2
DA:64,2
DA:66,2
DA:67,2
DA:74,0
DA:81,0
DA:84,0
DA:90,0
LF:20
LH:11
BRDA:39,0,0,2
BRDA:39,0,1,0
BRDA:47,1,0,0
BRDA:47,1,1,0
BRDA:60,2,0,2
BRDA:60,2,1,0
BRDA:66,3,0,2
BRDA:66,3,1,0
BRF:8
BRH:3
end_of_record
TN:
SF:app/modules/employee/data/employeeData.ts
FNF:0
FNH:0
DA:6,6
DA:248,6
LF:2
LH:2
BRF:0
BRH:0
end_of_record
TN:
SF:app/modules/employee/enums/EmployeeStorageKeyEnum.ts
FNF:0
FNH:0
LF:0
LH:0
BRF:0
BRH:0
end_of_record
TN:
SF:app/modules/employee/hooks/index.ts
FNF:0
FNH:0
LF:0
LH:0
BRF:0
BRH:0
end_of_record
TN:
SF:app/modules/employee/hooks/useConfirmModal.ts
FN:9,useConfirmModal
FN:11,(anonymous_1)
FN:12,(anonymous_2)
FN:12,(anonymous_3)
FNF:4
FNH:4
FNDA:6,useConfirmModal
FNDA:1,(anonymous_1)
FNDA:1,(anonymous_2)
FNDA:1,(anonymous_3)
DA:10,6
DA:11,6
DA:12,6
DA:13,6
LF:4
LH:4
BRF:0
BRH:0
end_of_record
TN:
SF:app/modules/employee/hooks/useEmployeeActions.ts
FN:21,(anonymous_0)
FN:22,(anonymous_1)
FN:32,(anonymous_2)
FN:38,(anonymous_3)
FN:48,(anonymous_4)
FN:66,(anonymous_5)
FN:72,(anonymous_6)
FN:98,(anonymous_7)
FN:108,(anonymous_8)
FN:111,(anonymous_9)
FN:113,(anonymous_10)
FNF:11
FNH:1
FNDA:0,(anonymous_0)
FNDA:0,(anonymous_1)
FNDA:1,(anonymous_2)
FNDA:0,(anonymous_3)
FNDA:0,(anonymous_4)
FNDA:0,(anonymous_5)
FNDA:0,(anonymous_6)
FNDA:0,(anonymous_7)
FNDA:0,(anonymous_8)
FNDA:0,(anonymous_9)
FNDA:0,(anonymous_10)
DA:11,3
DA:13,3
DA:32,3
DA:33,1
DA:34,1
DA:35,1
DA:38,1
DA:39,0
DA:40,0
DA:49,0
DA:50,0
DA:51,0
DA:52,0
DA:53,0
DA:54,0
DA:55,0
DA:57,0
DA:58,0
DA:66,1
DA:67,0
DA:68,0
DA:69,0
DA:70,0
DA:72,0
DA:82,0
DA:83,0
DA:84,0
DA:85,0
DA:86,0
DA:87,0
DA:88,0
DA:89,0
DA:90,0
DA:91,0
DA:93,0
DA:98,1
DA:99,0
DA:100,0
DA:109,0
DA:110,0
DA:111,0
DA:112,0
DA:114,0
DA:115,0
DA:118,0
DA:119,0
DA:121,0
DA:122,0
DA:129,1
LF:49
LH:10
BRDA:73,0,0,0
BRDA:73,0,1,0
BRDA:76,1,0,0
BRDA:76,1,1,0
BRDA:77,2,0,0
BRDA:77,2,1,0
BRF:6
BRH:0
end_of_record
TN:
SF:app/modules/employee/hooks/useEmployeeList.ts
FN:32,(anonymous_0)
FN:34,(anonymous_1)
FN:42,(anonymous_2)
FN:70,(anonymous_3)
FN:78,(anonymous_4)
FN:97,(anonymous_5)
FN:125,(anonymous_6)
FNF:7
FNH:1
FNDA:1,(anonymous_0)
FNDA:0,(anonymous_1)
FNDA:0,(anonymous_2)
FNDA:0,(anonymous_3)
FNDA:0,(anonymous_4)
FNDA:0,(anonymous_5)
FNDA:0,(anonymous_6)
DA:24,3
DA:32,3
DA:33,1
DA:34,1
DA:41,1
DA:44,0
DA:45,0
DA:59,0
DA:61,0
DA:70,1
DA:71,0
DA:72,0
DA:73,0
DA:75,0
DA:76,0
DA:78,0
DA:79,0
DA:80,0
DA:83,0
DA:84,0
DA:86,0
DA:96,1
DA:98,0
DA:99,0
DA:100,0
DA:101,0
DA:102,0
DA:103,0
DA:104,0
DA:105,0
DA:106,0
DA:108,0
DA:110,0
DA:111,0
DA:112,0
DA:114,0
DA:125,1
DA:126,0
DA:127,0
DA:128,0
DA:130,0
DA:131,0
DA:135,1
LF:43
LH:9
BRDA:76,0,0,0
BRDA:76,0,1,0
BRDA:102,1,0,0
BRDA:102,1,1,0
BRDA:128,2,0,0
BRDA:128,2,1,0
BRF:6
BRH:0
end_of_record
TN:
SF:app/modules/employee/models/EmployeeModel.ts
FN:32,(anonymous_0)
FN:48,(anonymous_1)
FN:66,(anonymous_2)
FN:73,(anonymous_3)
FN:88,(anonymous_4)
FN:95,(anonymous_5)
FN:103,(anonymous_6)
FN:111,(anonymous_7)
FNF:8
FNH:1
FNDA:5,(anonymous_0)
FNDA:0,(anonymous_1)
FNDA:0,(anonymous_2)
FNDA:0,(anonymous_3)
FNDA:0,(anonymous_4)
FNDA:0,(anonymous_5)
FNDA:0,(anonymous_6)
FNDA:0,(anonymous_7)
DA:33,5
DA:34,5
DA:35,5
DA:36,5
DA:37,5
DA:38,5
DA:39,5
DA:40,5
DA:41,5
DA:42,5
DA:49,0
DA:67,0
DA:74,0
DA:75,0
DA:76,0
DA:77,0
DA:78,0
DA:79,0
DA:80,0
DA:82,0
DA:89,0
DA:96,0
DA:97,0
DA:104,0
DA:105,0
DA:112,0
DA:113,0
DA:114,0
DA:115,0
DA:116,0
DA:117,0
DA:118,0
DA:120,0
LF:33
LH:10
BRDA:34,0,0,5
BRDA:34,0,1,1
BRDA:35,1,0,5
BRDA:35,1,1,0
BRDA:36,2,0,5
BRDA:36,2,1,2
BRDA:37,3,0,5
BRDA:37,3,1,2
BRDA:38,4,0,5
BRDA:38,4,1,2
BRDA:39,5,0,5
BRDA:39,5,1,2
BRDA:40,6,0,5
BRDA:40,6,1,2
BRDA:41,7,0,5
BRDA:41,7,1,2
BRDA:42,8,0,5
BRDA:42,8,1,2
BRDA:74,9,0,0
BRDA:74,9,1,0
BRDA:79,10,0,0
BRDA:79,10,1,0
BRDA:79,11,0,0
BRDA:79,11,1,0
BRDA:79,11,2,0
BRDA:96,12,0,0
BRDA:96,12,1,0
BRDA:104,13,0,0
BRDA:104,13,1,0
BRDA:112,14,0,0
BRDA:112,14,1,0
BRDA:117,15,0,0
BRDA:117,15,1,0
BRDA:117,16,0,0
BRDA:117,16,1,0
BRDA:117,16,2,0
BRF:36
BRH:17
end_of_record
TN:
SF:app/modules/employee/models/index.ts
FNF:0
FNH:0
LF:0
LH:0
BRF:0
BRH:0
end_of_record
TN:
SF:app/modules/employee/services/EmployeeStorageService.ts
FN:21,(anonymous_0)
FN:29,(anonymous_1)
FN:31,(anonymous_2)
FN:32,(anonymous_3)
FN:40,(anonymous_4)
FN:42,(anonymous_5)
FN:43,(anonymous_6)
FN:51,(anonymous_7)
FN:53,(anonymous_8)
FN:54,(anonymous_9)
FN:62,(anonymous_10)
FN:75,(anonymous_11)
FN:89,(anonymous_12)
FN:117,(anonymous_13)
FN:147,(anonymous_14)
FN:155,(anonymous_15)
FN:206,(anonymous_16)
FN:220,(anonymous_17)
FN:260,(anonymous_18)
FN:265,(anonymous_19)
FN:303,(anonymous_20)
FN:308,(anonymous_21)
FN:319,(anonymous_22)
FN:342,(anonymous_23)
FN:345,(anonymous_24)
FN:359,(anonymous_25)
FN:364,(anonymous_26)
FN:386,(anonymous_27)
FN:391,(anonymous_28)
FN:414,(anonymous_29)
FN:428,(anonymous_30)
FN:441,(anonymous_31)
FNF:32
FNH:9
FNDA:25,(anonymous_0)
FNDA:9,(anonymous_1)
FNDA:0,(anonymous_2)
FNDA:9,(anonymous_3)
FNDA:1,(anonymous_4)
FNDA:0,(anonymous_5)
FNDA:1,(anonymous_6)
FNDA:1,(anonymous_7)
FNDA:0,(anonymous_8)
FNDA:1,(anonymous_9)
FNDA:0,(anonymous_10)
FNDA:0,(anonymous_11)
FNDA:0,(anonymous_12)
FNDA:8,(anonymous_13)
FNDA:0,(anonymous_14)
FNDA:0,(anonymous_15)
FNDA:0,(anonymous_16)
FNDA:0,(anonymous_17)
FNDA:0,(anonymous_18)
FNDA:0,(anonymous_19)
FNDA:0,(anonymous_20)
FNDA:0,(anonymous_21)
FNDA:0,(anonymous_22)
FNDA:6,(anonymous_23)
FNDA:0,(anonymous_24)
FNDA:0,(anonymous_25)
FNDA:0,(anonymous_26)
FNDA:0,(anonymous_27)
FNDA:0,(anonymous_28)
FNDA:0,(anonymous_29)
FNDA:0,(anonymous_30)
FNDA:0,(anonymous_31)
DA:11,18
DA:22,25
DA:30,9
DA:31,0
DA:32,9
DA:41,1
DA:42,0
DA:43,1
DA:52,1
DA:53,0
DA:54,1
DA:63,0
DA:64,0
DA:65,0
DA:67,0
DA:76,0
DA:77,0
DA:78,0
DA:80,0
DA:90,0
DA:92,0
DA:93,0
DA:96,0
DA:97,0
DA:98,0
DA:99,0
DA:102,0
DA:105,0
DA:107,0
DA:108,0
DA:109,0
DA:110,0
DA:118,8
DA:120,8
DA:121,8
DA:123,8
DA:124,0
DA:126,0
DA:127,0
DA:129,8
DA:130,8
DA:131,8
DA:132,8
DA:135,0
DA:136,0
DA:137,0
DA:138,0
DA:148,0
DA:156,0
DA:158,0
DA:161,0
DA:166,0
DA:167,0
DA:168,0
DA:169,0
DA:170,0
DA:171,0
DA:172,0
DA:176,0
DA:183,0
DA:184,0
DA:185,0
DA:186,0
DA:188,0
DA:192,0
DA:194,0
DA:195,0
DA:196,0
DA:197,0
DA:198,0
DA:207,0
DA:208,0
DA:211,0
DA:215,0
DA:216,0
DA:219,0
DA:220,0
DA:222,0
DA:223,0
DA:224,0
DA:225,0
DA:226,0
DA:227,0
DA:230,0
DA:237,0
DA:238,0
DA:239,0
DA:241,0
DA:245,0
DA:247,0
DA:248,0
DA:249,0
DA:250,0
DA:251,0
DA:261,0
DA:262,0
DA:264,0
DA:265,0
DA:267,0
DA:268,0
DA:269,0
DA:270,0
DA:271,0
DA:272,0
DA:275,0
DA:282,0
DA:283,0
DA:285,0
DA:289,0
DA:291,0
DA:292,0
DA:293,0
DA:294,0
DA:295,0
DA:304,0
DA:305,0
DA:307,0
DA:308,0
DA:310,0
DA:311,0
DA:312,0
DA:313,0
DA:314,0
DA:315,0
DA:318,0
DA:319,0
DA:321,0
DA:323,0
DA:327,0
DA:329,0
DA:330,0
DA:331,0
DA:332,0
DA:333,0
DA:343,6
DA:344,6
DA:345,6
DA:347,0
DA:348,0
DA:349,0
DA:350,0
DA:360,0
DA:361,0
DA:362,0
DA:364,0
DA:365,0
DA:366,0
DA:367,0
DA:370,0
DA:371,0
DA:373,0
DA:374,0
DA:375,0
DA:376,0
DA:387,0
DA:388,0
DA:389,0
DA:391,0
DA:392,0
DA:395,0
DA:396,0
DA:397,0
DA:400,0
DA:401,0
DA:403,0
DA:404,0
DA:405,0
DA:406,0
DA:415,0
DA:416,0
DA:417,0
DA:418,0
DA:420,0
DA:429,0
DA:430,0
DA:431,0
DA:433,0
DA:434,0
DA:442,0
DA:443,0
DA:444,0
DA:445,0
DA:447,0
DA:455,18
LF:184
LH:20
BRDA:31,0,0,0
BRDA:31,0,1,0
BRDA:32,1,0,9
BRDA:32,1,1,0
BRDA:42,2,0,0
BRDA:42,2,1,0
BRDA:43,3,0,1
BRDA:43,3,1,0
BRDA:53,4,0,0
BRDA:53,4,1,0
BRDA:89,5,0,0
BRDA:92,6,0,0
BRDA:92,6,1,0
BRDA:96,7,0,0
BRDA:96,7,1,0
BRDA:123,8,0,0
BRDA:123,8,1,8
BRDA:147,9,0,0
BRDA:161,10,0,0
BRDA:161,10,1,0
BRDA:167,11,0,0
BRDA:167,11,1,0
BRDA:178,12,0,0
BRDA:178,12,1,0
BRDA:179,13,0,0
BRDA:179,13,1,0
BRDA:211,14,0,0
BRDA:211,14,1,0
BRDA:215,15,0,0
BRDA:215,15,1,0
BRDA:222,16,0,0
BRDA:222,16,1,0
BRDA:267,17,0,0
BRDA:267,17,1,0
BRDA:310,18,0,0
BRDA:310,18,1,0
BRDA:345,19,0,6
BRDA:345,19,1,6
BRDA:362,20,0,0
BRDA:362,20,1,0
BRDA:365,21,0,0
BRDA:365,21,1,0
BRDA:389,22,0,0
BRDA:389,22,1,0
BRDA:392,23,0,0
BRDA:392,23,1,0
BRDA:395,24,0,0
BRDA:395,24,1,0
BRF:48
BRH:5
end_of_record
TN:
SF:app/modules/employee/services/index.ts
FNF:0
FNH:0
LF:0
LH:0
BRF:0
BRH:0
end_of_record
TN:
SF:app/modules/employee/store/employees_slice.ts
FN:40,(anonymous_0)
FN:48,(anonymous_1)
FN:56,(anonymous_2)
FN:64,(anonymous_3)
FN:72,(anonymous_4)
FN:79,(anonymous_5)
FN:87,(anonymous_6)
FNF:7
FNH:6
FNDA:21,(anonymous_0)
FNDA:9,(anonymous_1)
FNDA:1,(anonymous_2)
FNDA:1,(anonymous_3)
FNDA:1,(anonymous_4)
FNDA:0,(anonymous_5)
FNDA:1,(anonymous_6)
DA:21,20
DA:31,20
DA:41,21
DA:49,9
DA:57,1
DA:65,1
DA:73,1
DA:80,0
DA:88,1
DA:104,20
DA:106,20
LF:11
LH:10
BRF:0
BRH:0
end_of_record
TN:
SF:app/modules/employee/store/reducers/addEmployeeReducer.ts
FN:12,addEmployeeReducer
FNF:1
FNH:1
FNDA:1,addEmployeeReducer
DA:13,1
DA:14,1
LF:2
LH:2
BRF:0
BRH:0
end_of_record
TN:
SF:app/modules/employee/store/reducers/deleteEmployeeReducer.ts
FN:10,(anonymous_0)
FN:15,(anonymous_1)
FNF:2
FNH:2
FNDA:1,(anonymous_0)
FNDA:2,(anonymous_1)
DA:10,20
DA:14,1
DA:15,2
DA:16,1
LF:4
LH:4
BRF:0
BRH:0
end_of_record
TN:
SF:app/modules/employee/store/reducers/index.ts
FNF:0
FNH:0
LF:0
LH:0
BRF:0
BRH:0
end_of_record
TN:
SF:app/modules/employee/store/reducers/resetEmployeesReducer.ts
FN:9,resetEmployeesReducer
FNF:1
FNH:0
FNDA:0,resetEmployeesReducer
DA:10,0
DA:11,0
DA:12,0
DA:13,0
LF:4
LH:0
BRF:0
BRH:0
end_of_record
TN:
SF:app/modules/employee/store/reducers/setEmployeeErrorReducer.ts
FN:11,setEmployeeErrorReducer
FNF:1
FNH:1
FNDA:1,setEmployeeErrorReducer
DA:12,1
LF:1
LH:1
BRF:0
BRH:0
end_of_record
TN:
SF:app/modules/employee/store/reducers/setEmployeeJustAddedReducer.ts
FN:12,setEmployeeJustAddedReducer
FNF:1
FNH:1
FNDA:1,setEmployeeJustAddedReducer
DA:13,1
LF:1
LH:1
BRF:0
BRH:0
end_of_record
TN:
SF:app/modules/employee/store/reducers/setEmployeesLoadingReducer.ts
FN:25,setEmployeesLoadingReducer
FNF:1
FNH:1
FNDA:21,setEmployeesLoadingReducer
DA:26,21
LF:1
LH:1
BRF:0
BRH:0
end_of_record
TN:
SF:app/modules/employee/store/reducers/setEmployeesReducer.ts
FN:12,setEmployeesReducer
FNF:1
FNH:1
FNDA:9,setEmployeesReducer
DA:13,9
LF:1
LH:1
BRF:0
BRH:0
end_of_record
TN:
SF:app/modules/employee/views/EmployeesAddView.tsx
FN:22,EmployeesAddView
FN:59,(anonymous_1)
FN:99,(anonymous_2)
FN:110,(anonymous_3)
FN:119,(anonymous_4)
FN:127,(anonymous_5)
FNF:6
FNH:2
FNDA:1,EmployeesAddView
FNDA:0,(anonymous_1)
FNDA:1,(anonymous_2)
FNDA:0,(anonymous_3)
FNDA:0,(anonymous_4)
FNDA:0,(anonymous_5)
DA:15,2
DA:23,1
DA:24,1
DA:29,1
DA:37,1
DA:42,1
DA:59,1
DA:60,0
DA:61,0
DA:63,0
DA:64,0
DA:66,0
DA:67,0
DA:68,0
DA:69,0
DA:70,0
DA:71,0
DA:72,0
DA:74,0
DA:79,0
DA:82,0
DA:83,0
DA:84,0
DA:86,0
DA:87,0
DA:88,0
DA:90,0
DA:99,1
DA:100,1
DA:110,1
DA:111,0
DA:112,0
DA:119,1
DA:120,0
DA:121,0
DA:127,1
DA:128,0
DA:131,1
LF:38
LH:13
BRDA:63,0,0,0
BRDA:63,0,1,0
BRDA:71,1,0,0
BRDA:71,1,1,0
BRDA:71,2,0,0
BRDA:71,2,1,0
BRDA:82,3,0,0
BRDA:82,3,1,0
BRF:8
BRH:0
end_of_record
TN:
SF:app/modules/employee/views/EmployeesEditView.tsx
FN:24,EmployeesEditView
FN:28,(anonymous_1)
FN:36,(anonymous_2)
FN:62,(anonymous_3)
FN:72,(anonymous_4)
FN:73,(anonymous_5)
FN:105,(anonymous_6)
FN:117,(anonymous_7)
FN:159,(anonymous_8)
FN:164,(anonymous_9)
FN:179,(anonymous_10)
FNF:11
FNH:4
FNDA:3,EmployeesEditView
FNDA:0,(anonymous_1)
FNDA:0,(anonymous_2)
FNDA:0,(anonymous_3)
FNDA:2,(anonymous_4)
FNDA:2,(anonymous_5)
FNDA:2,(anonymous_6)
FNDA:0,(anonymous_7)
FNDA:0,(anonymous_8)
FNDA:0,(anonymous_9)
FNDA:0,(anonymous_10)
DA:17,1
DA:28,3
DA:29,0
DA:30,0
DA:36,3
DA:37,0
DA:43,3
DA:47,3
DA:48,3
DA:50,3
DA:51,3
DA:52,3
DA:57,3
DA:62,3
DA:63,0
DA:64,0
DA:65,0
DA:72,3
DA:73,2
DA:74,2
DA:75,2
DA:76,2
DA:77,2
DA:79,0
DA:80,0
DA:81,0
DA:82,0
DA:83,0
DA:84,0
DA:85,0
DA:86,0
DA:87,0
DA:88,0
DA:89,0
DA:91,0
DA:92,0
DA:93,0
DA:96,0
DA:97,0
DA:98,0
DA:100,0
DA:103,2
DA:105,2
DA:106,2
DA:107,0
DA:108,0
DA:117,3
DA:118,0
DA:119,0
DA:120,0
DA:122,0
DA:123,0
DA:125,0
DA:126,0
DA:127,0
DA:128,0
DA:129,0
DA:130,0
DA:131,0
DA:132,0
DA:133,0
DA:135,0
DA:140,0
DA:143,0
DA:144,0
DA:145,0
DA:147,0
DA:148,0
DA:149,0
DA:151,0
DA:159,3
DA:160,0
DA:161,0
DA:163,0
DA:164,0
DA:166,0
DA:167,0
DA:171,0
DA:179,3
DA:180,0
DA:181,0
DA:188,3
DA:189,0
DA:212,3
DA:213,3
DA:228,0
DA:230,0
LF:87
LH:26
BRDA:63,0,0,0
BRDA:63,0,1,0
BRDA:74,1,0,2
BRDA:74,1,1,0
BRDA:83,2,0,0
BRDA:83,2,1,0
BRDA:87,3,0,0
BRDA:87,3,1,0
BRDA:106,4,0,0
BRDA:106,4,1,2
BRDA:118,5,0,0
BRDA:118,5,1,0
BRDA:118,6,0,0
BRDA:118,6,1,0
BRDA:131,7,0,0
BRDA:131,7,1,0
BRDA:131,8,0,0
BRDA:131,8,1,0
BRDA:143,9,0,0
BRDA:143,9,1,0
BRDA:160,10,0,0
BRDA:160,10,1,0
BRDA:166,11,0,0
BRDA:166,11,1,0
BRDA:188,12,0,0
BRDA:188,12,1,3
BRDA:188,13,0,3
BRDA:188,13,1,0
BRDA:212,14,0,3
BRDA:212,14,1,0
BRDA:237,15,0,0
BRDA:237,15,1,0
BRDA:238,16,0,0
BRDA:238,16,1,0
BRDA:239,17,0,0
BRDA:239,17,1,0
BRDA:240,18,0,0
BRDA:240,18,1,0
BRDA:241,19,0,0
BRDA:241,19,1,0
BRDA:242,20,0,0
BRDA:242,20,1,0
BRDA:243,21,0,0
BRDA:243,21,1,0
BRDA:244,22,0,0
BRDA:244,22,1,0
BRDA:245,23,0,0
BRDA:245,23,1,0
BRF:48
BRH:5
end_of_record
TN:
SF:app/modules/employee/views/EmployeesListView.tsx
FN:21,(anonymous_0)
FN:31,(anonymous_1)
FN:38,(anonymous_2)
FN:47,(anonymous_3)
FN:56,(anonymous_4)
FN:64,(anonymous_5)
FN:114,(anonymous_6)
FN:115,(anonymous_7)
FNF:8
FNH:3
FNDA:5,(anonymous_0)
FNDA:5,(anonymous_1)
FNDA:5,(anonymous_2)
FNDA:0,(anonymous_3)
FNDA:0,(anonymous_4)
FNDA:0,(anonymous_5)
FNDA:0,(anonymous_6)
FNDA:0,(anonymous_7)
DA:14,2
DA:21,2
DA:22,5
DA:25,5
DA:26,5
DA:31,5
DA:32,5
DA:38,5
DA:39,5
DA:40,1
DA:47,5
DA:48,0
DA:49,0
DA:56,5
DA:57,0
DA:58,0
DA:64,5
DA:65,0
DA:66,0
DA:69,5
DA:115,0
DA:116,0
DA:117,0
LF:23
LH:14
BRDA:39,0,0,1
BRDA:39,0,1,4
BRDA:39,1,0,5
BRDA:39,1,1,2
BRDA:79,2,0,1
BRDA:79,2,1,4
BRDA:84,3,0,1
BRDA:84,3,1,4
BRDA:109,4,0,1
BRDA:109,4,1,4
BRDA:116,5,0,0
BRDA:116,5,1,0
BRF:12
BRH:10
end_of_record
TN:
SF:app/pages/_layout._index.tsx
FN:9,(anonymous_0)
FNF:1
FNH:1
FNDA:1,(anonymous_0)
DA:9,1
DA:10,1
LF:2
LH:2
BRF:0
BRH:0
end_of_record
TN:
SF:app/pages/_layout.employees._index.tsx
FN:3,(anonymous_0)
FN:8,(anonymous_1)
FNF:2
FNH:2
FNDA:1,(anonymous_0)
FNDA:1,(anonymous_1)
DA:3,1
DA:8,1
DA:9,1
LF:3
LH:3
BRF:0
BRH:0
end_of_record
TN:
SF:app/pages/_layout.employees.add.tsx
FN:3,(anonymous_0)
FN:10,(anonymous_1)
FNF:2
FNH:2
FNDA:1,(anonymous_0)
FNDA:1,(anonymous_1)
DA:3,1
DA:10,1
DA:11,1
LF:3
LH:3
BRF:0
BRH:0
end_of_record
TN:
SF:app/pages/_layout.tsx
FN:11,RootLayout
FNF:1
FNH:1
FNDA:1,RootLayout
DA:12,1
LF:1
LH:1
BRF:0
BRH:0
end_of_record
TN:
SF:app/services/api/ApiConsumer.ts
FN:71,(anonymous_0)
FN:82,(anonymous_1)
FN:91,(anonymous_2)
FN:99,(anonymous_3)
FN:114,(anonymous_4)
FN:154,(anonymous_5)
FNF:6
FNH:6
FNDA:18,(anonymous_0)
FNDA:7,(anonymous_1)
FNDA:6,(anonymous_2)
FNDA:5,(anonymous_3)
FNDA:4,(anonymous_4)
FNDA:1,(anonymous_5)
DA:19,20
DA:72,18
DA:73,18
DA:74,18
DA:75,18
DA:83,7
DA:84,1
DA:92,6
DA:100,5
DA:115,4
DA:116,4
DA:118,2
DA:120,2
DA:121,1
DA:126,1
DA:132,1
DA:134,2
DA:135,1
DA:141,1
DA:144,1
DA:155,1
DA:157,1
DA:163,1
DA:164,0
DA:167,1
DA:168,0
DA:171,1
DA:172,0
DA:175,1
DA:176,0
DA:179,1
DA:180,0
DA:183,1
LF:33
LH:28
BRDA:71,0,0,5
BRDA:83,1,0,6
BRDA:83,1,1,1
BRDA:120,2,0,1
BRDA:120,2,1,1
BRDA:134,3,0,1
BRDA:134,3,1,1
BRDA:159,4,0,1
BRDA:159,4,1,0
BRDA:163,5,0,0
BRDA:163,5,1,1
BRDA:163,6,0,1
BRDA:163,6,1,1
BRDA:167,7,0,0
BRDA:167,7,1,1
BRDA:167,8,0,1
BRDA:167,8,1,1
BRDA:171,9,0,0
BRDA:171,9,1,1
BRDA:171,10,0,1
BRDA:171,10,1,1
BRDA:175,11,0,0
BRDA:175,11,1,1
BRDA:175,12,0,1
BRDA:175,12,1,1
BRDA:179,13,0,0
BRDA:179,13,1,1
BRDA:179,14,0,1
BRDA:179,14,1,1
BRDA:184,15,0,1
BRDA:184,15,1,0
BRF:31
BRH:24
end_of_record
TN:
SF:app/services/api/clients/hrnetApiClient.ts
FN:29,(anonymous_0)
FN:40,(anonymous_1)
FN:43,(anonymous_2)
FNF:3
FNH:0
FNDA:0,(anonymous_0)
FNDA:0,(anonymous_1)
FNDA:0,(anonymous_2)
DA:24,21
DA:29,21
DA:30,0
DA:33,0
DA:34,0
DA:36,0
DA:39,21
DA:41,0
DA:45,0
DA:51,0
LF:10
LH:3
BRDA:25,0,0,21
BRDA:25,0,1,0
BRDA:30,1,0,0
BRDA:30,1,1,0
BRDA:49,2,0,0
BRDA:49,2,1,0
BRF:6
BRH:1
end_of_record
TN:
SF:app/services/api/clients/index.ts
FNF:0
FNH:0
LF:0
LH:0
BRF:0
BRH:0
end_of_record
TN:
SF:app/services/api/consumers/EmployeeApiConsumer.ts
FN:47,(anonymous_0)
FNF:1
FNH:1
FNDA:10,(anonymous_0)
DA:48,10
LF:1
LH:1
BRDA:47,0,0,4
BRF:1
BRH:1
end_of_record
TN:
SF:app/services/api/consumers/index.ts
FNF:0
FNH:0
LF:0
LH:0
BRF:0
BRH:0
end_of_record
TN:
SF:app/services/api/enums/ApiHttpMethodEnum.ts
FNF:0
FNH:0
LF:0
LH:0
BRF:0
BRH:0
end_of_record
TN:
SF:app/services/api/errors/ApiError.ts
FN:41,(anonymous_0)
FNF:1
FNH:1
FNDA:16,(anonymous_0)
DA:42,16
DA:43,16
DA:44,16
DA:45,16
DA:46,16
DA:47,16
DA:49,16
LF:7
LH:7
BRDA:41,0,0,0
BRDA:41,1,0,0
BRDA:41,2,0,2
BRF:3
BRH:1
end_of_record
TN:
SF:app/services/api/errors/BadRequestApiError.ts
FN:20,(anonymous_0)
FNF:1
FNH:1
FNDA:2,(anonymous_0)
DA:21,2
LF:1
LH:1
BRF:0
BRH:0
end_of_record
TN:
SF:app/services/api/errors/ConflictApiError.ts
FN:20,(anonymous_0)
FNF:1
FNH:1
FNDA:1,(anonymous_0)
DA:21,1
LF:1
LH:1
BRF:0
BRH:0
end_of_record
TN:
SF:app/services/api/errors/ForbiddenApiError.ts
FN:21,(anonymous_0)
FNF:1
FNH:1
FNDA:1,(anonymous_0)
DA:22,1
LF:1
LH:1
BRF:0
BRH:0
end_of_record
TN:
SF:app/services/api/errors/GeneralApiError.ts
FN:25,(anonymous_0)
FNF:1
FNH:1
FNDA:2,(anonymous_0)
DA:26,2
DA:29,2
DA:31,0
DA:32,0
DA:34,0
DA:35,0
DA:37,0
DA:38,0
DA:40,2
DA:41,2
LF:10
LH:4
BRDA:26,0,0,2
BRDA:26,0,1,0
BRDA:29,1,0,0
BRDA:29,1,1,0
BRDA:29,1,2,0
BRDA:29,1,3,2
BRDA:40,2,0,2
BRDA:40,2,1,0
BRF:8
BRH:3
end_of_record
TN:
SF:app/services/api/errors/InternalServerApiError.ts
FN:21,(anonymous_0)
FNF:1
FNH:1
FNDA:2,(anonymous_0)
DA:22,2
LF:1
LH:1
BRF:0
BRH:0
end_of_record
TN:
SF:app/services/api/errors/NotFoundApiError.ts
FN:23,(anonymous_0)
FNF:1
FNH:1
FNDA:7,(anonymous_0)
DA:24,7
DA:25,7
LF:2
LH:2
BRDA:24,0,0,7
BRDA:24,0,1,0
BRF:2
BRH:1
end_of_record
TN:
SF:app/services/api/errors/UnauthorizedApiError.ts
FN:21,(anonymous_0)
FNF:1
FNH:1
FNDA:1,(anonymous_0)
DA:22,1
LF:1
LH:1
BRF:0
BRH:0
end_of_record
TN:
SF:app/services/api/errors/UnprocessableEntityApiError.ts
FN:7,(anonymous_0)
FNF:1
FNH:0
FNDA:0,(anonymous_0)
DA:8,0
LF:1
LH:0
BRDA:7,0,0,0
BRDA:7,1,0,0
BRF:2
BRH:0
end_of_record
TN:
SF:app/services/api/errors/index.ts
FNF:0
FNH:0
LF:0
LH:0
BRF:0
BRH:0
end_of_record
TN:
SF:app/services/api/models/ApiResourceModel.ts
FN:28,(anonymous_0)
FN:42,(anonymous_1)
FN:58,(anonymous_2)
FN:66,(anonymous_3)
FN:75,(anonymous_4)
FN:84,(anonymous_5)
FNF:6
FNH:1
FNDA:5,(anonymous_0)
FNDA:0,(anonymous_1)
FNDA:0,(anonymous_2)
FNDA:0,(anonymous_3)
FNDA:0,(anonymous_4)
FNDA:0,(anonymous_5)
DA:29,5
DA:30,5
DA:31,5
DA:32,5
DA:33,5
DA:34,5
DA:35,5
DA:43,0
DA:59,0
DA:67,0
DA:68,0
DA:76,0
DA:77,0
DA:85,0
LF:14
LH:7
BRDA:29,0,0,5
BRDA:29,0,1,0
BRDA:67,1,0,0
BRDA:67,1,1,0
BRDA:76,2,0,0
BRDA:76,2,1,0
BRF:6
BRH:1
end_of_record
TN:
SF:app/services/storages/AppIndexedDBStorage.ts
FN:18,(anonymous_0)
FN:22,(anonymous_1)
FN:29,(anonymous_2)
FN:30,(anonymous_3)
FN:38,(anonymous_4)
FN:45,(anonymous_5)
FN:46,(anonymous_6)
FN:50,(anonymous_7)
FN:60,(anonymous_8)
FN:70,(anonymous_9)
FN:72,(anonymous_10)
FN:73,(anonymous_11)
FN:82,(anonymous_12)
FN:90,(anonymous_13)
FN:92,(anonymous_14)
FN:93,(anonymous_15)
FN:109,(anonymous_16)
FN:117,(anonymous_17)
FN:119,(anonymous_18)
FN:120,(anonymous_19)
FN:128,(anonymous_20)
FN:136,(anonymous_21)
FN:138,(anonymous_22)
FN:139,(anonymous_23)
FN:148,(anonymous_24)
FN:156,(anonymous_25)
FN:158,(anonymous_26)
FN:159,(anonymous_27)
FNF:28
FNH:16
FNDA:13,(anonymous_0)
FNDA:0,(anonymous_1)
FNDA:0,(anonymous_2)
FNDA:0,(anonymous_3)
FNDA:0,(anonymous_4)
FNDA:0,(anonymous_5)
FNDA:0,(anonymous_6)
FNDA:0,(anonymous_7)
FNDA:1,(anonymous_8)
FNDA:1,(anonymous_9)
FNDA:1,(anonymous_10)
FNDA:0,(anonymous_11)
FNDA:9,(anonymous_12)
FNDA:1,(anonymous_13)
FNDA:1,(anonymous_14)
FNDA:0,(anonymous_15)
FNDA:1,(anonymous_16)
FNDA:1,(anonymous_17)
FNDA:1,(anonymous_18)
FNDA:0,(anonymous_19)
FNDA:1,(anonymous_20)
FNDA:1,(anonymous_21)
FNDA:1,(anonymous_22)
FNDA:0,(anonymous_23)
FNDA:1,(anonymous_24)
FNDA:1,(anonymous_25)
FNDA:1,(anonymous_26)
FNDA:0,(anonymous_27)
DA:9,20
DA:11,20
DA:12,20
DA:13,20
DA:16,20
DA:19,13
DA:23,0
DA:24,0
DA:26,0
DA:30,0
DA:31,0
DA:32,0
DA:33,0
DA:36,0
DA:38,0
DA:39,0
DA:40,0
DA:41,0
DA:45,0
DA:46,0
DA:51,0
DA:52,0
DA:55,0
DA:56,0
DA:57,0
DA:61,1
DA:62,0
DA:63,0
DA:66,1
DA:67,1
DA:68,1
DA:70,1
DA:71,1
DA:72,1
DA:73,1
DA:76,1
DA:78,0
DA:83,9
DA:84,8
DA:85,8
DA:88,1
DA:89,1
DA:90,1
DA:91,1
DA:92,1
DA:93,1
DA:96,1
DA:97,0
DA:100,1
DA:101,1
DA:102,1
DA:104,0
DA:105,0
DA:110,1
DA:111,0
DA:112,0
DA:115,1
DA:116,1
DA:117,1
DA:118,1
DA:119,1
DA:120,1
DA:122,1
DA:124,0
DA:129,1
DA:130,0
DA:131,0
DA:134,1
DA:135,1
DA:136,1
DA:137,1
DA:138,1
DA:139,1
DA:141,1
DA:143,0
DA:144,0
DA:149,1
DA:150,0
DA:151,0
DA:154,1
DA:155,1
DA:156,1
DA:157,1
DA:158,1
DA:159,1
DA:161,1
DA:163,0
LF:87
LH:52
BRDA:19,0,0,13
BRDA:19,0,1,13
BRDA:23,1,0,0
BRDA:23,1,1,0
BRDA:31,2,0,0
BRDA:31,2,1,0
BRDA:40,3,0,0
BRDA:40,3,1,0
BRDA:51,4,0,0
BRDA:51,4,1,0
BRDA:61,5,0,0
BRDA:61,5,1,1
BRDA:83,6,0,8
BRDA:83,6,1,1
BRDA:96,7,0,0
BRDA:96,7,1,1
BRDA:110,8,0,0
BRDA:110,8,1,1
BRDA:129,9,0,0
BRDA:129,9,1,1
BRDA:149,10,0,0
BRDA:149,10,1,1
BRF:22
BRH:9
end_of_record
TN:
SF:app/services/storages/AppLocalStorage.ts
FN:30,(anonymous_0)
FN:47,(anonymous_1)
FN:73,(anonymous_2)
FN:87,(anonymous_3)
FN:95,(anonymous_4)
FN:98,(anonymous_5)
FN:99,(anonymous_6)
FNF:7
FNH:7
FNDA:5,(anonymous_0)
FNDA:4,(anonymous_1)
FNDA:1,(anonymous_2)
FNDA:4,(anonymous_3)
FNDA:1,(anonymous_4)
FNDA:2,(anonymous_5)
FNDA:2,(anonymous_6)
DA:12,1
DA:18,1
DA:23,1
DA:31,5
DA:32,5
DA:33,5
DA:34,5
DA:35,5
DA:36,5
DA:38,0
DA:48,4
DA:49,4
DA:50,4
DA:53,2
DA:54,1
DA:55,1
DA:56,1
DA:57,1
DA:58,1
DA:60,1
DA:61,1
DA:64,0
DA:65,0
DA:74,1
DA:75,1
DA:76,1
DA:78,0
DA:88,4
DA:96,1
DA:97,1
DA:98,2
DA:99,2
DA:100,1
DA:102,0
LF:34
LH:29
BRDA:50,0,0,2
BRDA:50,0,1,2
BRDA:53,1,0,1
BRDA:53,1,1,1
BRF:4
BRH:4
end_of_record
TN:
SF:app/services/storages/AppSessionStorage.ts
FN:39,(anonymous_0)
FN:63,(anonymous_1)
FN:98,(anonymous_2)
FN:112,(anonymous_3)
FN:120,(anonymous_4)
FN:124,(anonymous_5)
FN:125,(anonymous_6)
FN:136,(anonymous_7)
FN:144,(anonymous_8)
FN:152,(anonymous_9)
FN:160,(anonymous_10)
FN:168,(anonymous_11)
FN:175,(anonymous_12)
FNF:13
FNH:12
FNDA:10,(anonymous_0)
FNDA:7,(anonymous_1)
FNDA:3,(anonymous_2)
FNDA:3,(anonymous_3)
FNDA:1,(anonymous_4)
FNDA:2,(anonymous_5)
FNDA:2,(anonymous_6)
FNDA:3,(anonymous_7)
FNDA:3,(anonymous_8)
FNDA:0,(anonymous_9)
FNDA:2,(anonymous_10)
FNDA:1,(anonymous_11)
FNDA:1,(anonymous_12)
DA:11,20
DA:17,20
DA:22,20
DA:27,20
DA:32,20
DA:40,10
DA:42,10
DA:45,10
DA:48,10
DA:51,10
DA:52,10
DA:54,0
DA:64,7
DA:65,7
DA:67,7
DA:68,2
DA:72,5
DA:74,4
DA:77,4
DA:80,4
DA:81,4
DA:82,4
DA:85,1
DA:86,1
DA:89,0
DA:90,0
DA:99,3
DA:100,3
DA:101,3
DA:103,0
DA:113,3
DA:121,1
DA:123,1
DA:124,2
DA:125,2
DA:126,1
DA:128,0
DA:137,3
DA:145,3
DA:153,0
DA:161,2
DA:169,1
DA:176,1
DA:177,1
DA:178,1
LF:45
LH:39
BRDA:67,0,0,2
BRDA:67,0,1,5
BRDA:72,1,0,4
BRDA:72,1,1,1
BRF:4
BRH:4
end_of_record
TN:
SF:app/services/storages/AppStorageService.ts
FN:40,(anonymous_0)
FN:48,(anonymous_1)
FN:57,(anonymous_2)
FN:67,(anonymous_3)
FN:95,(anonymous_4)
FN:142,(anonymous_5)
FN:156,(anonymous_6)
FN:160,(anonymous_7)
FN:161,(anonymous_8)
FN:164,(anonymous_9)
FN:165,(anonymous_10)
FN:176,(anonymous_11)
FNF:12
FNH:12
FNDA:40,(anonymous_0)
FNDA:21,(anonymous_1)
FNDA:18,(anonymous_2)
FNDA:3,(anonymous_3)
FNDA:4,(anonymous_4)
FNDA:2,(anonymous_5)
FNDA:2,(anonymous_6)
FNDA:10,(anonymous_7)
FNDA:2,(anonymous_8)
FNDA:5,(anonymous_9)
FNDA:1,(anonymous_10)
FNDA:1,(anonymous_11)
DA:31,19
DA:41,40
DA:42,40
DA:49,21
DA:58,18
DA:68,3
DA:69,3
DA:70,1
DA:71,1
DA:74,3
DA:75,3
DA:76,3
DA:77,2
DA:78,1
DA:80,1
DA:81,1
DA:84,1
DA:96,4
DA:98,4
DA:100,4
DA:101,3
DA:102,1
DA:104,1
DA:105,1
DA:107,1
DA:111,2
DA:112,2
DA:113,1
DA:114,1
DA:115,1
DA:118,1
DA:119,1
DA:123,1
DA:124,1
DA:125,1
DA:126,1
DA:127,1
DA:131,0
DA:133,1
DA:134,1
DA:143,2
DA:144,2
DA:145,2
DA:146,2
DA:147,1
DA:149,1
DA:157,2
DA:158,2
DA:159,2
DA:160,10
DA:161,2
DA:163,1
DA:164,5
DA:165,1
DA:167,1
DA:169,1
DA:177,1
DA:178,1
DA:179,1
LF:59
LH:58
BRDA:67,0,0,0
BRDA:69,1,0,1
BRDA:69,1,1,2
BRDA:74,2,0,0
BRDA:76,3,0,2
BRDA:76,3,1,1
BRDA:95,4,0,1
BRDA:101,5,0,1
BRDA:101,5,1,2
BRDA:104,6,0,1
BRDA:104,6,1,0
BRDA:112,7,0,1
BRDA:112,7,1,1
BRDA:114,8,0,1
BRDA:114,8,1,0
BRDA:123,9,0,1
BRDA:123,9,1,0
BRDA:125,10,0,1
BRDA:125,10,1,0
BRF:19
BRH:13
end_of_record
TN:
SF:app/store/index.ts
FN:48,(anonymous_0)
FNF:1
FNH:1
FNDA:19,(anonymous_0)
DA:22,19
DA:34,19
DA:46,19
DA:48,19
DA:68,19
DA:69,19
DA:71,0
LF:7
LH:6
BRDA:68,0,0,19
BRDA:68,0,1,0
BRF:2
BRH:1
end_of_record
TN:
SF:app/store/hooks/useAppDispatch.ts
FN:23,(anonymous_0)
FNF:1
FNH:1
FNDA:1,(anonymous_0)
DA:23,5
LF:1
LH:1
BRF:0
BRH:0
end_of_record
TN:
SF:app/store/hooks/useAppSelector.ts
FNF:0
FNH:0
DA:20,4
LF:1
LH:1
BRF:0
BRH:0
end_of_record
TN:
SF:app/utils/logger.ts
FN:23,(anonymous_0)
FN:34,(anonymous_1)
FN:43,(anonymous_2)
FN:52,(anonymous_3)
FN:61,(anonymous_4)
FN:70,(anonymous_5)
FN:91,(anonymous_6)
FNF:7
FNH:6
FNDA:188,(anonymous_0)
FNDA:84,(anonymous_1)
FNDA:0,(anonymous_2)
FNDA:8,(anonymous_3)
FNDA:20,(anonymous_4)
FNDA:9,(anonymous_5)
FNDA:158,(anonymous_6)
DA:24,188
DA:25,188
DA:26,188
DA:35,84
DA:44,0
DA:53,8
DA:62,20
DA:71,9
DA:72,9
DA:81,30
DA:91,30
DA:92,158
LF:12
LH:11
BRDA:23,0,0,0
BRDA:23,1,0,0
BRDA:35,2,0,84
BRDA:35,2,1,0
BRDA:44,3,0,0
BRDA:44,3,1,0
BRDA:53,4,0,8
BRDA:53,4,1,0
BRDA:62,5,0,20
BRDA:62,5,1,0
BRDA:71,6,0,9
BRDA:71,6,1,0
BRF:12
BRH:4
end_of_record
